07-Jul-2019 17:12:42.319 INFO [main] org.apache.catalina.startup.VersionLoggerListener.log Server version:        Apache Tomcat/8.5.42
07-Jul-2019 17:12:42.329 INFO [main] org.apache.catalina.startup.VersionLoggerListener.log Server built:          Jun 4 2019 20:29:04 UTC
07-Jul-2019 17:12:42.329 INFO [main] org.apache.catalina.startup.VersionLoggerListener.log Server number:         8.5.42.0
07-Jul-2019 17:12:42.329 INFO [main] org.apache.catalina.startup.VersionLoggerListener.log OS Name:               Windows 10
07-Jul-2019 17:12:42.329 INFO [main] org.apache.catalina.startup.VersionLoggerListener.log OS Version:            10.0
07-Jul-2019 17:12:42.329 INFO [main] org.apache.catalina.startup.VersionLoggerListener.log Architecture:          amd64
07-Jul-2019 17:12:42.329 INFO [main] org.apache.catalina.startup.VersionLoggerListener.log Java Home:             C:\Program Files\Java\jdk1.8.0_151\jre
07-Jul-2019 17:12:42.329 INFO [main] org.apache.catalina.startup.VersionLoggerListener.log JVM Version:           1.8.0_151-b12
07-Jul-2019 17:12:42.329 INFO [main] org.apache.catalina.startup.VersionLoggerListener.log JVM Vendor:            Oracle Corporation
07-Jul-2019 17:12:42.329 INFO [main] org.apache.catalina.startup.VersionLoggerListener.log CATALINA_BASE:         D:\1248515\javaServerSide\tomcat\apache-tomcat-8.5.42\apache-tomcat-8.5.42
07-Jul-2019 17:12:42.329 INFO [main] org.apache.catalina.startup.VersionLoggerListener.log CATALINA_HOME:         D:\1248515\javaServerSide\tomcat\apache-tomcat-8.5.42\apache-tomcat-8.5.42
07-Jul-2019 17:12:42.329 INFO [main] org.apache.catalina.startup.VersionLoggerListener.log Command line argument: -Djava.util.logging.config.file=D:\1248515\javaServerSide\tomcat\apache-tomcat-8.5.42\apache-tomcat-8.5.42\conf\logging.properties
07-Jul-2019 17:12:42.329 INFO [main] org.apache.catalina.startup.VersionLoggerListener.log Command line argument: -Djava.util.logging.manager=org.apache.juli.ClassLoaderLogManager
07-Jul-2019 17:12:42.329 INFO [main] org.apache.catalina.startup.VersionLoggerListener.log Command line argument: -Dhttp.nonProxyHosts=localhost|127.0.0.1|DESKTOP-O0VLSEU
07-Jul-2019 17:12:42.329 INFO [main] org.apache.catalina.startup.VersionLoggerListener.log Command line argument: -Djdk.tls.ephemeralDHKeySize=2048
07-Jul-2019 17:12:42.329 INFO [main] org.apache.catalina.startup.VersionLoggerListener.log Command line argument: -Djava.protocol.handler.pkgs=org.apache.catalina.webresources
07-Jul-2019 17:12:42.329 INFO [main] org.apache.catalina.startup.VersionLoggerListener.log Command line argument: -Dignore.endorsed.dirs=
07-Jul-2019 17:12:42.329 INFO [main] org.apache.catalina.startup.VersionLoggerListener.log Command line argument: -Dcatalina.base=D:\1248515\javaServerSide\tomcat\apache-tomcat-8.5.42\apache-tomcat-8.5.42
07-Jul-2019 17:12:42.329 INFO [main] org.apache.catalina.startup.VersionLoggerListener.log Command line argument: -Dcatalina.home=D:\1248515\javaServerSide\tomcat\apache-tomcat-8.5.42\apache-tomcat-8.5.42
07-Jul-2019 17:12:42.329 INFO [main] org.apache.catalina.startup.VersionLoggerListener.log Command line argument: -Djava.io.tmpdir=D:\1248515\javaServerSide\tomcat\apache-tomcat-8.5.42\apache-tomcat-8.5.42\temp
07-Jul-2019 17:12:42.329 INFO [main] org.apache.catalina.core.AprLifecycleListener.lifecycleEvent The APR based Apache Tomcat Native library which allows optimal performance in production environments was not found on the java.library.path: [C:\Program Files\Java\jdk1.8.0_151\bin;C:\Windows\Sun\Java\bin;C:\Windows\system32;C:\Windows;C:\ProgramData\Oracle\Java\javapath;C:\Windows\system32;C:\Windows;C:\Windows\System32\Wbem;C:\Windows\System32\WindowsPowerShell\v1.0\;C:\Program Files\Microsoft SQL Server\Client SDK\ODBC\130\Tools\Binn\;C:\Program Files (x86)\Microsoft SQL Server\130\Tools\Binn\;C:\Program Files\Microsoft SQL Server\130\Tools\Binn\;C:\Program Files\Microsoft SQL Server\130\DTS\Binn\;C:\Program Files (x86)\Microsoft SQL Server\Client SDK\ODBC\130\Tools\Binn\;C:\Program Files (x86)\Microsoft SQL Server\140\Tools\Binn\;C:\Program Files (x86)\Microsoft SQL Server\140\DTS\Binn\;C:\Program Files (x86)\Microsoft SQL Server\140\Tools\Binn\ManagementStudio\;C:\Program Files\dotnet\;.]
07-Jul-2019 17:12:42.576 INFO [main] org.apache.coyote.AbstractProtocol.init Initializing ProtocolHandler ["http-nio-8080"]
07-Jul-2019 17:12:42.745 INFO [main] org.apache.tomcat.util.net.NioSelectorPool.getSharedSelector Using a shared selector for servlet write/read
07-Jul-2019 17:12:42.777 INFO [main] org.apache.coyote.AbstractProtocol.init Initializing ProtocolHandler ["ajp-nio-8009"]
07-Jul-2019 17:12:42.777 INFO [main] org.apache.tomcat.util.net.NioSelectorPool.getSharedSelector Using a shared selector for servlet write/read
07-Jul-2019 17:12:42.777 INFO [main] org.apache.catalina.startup.Catalina.load Initialization processed in 972 ms
07-Jul-2019 17:12:42.930 INFO [main] org.apache.catalina.core.StandardService.startInternal Starting service [Catalina]
07-Jul-2019 17:12:42.930 INFO [main] org.apache.catalina.core.StandardEngine.startInternal Starting Servlet Engine: Apache Tomcat/8.5.42
07-Jul-2019 17:12:42.946 INFO [localhost-startStop-1] org.apache.catalina.startup.HostConfig.deployDirectory Deploying web application directory [D:\1248515\javaServerSide\tomcat\apache-tomcat-8.5.42\apache-tomcat-8.5.42\webapps\docs]
07-Jul-2019 17:12:43.479 INFO [localhost-startStop-1] org.apache.catalina.startup.HostConfig.deployDirectory Deployment of web application directory [D:\1248515\javaServerSide\tomcat\apache-tomcat-8.5.42\apache-tomcat-8.5.42\webapps\docs] has finished in [533] ms
07-Jul-2019 17:12:43.479 INFO [localhost-startStop-1] org.apache.catalina.startup.HostConfig.deployDirectory Deploying web application directory [D:\1248515\javaServerSide\tomcat\apache-tomcat-8.5.42\apache-tomcat-8.5.42\webapps\examples]
07-Jul-2019 17:12:43.868 INFO [localhost-startStop-1] org.apache.catalina.startup.HostConfig.deployDirectory Deployment of web application directory [D:\1248515\javaServerSide\tomcat\apache-tomcat-8.5.42\apache-tomcat-8.5.42\webapps\examples] has finished in [388] ms
07-Jul-2019 17:12:43.868 INFO [localhost-startStop-1] org.apache.catalina.startup.HostConfig.deployDirectory Deploying web application directory [D:\1248515\javaServerSide\tomcat\apache-tomcat-8.5.42\apache-tomcat-8.5.42\webapps\host-manager]
07-Jul-2019 17:12:43.917 INFO [localhost-startStop-1] org.apache.catalina.startup.HostConfig.deployDirectory Deployment of web application directory [D:\1248515\javaServerSide\tomcat\apache-tomcat-8.5.42\apache-tomcat-8.5.42\webapps\host-manager] has finished in [49] ms
07-Jul-2019 17:12:43.917 INFO [localhost-startStop-1] org.apache.catalina.startup.HostConfig.deployDirectory Deploying web application directory [D:\1248515\javaServerSide\tomcat\apache-tomcat-8.5.42\apache-tomcat-8.5.42\webapps\manager]
07-Jul-2019 17:12:43.987 INFO [localhost-startStop-1] org.apache.catalina.startup.HostConfig.deployDirectory Deployment of web application directory [D:\1248515\javaServerSide\tomcat\apache-tomcat-8.5.42\apache-tomcat-8.5.42\webapps\manager] has finished in [70] ms
07-Jul-2019 17:12:43.987 INFO [localhost-startStop-1] org.apache.catalina.startup.HostConfig.deployDirectory Deploying web application directory [D:\1248515\javaServerSide\tomcat\apache-tomcat-8.5.42\apache-tomcat-8.5.42\webapps\ROOT]
07-Jul-2019 17:12:44.028 INFO [localhost-startStop-1] org.apache.catalina.startup.HostConfig.deployDirectory Deployment of web application directory [D:\1248515\javaServerSide\tomcat\apache-tomcat-8.5.42\apache-tomcat-8.5.42\webapps\ROOT] has finished in [41] ms
07-Jul-2019 17:12:44.030 INFO [main] org.apache.coyote.AbstractProtocol.start Starting ProtocolHandler ["http-nio-8080"]
07-Jul-2019 17:12:44.036 INFO [main] org.apache.coyote.AbstractProtocol.start Starting ProtocolHandler ["ajp-nio-8009"]
07-Jul-2019 17:12:44.037 INFO [main] org.apache.catalina.startup.Catalina.start Server startup in 1247 ms
07-Jul-2019 18:06:20.952 INFO [main] org.apache.catalina.startup.VersionLoggerListener.log Server version:        Apache Tomcat/8.5.42
07-Jul-2019 18:06:20.968 INFO [main] org.apache.catalina.startup.VersionLoggerListener.log Server built:          Jun 4 2019 20:29:04 UTC
07-Jul-2019 18:06:20.968 INFO [main] org.apache.catalina.startup.VersionLoggerListener.log Server number:         8.5.42.0
07-Jul-2019 18:06:20.968 INFO [main] org.apache.catalina.startup.VersionLoggerListener.log OS Name:               Windows 10
07-Jul-2019 18:06:20.968 INFO [main] org.apache.catalina.startup.VersionLoggerListener.log OS Version:            10.0
07-Jul-2019 18:06:20.968 INFO [main] org.apache.catalina.startup.VersionLoggerListener.log Architecture:          amd64
07-Jul-2019 18:06:20.968 INFO [main] org.apache.catalina.startup.VersionLoggerListener.log Java Home:             C:\Program Files\Java\jdk1.8.0_151\jre
07-Jul-2019 18:06:20.968 INFO [main] org.apache.catalina.startup.VersionLoggerListener.log JVM Version:           1.8.0_151-b12
07-Jul-2019 18:06:20.968 INFO [main] org.apache.catalina.startup.VersionLoggerListener.log JVM Vendor:            Oracle Corporation
07-Jul-2019 18:06:20.968 INFO [main] org.apache.catalina.startup.VersionLoggerListener.log CATALINA_BASE:         D:\1248515\javaServerSide\tomcat\apache-tomcat-8.5.42\apache-tomcat-8.5.42
07-Jul-2019 18:06:20.968 INFO [main] org.apache.catalina.startup.VersionLoggerListener.log CATALINA_HOME:         D:\1248515\javaServerSide\tomcat\apache-tomcat-8.5.42\apache-tomcat-8.5.42
07-Jul-2019 18:06:20.968 INFO [main] org.apache.catalina.startup.VersionLoggerListener.log Command line argument: -Djava.util.logging.config.file=D:\1248515\javaServerSide\tomcat\apache-tomcat-8.5.42\apache-tomcat-8.5.42\conf\logging.properties
07-Jul-2019 18:06:20.968 INFO [main] org.apache.catalina.startup.VersionLoggerListener.log Command line argument: -Djava.util.logging.manager=org.apache.juli.ClassLoaderLogManager
07-Jul-2019 18:06:20.968 INFO [main] org.apache.catalina.startup.VersionLoggerListener.log Command line argument: -Dhttp.nonProxyHosts=localhost|127.0.0.1|DESKTOP-O0VLSEU
07-Jul-2019 18:06:20.968 INFO [main] org.apache.catalina.startup.VersionLoggerListener.log Command line argument: -Djdk.tls.ephemeralDHKeySize=2048
07-Jul-2019 18:06:20.968 INFO [main] org.apache.catalina.startup.VersionLoggerListener.log Command line argument: -Djava.protocol.handler.pkgs=org.apache.catalina.webresources
07-Jul-2019 18:06:20.968 INFO [main] org.apache.catalina.startup.VersionLoggerListener.log Command line argument: -Dignore.endorsed.dirs=
07-Jul-2019 18:06:20.968 INFO [main] org.apache.catalina.startup.VersionLoggerListener.log Command line argument: -Dcatalina.base=D:\1248515\javaServerSide\tomcat\apache-tomcat-8.5.42\apache-tomcat-8.5.42
07-Jul-2019 18:06:20.968 INFO [main] org.apache.catalina.startup.VersionLoggerListener.log Command line argument: -Dcatalina.home=D:\1248515\javaServerSide\tomcat\apache-tomcat-8.5.42\apache-tomcat-8.5.42
07-Jul-2019 18:06:20.968 INFO [main] org.apache.catalina.startup.VersionLoggerListener.log Command line argument: -Djava.io.tmpdir=D:\1248515\javaServerSide\tomcat\apache-tomcat-8.5.42\apache-tomcat-8.5.42\temp
07-Jul-2019 18:06:20.968 INFO [main] org.apache.catalina.core.AprLifecycleListener.lifecycleEvent The APR based Apache Tomcat Native library which allows optimal performance in production environments was not found on the java.library.path: [C:\Program Files\Java\jdk1.8.0_151\bin;C:\Windows\Sun\Java\bin;C:\Windows\system32;C:\Windows;C:\ProgramData\Oracle\Java\javapath;C:\Windows\system32;C:\Windows;C:\Windows\System32\Wbem;C:\Windows\System32\WindowsPowerShell\v1.0\;C:\Program Files\Microsoft SQL Server\Client SDK\ODBC\130\Tools\Binn\;C:\Program Files (x86)\Microsoft SQL Server\130\Tools\Binn\;C:\Program Files\Microsoft SQL Server\130\Tools\Binn\;C:\Program Files\Microsoft SQL Server\130\DTS\Binn\;C:\Program Files (x86)\Microsoft SQL Server\Client SDK\ODBC\130\Tools\Binn\;C:\Program Files (x86)\Microsoft SQL Server\140\Tools\Binn\;C:\Program Files (x86)\Microsoft SQL Server\140\DTS\Binn\;C:\Program Files (x86)\Microsoft SQL Server\140\Tools\Binn\ManagementStudio\;C:\Program Files\dotnet\;.]
07-Jul-2019 18:06:21.327 INFO [main] org.apache.coyote.AbstractProtocol.init Initializing ProtocolHandler ["http-nio-8080"]
07-Jul-2019 18:06:21.421 INFO [main] org.apache.tomcat.util.net.NioSelectorPool.getSharedSelector Using a shared selector for servlet write/read
07-Jul-2019 18:06:21.421 INFO [main] org.apache.coyote.AbstractProtocol.init Initializing ProtocolHandler ["ajp-nio-8009"]
07-Jul-2019 18:06:21.436 INFO [main] org.apache.tomcat.util.net.NioSelectorPool.getSharedSelector Using a shared selector for servlet write/read
07-Jul-2019 18:06:21.436 INFO [main] org.apache.catalina.startup.Catalina.load Initialization processed in 804 ms
07-Jul-2019 18:06:21.499 INFO [main] org.apache.catalina.core.StandardService.startInternal Starting service [Catalina]
07-Jul-2019 18:06:21.499 INFO [main] org.apache.catalina.core.StandardEngine.startInternal Starting Servlet Engine: Apache Tomcat/8.5.42
07-Jul-2019 18:06:21.499 INFO [localhost-startStop-1] org.apache.catalina.startup.HostConfig.deployDirectory Deploying web application directory [D:\1248515\javaServerSide\tomcat\apache-tomcat-8.5.42\apache-tomcat-8.5.42\webapps\docs]
07-Jul-2019 18:06:21.843 INFO [localhost-startStop-1] org.apache.catalina.startup.HostConfig.deployDirectory Deployment of web application directory [D:\1248515\javaServerSide\tomcat\apache-tomcat-8.5.42\apache-tomcat-8.5.42\webapps\docs] has finished in [328] ms
07-Jul-2019 18:06:21.843 INFO [localhost-startStop-1] org.apache.catalina.startup.HostConfig.deployDirectory Deploying web application directory [D:\1248515\javaServerSide\tomcat\apache-tomcat-8.5.42\apache-tomcat-8.5.42\webapps\examples]
07-Jul-2019 18:06:23.062 INFO [localhost-startStop-1] org.apache.catalina.startup.HostConfig.deployDirectory Deployment of web application directory [D:\1248515\javaServerSide\tomcat\apache-tomcat-8.5.42\apache-tomcat-8.5.42\webapps\examples] has finished in [1,219] ms
07-Jul-2019 18:06:23.062 INFO [localhost-startStop-1] org.apache.catalina.startup.HostConfig.deployDirectory Deploying web application directory [D:\1248515\javaServerSide\tomcat\apache-tomcat-8.5.42\apache-tomcat-8.5.42\webapps\host-manager]
07-Jul-2019 18:06:23.108 INFO [localhost-startStop-1] org.apache.catalina.startup.HostConfig.deployDirectory Deployment of web application directory [D:\1248515\javaServerSide\tomcat\apache-tomcat-8.5.42\apache-tomcat-8.5.42\webapps\host-manager] has finished in [46] ms
07-Jul-2019 18:06:23.108 INFO [localhost-startStop-1] org.apache.catalina.startup.HostConfig.deployDirectory Deploying web application directory [D:\1248515\javaServerSide\tomcat\apache-tomcat-8.5.42\apache-tomcat-8.5.42\webapps\manager]
07-Jul-2019 18:06:23.140 INFO [localhost-startStop-1] org.apache.catalina.startup.HostConfig.deployDirectory Deployment of web application directory [D:\1248515\javaServerSide\tomcat\apache-tomcat-8.5.42\apache-tomcat-8.5.42\webapps\manager] has finished in [32] ms
07-Jul-2019 18:06:23.140 INFO [localhost-startStop-1] org.apache.catalina.startup.HostConfig.deployDirectory Deploying web application directory [D:\1248515\javaServerSide\tomcat\apache-tomcat-8.5.42\apache-tomcat-8.5.42\webapps\ROOT]
07-Jul-2019 18:06:23.155 INFO [localhost-startStop-1] org.apache.catalina.startup.HostConfig.deployDirectory Deployment of web application directory [D:\1248515\javaServerSide\tomcat\apache-tomcat-8.5.42\apache-tomcat-8.5.42\webapps\ROOT] has finished in [15] ms
07-Jul-2019 18:06:23.155 INFO [main] org.apache.coyote.AbstractProtocol.start Starting ProtocolHandler ["http-nio-8080"]
07-Jul-2019 18:06:23.171 INFO [main] org.apache.coyote.AbstractProtocol.start Starting ProtocolHandler ["ajp-nio-8009"]
07-Jul-2019 18:06:23.171 INFO [main] org.apache.catalina.startup.Catalina.start Server startup in 1735 ms
07-Jul-2019 18:06:27.796 INFO [http-nio-8080-exec-10] org.apache.catalina.startup.HostConfig.deployDescriptor Deploying configuration descriptor [D:\1248515\javaServerSide\tomcat\apache-tomcat-8.5.42\apache-tomcat-8.5.42\conf\Catalina\localhost\SimpleJsps.xml]
07-Jul-2019 18:06:27.843 INFO [http-nio-8080-exec-10] org.apache.catalina.startup.HostConfig.deployDescriptor Deployment of configuration descriptor [D:\1248515\javaServerSide\tomcat\apache-tomcat-8.5.42\apache-tomcat-8.5.42\conf\Catalina\localhost\SimpleJsps.xml] has finished in [47] ms
07-Jul-2019 18:06:27.859 INFO [http-nio-8080-exec-9] org.apache.catalina.util.LifecycleBase.start The start() method was called on component [StandardEngine[Catalina].StandardHost[localhost].StandardContext[/SimpleJsps]] after start() had already been called. The second call will be ignored.
07-Jul-2019 19:05:19.689 INFO [main] org.apache.catalina.core.StandardServer.await A valid shutdown command was received via the shutdown port. Stopping the Server instance.
07-Jul-2019 19:05:19.689 INFO [main] org.apache.coyote.AbstractProtocol.pause Pausing ProtocolHandler ["http-nio-8080"]
07-Jul-2019 19:05:19.718 INFO [main] org.apache.coyote.AbstractProtocol.pause Pausing ProtocolHandler ["ajp-nio-8009"]
07-Jul-2019 19:05:19.728 INFO [main] org.apache.catalina.core.StandardService.stopInternal Stopping service [Catalina]
07-Jul-2019 19:05:19.759 INFO [main] org.apache.coyote.AbstractProtocol.stop Stopping ProtocolHandler ["http-nio-8080"]
07-Jul-2019 19:05:19.759 INFO [main] org.apache.coyote.AbstractProtocol.stop Stopping ProtocolHandler ["ajp-nio-8009"]
07-Jul-2019 19:05:19.759 INFO [main] org.apache.coyote.AbstractProtocol.destroy Destroying ProtocolHandler ["http-nio-8080"]
07-Jul-2019 19:05:19.759 INFO [main] org.apache.coyote.AbstractProtocol.destroy Destroying ProtocolHandler ["ajp-nio-8009"]
