04-Aug-2019 14:33:53.320 INFO [main] org.apache.catalina.startup.VersionLoggerListener.log Server version:        Apache Tomcat/8.5.42
04-Aug-2019 14:33:53.320 INFO [main] org.apache.catalina.startup.VersionLoggerListener.log Server built:          Jun 4 2019 20:29:04 UTC
04-Aug-2019 14:33:53.320 INFO [main] org.apache.catalina.startup.VersionLoggerListener.log Server number:         8.5.42.0
04-Aug-2019 14:33:53.320 INFO [main] org.apache.catalina.startup.VersionLoggerListener.log OS Name:               Windows 10
04-Aug-2019 14:33:53.320 INFO [main] org.apache.catalina.startup.VersionLoggerListener.log OS Version:            10.0
04-Aug-2019 14:33:53.320 INFO [main] org.apache.catalina.startup.VersionLoggerListener.log Architecture:          amd64
04-Aug-2019 14:33:53.320 INFO [main] org.apache.catalina.startup.VersionLoggerListener.log Java Home:             C:\Program Files\Java\jdk1.8.0_221\jre
04-Aug-2019 14:33:53.320 INFO [main] org.apache.catalina.startup.VersionLoggerListener.log JVM Version:           1.8.0_221-b11
04-Aug-2019 14:33:53.320 INFO [main] org.apache.catalina.startup.VersionLoggerListener.log JVM Vendor:            Oracle Corporation
04-Aug-2019 14:33:53.320 INFO [main] org.apache.catalina.startup.VersionLoggerListener.log CATALINA_BASE:         D:\1248515\javaServerSide\tomcat\apache-tomcat-8.5.42\apache-tomcat-8.5.42
04-Aug-2019 14:33:53.320 INFO [main] org.apache.catalina.startup.VersionLoggerListener.log CATALINA_HOME:         D:\1248515\javaServerSide\tomcat\apache-tomcat-8.5.42\apache-tomcat-8.5.42
04-Aug-2019 14:33:53.336 INFO [main] org.apache.catalina.startup.VersionLoggerListener.log Command line argument: -Djava.util.logging.config.file=D:\1248515\javaServerSide\tomcat\apache-tomcat-8.5.42\apache-tomcat-8.5.42\conf\logging.properties
04-Aug-2019 14:33:53.336 INFO [main] org.apache.catalina.startup.VersionLoggerListener.log Command line argument: -Djava.util.logging.manager=org.apache.juli.ClassLoaderLogManager
04-Aug-2019 14:33:53.336 INFO [main] org.apache.catalina.startup.VersionLoggerListener.log Command line argument: -Dhttp.nonProxyHosts=localhost|127.0.0.1|PC-07--LAB-02
04-Aug-2019 14:33:53.336 INFO [main] org.apache.catalina.startup.VersionLoggerListener.log Command line argument: -Djdk.tls.ephemeralDHKeySize=2048
04-Aug-2019 14:33:53.336 INFO [main] org.apache.catalina.startup.VersionLoggerListener.log Command line argument: -Djava.protocol.handler.pkgs=org.apache.catalina.webresources
04-Aug-2019 14:33:53.336 INFO [main] org.apache.catalina.startup.VersionLoggerListener.log Command line argument: -Dignore.endorsed.dirs=
04-Aug-2019 14:33:53.336 INFO [main] org.apache.catalina.startup.VersionLoggerListener.log Command line argument: -Dcatalina.base=D:\1248515\javaServerSide\tomcat\apache-tomcat-8.5.42\apache-tomcat-8.5.42
04-Aug-2019 14:33:53.336 INFO [main] org.apache.catalina.startup.VersionLoggerListener.log Command line argument: -Dcatalina.home=D:\1248515\javaServerSide\tomcat\apache-tomcat-8.5.42\apache-tomcat-8.5.42
04-Aug-2019 14:33:53.336 INFO [main] org.apache.catalina.startup.VersionLoggerListener.log Command line argument: -Djava.io.tmpdir=D:\1248515\javaServerSide\tomcat\apache-tomcat-8.5.42\apache-tomcat-8.5.42\temp
04-Aug-2019 14:33:53.336 INFO [main] org.apache.catalina.core.AprLifecycleListener.lifecycleEvent The APR based Apache Tomcat Native library which allows optimal performance in production environments was not found on the java.library.path: [C:\Program Files\Java\jdk1.8.0_221\bin;C:\Windows\Sun\Java\bin;C:\Windows\system32;C:\Windows;C:\Program Files (x86)\Common Files\Oracle\Java\javapath;C:\Program Files (x86)\Intel\iCLS Client\;C:\Program Files\Intel\iCLS Client\;C:\Windows\system32;C:\Windows;C:\Windows\System32\Wbem;C:\Windows\System32\WindowsPowerShell\v1.0\;C:\Windows\System32\OpenSSH\;C:\Program Files (x86)\Intel\Intel(R) Management Engine Components\DAL;C:\Program Files\Intel\Intel(R) Management Engine Components\DAL;C:\Program Files (x86)\Intel\Intel(R) Management Engine Components\IPT;C:\Program Files\Intel\Intel(R) Management Engine Components\IPT;C:\Program Files (x86)\Microsoft SQL Server\150\DTS\Binn\;C:\Program Files\dotnet\;C:\Program Files\Microsoft SQL Server\130\Tools\Binn\;C:\Program Files\MySQL\MySQL Utilities 1.6\;C:\Program Files\MySQL\MySQL Shell 8.0\bin\;.]
04-Aug-2019 14:33:53.977 INFO [main] org.apache.coyote.AbstractProtocol.init Initializing ProtocolHandler ["http-nio-8080"]
04-Aug-2019 14:33:54.211 INFO [main] org.apache.tomcat.util.net.NioSelectorPool.getSharedSelector Using a shared selector for servlet write/read
04-Aug-2019 14:33:54.242 INFO [main] org.apache.coyote.AbstractProtocol.init Initializing ProtocolHandler ["ajp-nio-8009"]
04-Aug-2019 14:33:54.242 INFO [main] org.apache.tomcat.util.net.NioSelectorPool.getSharedSelector Using a shared selector for servlet write/read
04-Aug-2019 14:33:54.242 INFO [main] org.apache.catalina.startup.Catalina.load Initialization processed in 1798 ms
04-Aug-2019 14:33:54.351 INFO [main] org.apache.catalina.core.StandardService.startInternal Starting service [Catalina]
04-Aug-2019 14:33:54.351 INFO [main] org.apache.catalina.core.StandardEngine.startInternal Starting Servlet Engine: Apache Tomcat/8.5.42
04-Aug-2019 14:33:54.367 INFO [localhost-startStop-1] org.apache.catalina.startup.HostConfig.deployDescriptor Deploying configuration descriptor [D:\1248515\javaServerSide\tomcat\apache-tomcat-8.5.42\apache-tomcat-8.5.42\conf\Catalina\localhost\Add.xml]
04-Aug-2019 14:33:55.210 INFO [localhost-startStop-1] org.apache.catalina.startup.HostConfig.deployDescriptor Deployment of configuration descriptor [D:\1248515\javaServerSide\tomcat\apache-tomcat-8.5.42\apache-tomcat-8.5.42\conf\Catalina\localhost\Add.xml] has finished in [843] ms
04-Aug-2019 14:33:55.210 INFO [localhost-startStop-1] org.apache.catalina.startup.HostConfig.deployDescriptor Deploying configuration descriptor [D:\1248515\javaServerSide\tomcat\apache-tomcat-8.5.42\apache-tomcat-8.5.42\conf\Catalina\localhost\FlightDeservation.xml]
04-Aug-2019 14:33:56.695 INFO [localhost-startStop-1] com.sun.faces.config.ConfigureListener.contextInitialized Initializing Mojarra 2.2.7 ( 20140610-1547 https://svn.java.net/svn/mojarra~svn/tags/2.2.7@13362) for context '/FlightDeservation'
04-Aug-2019 14:33:56.866 INFO [localhost-startStop-1] com.sun.faces.spi.InjectionProviderFactory.createInstance JSF1048: PostConstruct/PreDestroy annotations present.  ManagedBeans methods marked with these annotations will have said annotations processed.
04-Aug-2019 14:33:57.351 INFO [localhost-startStop-1] org.apache.catalina.startup.HostConfig.deployDescriptor Deployment of configuration descriptor [D:\1248515\javaServerSide\tomcat\apache-tomcat-8.5.42\apache-tomcat-8.5.42\conf\Catalina\localhost\FlightDeservation.xml] has finished in [2,141] ms
04-Aug-2019 14:33:57.351 INFO [localhost-startStop-1] org.apache.catalina.startup.HostConfig.deployDescriptor Deploying configuration descriptor [D:\1248515\javaServerSide\tomcat\apache-tomcat-8.5.42\apache-tomcat-8.5.42\conf\Catalina\localhost\FlightDeservations.xml]
04-Aug-2019 14:33:59.194 INFO [localhost-startStop-1] com.sun.faces.config.ConfigureListener.contextInitialized Initializing Mojarra 2.2.7 ( 20140610-1547 https://svn.java.net/svn/mojarra~svn/tags/2.2.7@13362) for context '/FlightDeservations'
04-Aug-2019 14:33:59.538 INFO [localhost-startStop-1] com.sun.faces.spi.InjectionProviderFactory.createInstance JSF1048: PostConstruct/PreDestroy annotations present.  ManagedBeans methods marked with these annotations will have said annotations processed.
04-Aug-2019 14:33:59.788 INFO [localhost-startStop-1] com.sun.faces.config.ConfigureListener$WebConfigResourceMonitor$Monitor.<init> Monitoring file:/D:/1248515/javaServerSide/FlightDeservations/build/web/WEB-INF/faces-config.xml for modifications
04-Aug-2019 14:33:59.819 INFO [localhost-startStop-1] org.apache.catalina.startup.HostConfig.deployDescriptor Deployment of configuration descriptor [D:\1248515\javaServerSide\tomcat\apache-tomcat-8.5.42\apache-tomcat-8.5.42\conf\Catalina\localhost\FlightDeservations.xml] has finished in [2,468] ms
04-Aug-2019 14:33:59.819 INFO [localhost-startStop-1] org.apache.catalina.startup.HostConfig.deployDescriptor Deploying configuration descriptor [D:\1248515\javaServerSide\tomcat\apache-tomcat-8.5.42\apache-tomcat-8.5.42\conf\Catalina\localhost\Fromjsf.xml]
04-Aug-2019 14:34:05.963 INFO [localhost-startStop-1] com.sun.faces.config.ConfigureListener.contextInitialized Initializing Mojarra 2.2.7 ( 20140610-1547 https://svn.java.net/svn/mojarra~svn/tags/2.2.7@13362) for context '/Fromjsf'
04-Aug-2019 14:34:06.054 INFO [localhost-startStop-1] com.sun.faces.spi.InjectionProviderFactory.createInstance JSF1048: PostConstruct/PreDestroy annotations present.  ManagedBeans methods marked with these annotations will have said annotations processed.
04-Aug-2019 14:34:06.303 INFO [localhost-startStop-1] org.apache.catalina.startup.HostConfig.deployDescriptor Deployment of configuration descriptor [D:\1248515\javaServerSide\tomcat\apache-tomcat-8.5.42\apache-tomcat-8.5.42\conf\Catalina\localhost\Fromjsf.xml] has finished in [6,484] ms
04-Aug-2019 14:34:06.303 INFO [localhost-startStop-1] org.apache.catalina.startup.HostConfig.deployDescriptor Deploying configuration descriptor [D:\1248515\javaServerSide\tomcat\apache-tomcat-8.5.42\apache-tomcat-8.5.42\conf\Catalina\localhost\JFPr.xml]
04-Aug-2019 14:34:07.749 INFO [localhost-startStop-1] com.sun.faces.config.ConfigureListener.contextInitialized Initializing Mojarra 2.2.7 ( 20140610-1547 https://svn.java.net/svn/mojarra~svn/tags/2.2.7@13362) for context '/JFPr'
04-Aug-2019 14:34:07.870 INFO [localhost-startStop-1] com.sun.faces.spi.InjectionProviderFactory.createInstance JSF1048: PostConstruct/PreDestroy annotations present.  ManagedBeans methods marked with these annotations will have said annotations processed.
04-Aug-2019 14:34:08.118 INFO [localhost-startStop-1] org.apache.catalina.startup.HostConfig.deployDescriptor Deployment of configuration descriptor [D:\1248515\javaServerSide\tomcat\apache-tomcat-8.5.42\apache-tomcat-8.5.42\conf\Catalina\localhost\JFPr.xml] has finished in [1,815] ms
04-Aug-2019 14:34:08.118 INFO [localhost-startStop-1] org.apache.catalina.startup.HostConfig.deployDescriptor Deploying configuration descriptor [D:\1248515\javaServerSide\tomcat\apache-tomcat-8.5.42\apache-tomcat-8.5.42\conf\Catalina\localhost\jspStock.xml]
04-Aug-2019 14:34:09.074 INFO [localhost-startStop-1] org.apache.jasper.servlet.TldScanner.scanJars At least one JAR was scanned for TLDs yet contained no TLDs. Enable debug logging for this logger for a complete list of JARs that were scanned but no TLDs were found in them. Skipping unneeded JARs during scanning can improve startup time and JSP compilation time.
04-Aug-2019 14:34:09.081 INFO [localhost-startStop-1] org.apache.catalina.startup.HostConfig.deployDescriptor Deployment of configuration descriptor [D:\1248515\javaServerSide\tomcat\apache-tomcat-8.5.42\apache-tomcat-8.5.42\conf\Catalina\localhost\jspStock.xml] has finished in [963] ms
04-Aug-2019 14:34:09.081 INFO [localhost-startStop-1] org.apache.catalina.startup.HostConfig.deployDescriptor Deploying configuration descriptor [D:\1248515\javaServerSide\tomcat\apache-tomcat-8.5.42\apache-tomcat-8.5.42\conf\Catalina\localhost\JstlFmtPr.xml]
04-Aug-2019 14:34:09.084 SEVERE [localhost-startStop-1] org.apache.catalina.core.ContainerBase.addChildInternal ContainerBase.addChild: start: 
	org.apache.catalina.LifecycleException: Failed to start component [StandardEngine[Catalina].StandardHost[localhost].StandardContext[/JstlFmtPr]]
		at org.apache.catalina.util.LifecycleBase.start(LifecycleBase.java:167)
		at org.apache.catalina.core.ContainerBase.addChildInternal(ContainerBase.java:754)
		at org.apache.catalina.core.ContainerBase.addChild(ContainerBase.java:730)
		at org.apache.catalina.core.StandardHost.addChild(StandardHost.java:744)
		at org.apache.catalina.startup.HostConfig.deployDescriptor(HostConfig.java:624)
		at org.apache.catalina.startup.HostConfig$DeployDescriptor.run(HostConfig.java:1833)
		at java.util.concurrent.Executors$RunnableAdapter.call(Executors.java:511)
		at java.util.concurrent.FutureTask.run(FutureTask.java:266)
		at java.util.concurrent.ThreadPoolExecutor.runWorker(ThreadPoolExecutor.java:1149)
		at java.util.concurrent.ThreadPoolExecutor$Worker.run(ThreadPoolExecutor.java:624)
		at java.lang.Thread.run(Thread.java:748)
	Caused by: org.apache.catalina.LifecycleException: Failed to start component [org.apache.catalina.webresources.StandardRoot@11dfa8da]
		at org.apache.catalina.util.LifecycleBase.start(LifecycleBase.java:167)
		at org.apache.catalina.core.StandardContext.resourcesStart(StandardContext.java:4885)
		at org.apache.catalina.core.StandardContext.startInternal(StandardContext.java:5020)
		at org.apache.catalina.util.LifecycleBase.start(LifecycleBase.java:150)
		... 10 more
	Caused by: java.lang.IllegalArgumentException: The main resource set specified [C:\Users\User\Documents\NetBeansProjects\JstlFmtPr\build\web] is not valid
		at org.apache.catalina.webresources.StandardRoot.createMainResourceSet(StandardRoot.java:748)
		at org.apache.catalina.webresources.StandardRoot.startInternal(StandardRoot.java:706)
		at org.apache.catalina.util.LifecycleBase.start(LifecycleBase.java:150)
		... 13 more
04-Aug-2019 14:34:09.086 SEVERE [localhost-startStop-1] org.apache.catalina.startup.HostConfig.deployDescriptor Error deploying configuration descriptor [D:\1248515\javaServerSide\tomcat\apache-tomcat-8.5.42\apache-tomcat-8.5.42\conf\Catalina\localhost\JstlFmtPr.xml]
	java.lang.IllegalStateException: ContainerBase.addChild: start: org.apache.catalina.LifecycleException: Failed to start component [StandardEngine[Catalina].StandardHost[localhost].StandardContext[/JstlFmtPr]]
		at org.apache.catalina.core.ContainerBase.addChildInternal(ContainerBase.java:758)
		at org.apache.catalina.core.ContainerBase.addChild(ContainerBase.java:730)
		at org.apache.catalina.core.StandardHost.addChild(StandardHost.java:744)
		at org.apache.catalina.startup.HostConfig.deployDescriptor(HostConfig.java:624)
		at org.apache.catalina.startup.HostConfig$DeployDescriptor.run(HostConfig.java:1833)
		at java.util.concurrent.Executors$RunnableAdapter.call(Executors.java:511)
		at java.util.concurrent.FutureTask.run(FutureTask.java:266)
		at java.util.concurrent.ThreadPoolExecutor.runWorker(ThreadPoolExecutor.java:1149)
		at java.util.concurrent.ThreadPoolExecutor$Worker.run(ThreadPoolExecutor.java:624)
		at java.lang.Thread.run(Thread.java:748)
04-Aug-2019 14:34:09.142 INFO [localhost-startStop-1] org.apache.catalina.startup.HostConfig.deployDescriptor Deployment of configuration descriptor [D:\1248515\javaServerSide\tomcat\apache-tomcat-8.5.42\apache-tomcat-8.5.42\conf\Catalina\localhost\JstlFmtPr.xml] has finished in [61] ms
04-Aug-2019 14:34:09.142 INFO [localhost-startStop-1] org.apache.catalina.startup.HostConfig.deployDescriptor Deploying configuration descriptor [D:\1248515\javaServerSide\tomcat\apache-tomcat-8.5.42\apache-tomcat-8.5.42\conf\Catalina\localhost\JstlPr.xml]
04-Aug-2019 14:34:09.145 SEVERE [localhost-startStop-1] org.apache.catalina.core.ContainerBase.addChildInternal ContainerBase.addChild: start: 
	org.apache.catalina.LifecycleException: Failed to start component [StandardEngine[Catalina].StandardHost[localhost].StandardContext[/JstlPr]]
		at org.apache.catalina.util.LifecycleBase.start(LifecycleBase.java:167)
		at org.apache.catalina.core.ContainerBase.addChildInternal(ContainerBase.java:754)
		at org.apache.catalina.core.ContainerBase.addChild(ContainerBase.java:730)
		at org.apache.catalina.core.StandardHost.addChild(StandardHost.java:744)
		at org.apache.catalina.startup.HostConfig.deployDescriptor(HostConfig.java:624)
		at org.apache.catalina.startup.HostConfig$DeployDescriptor.run(HostConfig.java:1833)
		at java.util.concurrent.Executors$RunnableAdapter.call(Executors.java:511)
		at java.util.concurrent.FutureTask.run(FutureTask.java:266)
		at java.util.concurrent.ThreadPoolExecutor.runWorker(ThreadPoolExecutor.java:1149)
		at java.util.concurrent.ThreadPoolExecutor$Worker.run(ThreadPoolExecutor.java:624)
		at java.lang.Thread.run(Thread.java:748)
	Caused by: org.apache.catalina.LifecycleException: Failed to start component [org.apache.catalina.webresources.StandardRoot@1b172efb]
		at org.apache.catalina.util.LifecycleBase.start(LifecycleBase.java:167)
		at org.apache.catalina.core.StandardContext.resourcesStart(StandardContext.java:4885)
		at org.apache.catalina.core.StandardContext.startInternal(StandardContext.java:5020)
		at org.apache.catalina.util.LifecycleBase.start(LifecycleBase.java:150)
		... 10 more
	Caused by: java.lang.IllegalArgumentException: The main resource set specified [C:\Users\User\Documents\NetBeansProjects\JstlPr\build\web] is not valid
		at org.apache.catalina.webresources.StandardRoot.createMainResourceSet(StandardRoot.java:748)
		at org.apache.catalina.webresources.StandardRoot.startInternal(StandardRoot.java:706)
		at org.apache.catalina.util.LifecycleBase.start(LifecycleBase.java:150)
		... 13 more
04-Aug-2019 14:34:09.146 SEVERE [localhost-startStop-1] org.apache.catalina.startup.HostConfig.deployDescriptor Error deploying configuration descriptor [D:\1248515\javaServerSide\tomcat\apache-tomcat-8.5.42\apache-tomcat-8.5.42\conf\Catalina\localhost\JstlPr.xml]
	java.lang.IllegalStateException: ContainerBase.addChild: start: org.apache.catalina.LifecycleException: Failed to start component [StandardEngine[Catalina].StandardHost[localhost].StandardContext[/JstlPr]]
		at org.apache.catalina.core.ContainerBase.addChildInternal(ContainerBase.java:758)
		at org.apache.catalina.core.ContainerBase.addChild(ContainerBase.java:730)
		at org.apache.catalina.core.StandardHost.addChild(StandardHost.java:744)
		at org.apache.catalina.startup.HostConfig.deployDescriptor(HostConfig.java:624)
		at org.apache.catalina.startup.HostConfig$DeployDescriptor.run(HostConfig.java:1833)
		at java.util.concurrent.Executors$RunnableAdapter.call(Executors.java:511)
		at java.util.concurrent.FutureTask.run(FutureTask.java:266)
		at java.util.concurrent.ThreadPoolExecutor.runWorker(ThreadPoolExecutor.java:1149)
		at java.util.concurrent.ThreadPoolExecutor$Worker.run(ThreadPoolExecutor.java:624)
		at java.lang.Thread.run(Thread.java:748)
04-Aug-2019 14:34:09.146 INFO [localhost-startStop-1] org.apache.catalina.startup.HostConfig.deployDescriptor Deployment of configuration descriptor [D:\1248515\javaServerSide\tomcat\apache-tomcat-8.5.42\apache-tomcat-8.5.42\conf\Catalina\localhost\JstlPr.xml] has finished in [4] ms
04-Aug-2019 14:34:09.146 INFO [localhost-startStop-1] org.apache.catalina.startup.HostConfig.deployDescriptor Deploying configuration descriptor [D:\1248515\javaServerSide\tomcat\apache-tomcat-8.5.42\apache-tomcat-8.5.42\conf\Catalina\localhost\Project1.xml]
04-Aug-2019 14:34:09.999 INFO [localhost-startStop-1] org.apache.jasper.servlet.TldScanner.scanJars At least one JAR was scanned for TLDs yet contained no TLDs. Enable debug logging for this logger for a complete list of JARs that were scanned but no TLDs were found in them. Skipping unneeded JARs during scanning can improve startup time and JSP compilation time.
04-Aug-2019 14:34:10.046 INFO [localhost-startStop-1] com.sun.faces.config.ConfigureListener.contextInitialized Initializing Mojarra 2.2.7 ( 20140610-1547 https://svn.java.net/svn/mojarra~svn/tags/2.2.7@13362) for context '/Project1'
04-Aug-2019 14:34:10.098 INFO [localhost-startStop-1] com.sun.faces.spi.InjectionProviderFactory.createInstance JSF1048: PostConstruct/PreDestroy annotations present.  ManagedBeans methods marked with these annotations will have said annotations processed.
04-Aug-2019 14:34:10.475 INFO [localhost-startStop-1] org.apache.catalina.startup.HostConfig.deployDescriptor Deployment of configuration descriptor [D:\1248515\javaServerSide\tomcat\apache-tomcat-8.5.42\apache-tomcat-8.5.42\conf\Catalina\localhost\Project1.xml] has finished in [1,329] ms
04-Aug-2019 14:34:10.475 INFO [localhost-startStop-1] org.apache.catalina.startup.HostConfig.deployDescriptor Deploying configuration descriptor [D:\1248515\javaServerSide\tomcat\apache-tomcat-8.5.42\apache-tomcat-8.5.42\conf\Catalina\localhost\Servlet.xml]
04-Aug-2019 14:34:10.502 INFO [localhost-startStop-1] org.apache.catalina.startup.HostConfig.deployDescriptor Deployment of configuration descriptor [D:\1248515\javaServerSide\tomcat\apache-tomcat-8.5.42\apache-tomcat-8.5.42\conf\Catalina\localhost\Servlet.xml] has finished in [27] ms
04-Aug-2019 14:34:10.502 INFO [localhost-startStop-1] org.apache.catalina.startup.HostConfig.deployDescriptor Deploying configuration descriptor [D:\1248515\javaServerSide\tomcat\apache-tomcat-8.5.42\apache-tomcat-8.5.42\conf\Catalina\localhost\ServletPr.xml]
04-Aug-2019 14:34:10.523 INFO [localhost-startStop-1] org.apache.catalina.startup.HostConfig.deployDescriptor Deployment of configuration descriptor [D:\1248515\javaServerSide\tomcat\apache-tomcat-8.5.42\apache-tomcat-8.5.42\conf\Catalina\localhost\ServletPr.xml] has finished in [21] ms
04-Aug-2019 14:34:10.523 INFO [localhost-startStop-1] org.apache.catalina.startup.HostConfig.deployDescriptor Deploying configuration descriptor [D:\1248515\javaServerSide\tomcat\apache-tomcat-8.5.42\apache-tomcat-8.5.42\conf\Catalina\localhost\ServletPratice.xml]
04-Aug-2019 14:34:10.584 INFO [localhost-startStop-1] org.apache.catalina.startup.HostConfig.deployDescriptor Deployment of configuration descriptor [D:\1248515\javaServerSide\tomcat\apache-tomcat-8.5.42\apache-tomcat-8.5.42\conf\Catalina\localhost\ServletPratice.xml] has finished in [61] ms
04-Aug-2019 14:34:10.584 INFO [localhost-startStop-1] org.apache.catalina.startup.HostConfig.deployDescriptor Deploying configuration descriptor [D:\1248515\javaServerSide\tomcat\apache-tomcat-8.5.42\apache-tomcat-8.5.42\conf\Catalina\localhost\SimpleJsps.xml]
04-Aug-2019 14:34:10.599 SEVERE [localhost-startStop-1] org.apache.catalina.core.ContainerBase.addChildInternal ContainerBase.addChild: start: 
	org.apache.catalina.LifecycleException: Failed to start component [StandardEngine[Catalina].StandardHost[localhost].StandardContext[/SimpleJsps]]
		at org.apache.catalina.util.LifecycleBase.start(LifecycleBase.java:167)
		at org.apache.catalina.core.ContainerBase.addChildInternal(ContainerBase.java:754)
		at org.apache.catalina.core.ContainerBase.addChild(ContainerBase.java:730)
		at org.apache.catalina.core.StandardHost.addChild(StandardHost.java:744)
		at org.apache.catalina.startup.HostConfig.deployDescriptor(HostConfig.java:624)
		at org.apache.catalina.startup.HostConfig$DeployDescriptor.run(HostConfig.java:1833)
		at java.util.concurrent.Executors$RunnableAdapter.call(Executors.java:511)
		at java.util.concurrent.FutureTask.run(FutureTask.java:266)
		at java.util.concurrent.ThreadPoolExecutor.runWorker(ThreadPoolExecutor.java:1149)
		at java.util.concurrent.ThreadPoolExecutor$Worker.run(ThreadPoolExecutor.java:624)
		at java.lang.Thread.run(Thread.java:748)
	Caused by: org.apache.catalina.LifecycleException: Failed to start component [org.apache.catalina.webresources.StandardRoot@7e62151b]
		at org.apache.catalina.util.LifecycleBase.start(LifecycleBase.java:167)
		at org.apache.catalina.core.StandardContext.resourcesStart(StandardContext.java:4885)
		at org.apache.catalina.core.StandardContext.startInternal(StandardContext.java:5020)
		at org.apache.catalina.util.LifecycleBase.start(LifecycleBase.java:150)
		... 10 more
	Caused by: java.lang.IllegalArgumentException: The main resource set specified [C:\Users\Java\Documents\NetBeansProjects\SimpleJsps\build\web] is not valid
		at org.apache.catalina.webresources.StandardRoot.createMainResourceSet(StandardRoot.java:748)
		at org.apache.catalina.webresources.StandardRoot.startInternal(StandardRoot.java:706)
		at org.apache.catalina.util.LifecycleBase.start(LifecycleBase.java:150)
		... 13 more
04-Aug-2019 14:34:10.599 SEVERE [localhost-startStop-1] org.apache.catalina.startup.HostConfig.deployDescriptor Error deploying configuration descriptor [D:\1248515\javaServerSide\tomcat\apache-tomcat-8.5.42\apache-tomcat-8.5.42\conf\Catalina\localhost\SimpleJsps.xml]
	java.lang.IllegalStateException: ContainerBase.addChild: start: org.apache.catalina.LifecycleException: Failed to start component [StandardEngine[Catalina].StandardHost[localhost].StandardContext[/SimpleJsps]]
		at org.apache.catalina.core.ContainerBase.addChildInternal(ContainerBase.java:758)
		at org.apache.catalina.core.ContainerBase.addChild(ContainerBase.java:730)
		at org.apache.catalina.core.StandardHost.addChild(StandardHost.java:744)
		at org.apache.catalina.startup.HostConfig.deployDescriptor(HostConfig.java:624)
		at org.apache.catalina.startup.HostConfig$DeployDescriptor.run(HostConfig.java:1833)
		at java.util.concurrent.Executors$RunnableAdapter.call(Executors.java:511)
		at java.util.concurrent.FutureTask.run(FutureTask.java:266)
		at java.util.concurrent.ThreadPoolExecutor.runWorker(ThreadPoolExecutor.java:1149)
		at java.util.concurrent.ThreadPoolExecutor$Worker.run(ThreadPoolExecutor.java:624)
		at java.lang.Thread.run(Thread.java:748)
04-Aug-2019 14:34:10.599 INFO [localhost-startStop-1] org.apache.catalina.startup.HostConfig.deployDescriptor Deployment of configuration descriptor [D:\1248515\javaServerSide\tomcat\apache-tomcat-8.5.42\apache-tomcat-8.5.42\conf\Catalina\localhost\SimpleJsps.xml] has finished in [15] ms
04-Aug-2019 14:34:10.599 INFO [localhost-startStop-1] org.apache.catalina.startup.HostConfig.deployDescriptor Deploying configuration descriptor [D:\1248515\javaServerSide\tomcat\apache-tomcat-8.5.42\apache-tomcat-8.5.42\conf\Catalina\localhost\Stock.xml]
04-Aug-2019 14:34:10.615 SEVERE [localhost-startStop-1] org.apache.catalina.core.ContainerBase.addChildInternal ContainerBase.addChild: start: 
	org.apache.catalina.LifecycleException: Failed to start component [StandardEngine[Catalina].StandardHost[localhost].StandardContext[/Stock]]
		at org.apache.catalina.util.LifecycleBase.start(LifecycleBase.java:167)
		at org.apache.catalina.core.ContainerBase.addChildInternal(ContainerBase.java:754)
		at org.apache.catalina.core.ContainerBase.addChild(ContainerBase.java:730)
		at org.apache.catalina.core.StandardHost.addChild(StandardHost.java:744)
		at org.apache.catalina.startup.HostConfig.deployDescriptor(HostConfig.java:624)
		at org.apache.catalina.startup.HostConfig$DeployDescriptor.run(HostConfig.java:1833)
		at java.util.concurrent.Executors$RunnableAdapter.call(Executors.java:511)
		at java.util.concurrent.FutureTask.run(FutureTask.java:266)
		at java.util.concurrent.ThreadPoolExecutor.runWorker(ThreadPoolExecutor.java:1149)
		at java.util.concurrent.ThreadPoolExecutor$Worker.run(ThreadPoolExecutor.java:624)
		at java.lang.Thread.run(Thread.java:748)
	Caused by: org.apache.catalina.LifecycleException: Failed to start component [org.apache.catalina.webresources.StandardRoot@3f58de33]
		at org.apache.catalina.util.LifecycleBase.start(LifecycleBase.java:167)
		at org.apache.catalina.core.StandardContext.resourcesStart(StandardContext.java:4885)
		at org.apache.catalina.core.StandardContext.startInternal(StandardContext.java:5020)
		at org.apache.catalina.util.LifecycleBase.start(LifecycleBase.java:150)
		... 10 more
	Caused by: java.lang.IllegalArgumentException: The main resource set specified [C:\Users\User\Documents\NetBeansProjects\Stock\build\web] is not valid
		at org.apache.catalina.webresources.StandardRoot.createMainResourceSet(StandardRoot.java:748)
		at org.apache.catalina.webresources.StandardRoot.startInternal(StandardRoot.java:706)
		at org.apache.catalina.util.LifecycleBase.start(LifecycleBase.java:150)
		... 13 more
04-Aug-2019 14:34:10.650 SEVERE [localhost-startStop-1] org.apache.catalina.startup.HostConfig.deployDescriptor Error deploying configuration descriptor [D:\1248515\javaServerSide\tomcat\apache-tomcat-8.5.42\apache-tomcat-8.5.42\conf\Catalina\localhost\Stock.xml]
	java.lang.IllegalStateException: ContainerBase.addChild: start: org.apache.catalina.LifecycleException: Failed to start component [StandardEngine[Catalina].StandardHost[localhost].StandardContext[/Stock]]
		at org.apache.catalina.core.ContainerBase.addChildInternal(ContainerBase.java:758)
		at org.apache.catalina.core.ContainerBase.addChild(ContainerBase.java:730)
		at org.apache.catalina.core.StandardHost.addChild(StandardHost.java:744)
		at org.apache.catalina.startup.HostConfig.deployDescriptor(HostConfig.java:624)
		at org.apache.catalina.startup.HostConfig$DeployDescriptor.run(HostConfig.java:1833)
		at java.util.concurrent.Executors$RunnableAdapter.call(Executors.java:511)
		at java.util.concurrent.FutureTask.run(FutureTask.java:266)
		at java.util.concurrent.ThreadPoolExecutor.runWorker(ThreadPoolExecutor.java:1149)
		at java.util.concurrent.ThreadPoolExecutor$Worker.run(ThreadPoolExecutor.java:624)
		at java.lang.Thread.run(Thread.java:748)
04-Aug-2019 14:34:10.650 INFO [localhost-startStop-1] org.apache.catalina.startup.HostConfig.deployDescriptor Deployment of configuration descriptor [D:\1248515\javaServerSide\tomcat\apache-tomcat-8.5.42\apache-tomcat-8.5.42\conf\Catalina\localhost\Stock.xml] has finished in [51] ms
04-Aug-2019 14:34:10.650 INFO [localhost-startStop-1] org.apache.catalina.startup.HostConfig.deployDescriptor Deploying configuration descriptor [D:\1248515\javaServerSide\tomcat\apache-tomcat-8.5.42\apache-tomcat-8.5.42\conf\Catalina\localhost\TagPr.xml]
04-Aug-2019 14:34:10.915 INFO [localhost-startStop-1] org.apache.jasper.servlet.TldScanner.scanJars At least one JAR was scanned for TLDs yet contained no TLDs. Enable debug logging for this logger for a complete list of JARs that were scanned but no TLDs were found in them. Skipping unneeded JARs during scanning can improve startup time and JSP compilation time.
04-Aug-2019 14:34:10.962 INFO [localhost-startStop-1] com.sun.faces.config.ConfigureListener.contextInitialized Initializing Sun's JavaServer Faces implementation (1.2_04-b20-p03) for context '/TagPr'
04-Aug-2019 14:34:11.034 INFO [localhost-startStop-1] com.sun.faces.spi.InjectionProviderFactory.createInstance JSF1048: PostConstruct/PreDestroy annotations present.  ManagedBeans methods marked with these annotations will have said annotations processed.
04-Aug-2019 14:34:11.086 INFO [localhost-startStop-1] org.apache.catalina.startup.HostConfig.deployDescriptor Deployment of configuration descriptor [D:\1248515\javaServerSide\tomcat\apache-tomcat-8.5.42\apache-tomcat-8.5.42\conf\Catalina\localhost\TagPr.xml] has finished in [436] ms
04-Aug-2019 14:34:11.086 INFO [localhost-startStop-1] org.apache.catalina.startup.HostConfig.deployDescriptor Deploying configuration descriptor [D:\1248515\javaServerSide\tomcat\apache-tomcat-8.5.42\apache-tomcat-8.5.42\conf\Catalina\localhost\testJsp.xml]
04-Aug-2019 14:34:11.086 SEVERE [localhost-startStop-1] org.apache.catalina.core.ContainerBase.addChildInternal ContainerBase.addChild: start: 
	org.apache.catalina.LifecycleException: Failed to start component [StandardEngine[Catalina].StandardHost[localhost].StandardContext[/testJsp]]
		at org.apache.catalina.util.LifecycleBase.start(LifecycleBase.java:167)
		at org.apache.catalina.core.ContainerBase.addChildInternal(ContainerBase.java:754)
		at org.apache.catalina.core.ContainerBase.addChild(ContainerBase.java:730)
		at org.apache.catalina.core.StandardHost.addChild(StandardHost.java:744)
		at org.apache.catalina.startup.HostConfig.deployDescriptor(HostConfig.java:624)
		at org.apache.catalina.startup.HostConfig$DeployDescriptor.run(HostConfig.java:1833)
		at java.util.concurrent.Executors$RunnableAdapter.call(Executors.java:511)
		at java.util.concurrent.FutureTask.run(FutureTask.java:266)
		at java.util.concurrent.ThreadPoolExecutor.runWorker(ThreadPoolExecutor.java:1149)
		at java.util.concurrent.ThreadPoolExecutor$Worker.run(ThreadPoolExecutor.java:624)
		at java.lang.Thread.run(Thread.java:748)
	Caused by: org.apache.catalina.LifecycleException: Failed to start component [org.apache.catalina.webresources.StandardRoot@12acd246]
		at org.apache.catalina.util.LifecycleBase.start(LifecycleBase.java:167)
		at org.apache.catalina.core.StandardContext.resourcesStart(StandardContext.java:4885)
		at org.apache.catalina.core.StandardContext.startInternal(StandardContext.java:5020)
		at org.apache.catalina.util.LifecycleBase.start(LifecycleBase.java:150)
		... 10 more
	Caused by: java.lang.IllegalArgumentException: The main resource set specified [C:\Users\Java\Documents\NetBeansProjects\testJsp\build\web] is not valid
		at org.apache.catalina.webresources.StandardRoot.createMainResourceSet(StandardRoot.java:748)
		at org.apache.catalina.webresources.StandardRoot.startInternal(StandardRoot.java:706)
		at org.apache.catalina.util.LifecycleBase.start(LifecycleBase.java:150)
		... 13 more
04-Aug-2019 14:34:11.086 SEVERE [localhost-startStop-1] org.apache.catalina.startup.HostConfig.deployDescriptor Error deploying configuration descriptor [D:\1248515\javaServerSide\tomcat\apache-tomcat-8.5.42\apache-tomcat-8.5.42\conf\Catalina\localhost\testJsp.xml]
	java.lang.IllegalStateException: ContainerBase.addChild: start: org.apache.catalina.LifecycleException: Failed to start component [StandardEngine[Catalina].StandardHost[localhost].StandardContext[/testJsp]]
		at org.apache.catalina.core.ContainerBase.addChildInternal(ContainerBase.java:758)
		at org.apache.catalina.core.ContainerBase.addChild(ContainerBase.java:730)
		at org.apache.catalina.core.StandardHost.addChild(StandardHost.java:744)
		at org.apache.catalina.startup.HostConfig.deployDescriptor(HostConfig.java:624)
		at org.apache.catalina.startup.HostConfig$DeployDescriptor.run(HostConfig.java:1833)
		at java.util.concurrent.Executors$RunnableAdapter.call(Executors.java:511)
		at java.util.concurrent.FutureTask.run(FutureTask.java:266)
		at java.util.concurrent.ThreadPoolExecutor.runWorker(ThreadPoolExecutor.java:1149)
		at java.util.concurrent.ThreadPoolExecutor$Worker.run(ThreadPoolExecutor.java:624)
		at java.lang.Thread.run(Thread.java:748)
04-Aug-2019 14:34:11.086 INFO [localhost-startStop-1] org.apache.catalina.startup.HostConfig.deployDescriptor Deployment of configuration descriptor [D:\1248515\javaServerSide\tomcat\apache-tomcat-8.5.42\apache-tomcat-8.5.42\conf\Catalina\localhost\testJsp.xml] has finished in [0] ms
04-Aug-2019 14:34:11.086 INFO [localhost-startStop-1] org.apache.catalina.startup.HostConfig.deployDirectory Deploying web application directory [D:\1248515\javaServerSide\tomcat\apache-tomcat-8.5.42\apache-tomcat-8.5.42\webapps\docs]
04-Aug-2019 14:34:11.133 INFO [localhost-startStop-1] org.apache.catalina.startup.HostConfig.deployDirectory Deployment of web application directory [D:\1248515\javaServerSide\tomcat\apache-tomcat-8.5.42\apache-tomcat-8.5.42\webapps\docs] has finished in [47] ms
04-Aug-2019 14:34:11.133 INFO [localhost-startStop-1] org.apache.catalina.startup.HostConfig.deployDirectory Deploying web application directory [D:\1248515\javaServerSide\tomcat\apache-tomcat-8.5.42\apache-tomcat-8.5.42\webapps\examples]
04-Aug-2019 14:34:11.305 INFO [localhost-startStop-1] org.apache.catalina.startup.HostConfig.deployDirectory Deployment of web application directory [D:\1248515\javaServerSide\tomcat\apache-tomcat-8.5.42\apache-tomcat-8.5.42\webapps\examples] has finished in [172] ms
04-Aug-2019 14:34:11.305 INFO [localhost-startStop-1] org.apache.catalina.startup.HostConfig.deployDirectory Deploying web application directory [D:\1248515\javaServerSide\tomcat\apache-tomcat-8.5.42\apache-tomcat-8.5.42\webapps\host-manager]
04-Aug-2019 14:34:11.320 INFO [localhost-startStop-1] org.apache.catalina.startup.HostConfig.deployDirectory Deployment of web application directory [D:\1248515\javaServerSide\tomcat\apache-tomcat-8.5.42\apache-tomcat-8.5.42\webapps\host-manager] has finished in [15] ms
04-Aug-2019 14:34:11.320 INFO [localhost-startStop-1] org.apache.catalina.startup.HostConfig.deployDirectory Deploying web application directory [D:\1248515\javaServerSide\tomcat\apache-tomcat-8.5.42\apache-tomcat-8.5.42\webapps\manager]
04-Aug-2019 14:34:11.351 INFO [localhost-startStop-1] org.apache.catalina.startup.HostConfig.deployDirectory Deployment of web application directory [D:\1248515\javaServerSide\tomcat\apache-tomcat-8.5.42\apache-tomcat-8.5.42\webapps\manager] has finished in [31] ms
04-Aug-2019 14:34:11.351 INFO [localhost-startStop-1] org.apache.catalina.startup.HostConfig.deployDirectory Deploying web application directory [D:\1248515\javaServerSide\tomcat\apache-tomcat-8.5.42\apache-tomcat-8.5.42\webapps\ROOT]
04-Aug-2019 14:34:11.351 INFO [localhost-startStop-1] org.apache.catalina.startup.HostConfig.deployDirectory Deployment of web application directory [D:\1248515\javaServerSide\tomcat\apache-tomcat-8.5.42\apache-tomcat-8.5.42\webapps\ROOT] has finished in [0] ms
04-Aug-2019 14:34:11.351 INFO [main] org.apache.coyote.AbstractProtocol.start Starting ProtocolHandler ["http-nio-8080"]
04-Aug-2019 14:34:11.367 INFO [main] org.apache.coyote.AbstractProtocol.start Starting ProtocolHandler ["ajp-nio-8009"]
04-Aug-2019 14:34:11.367 INFO [main] org.apache.catalina.startup.Catalina.start Server startup in 17118 ms
04-Aug-2019 14:36:51.993 INFO [ContainerBackgroundProcessor[StandardEngine[Catalina]]] org.apache.catalina.startup.HostConfig.undeploy Undeploying context [/Project1]
04-Aug-2019 14:36:51.993 SEVERE [ContainerBackgroundProcessor[StandardEngine[Catalina]]] com.sun.faces.config.ConfigureListener.contextDestroyed Unexpected exception when attempting to tear down the Mojarra runtime
	java.lang.IllegalStateException: java.io.FileNotFoundException: D:\1248515\javaServerSide\Project1\Project1\build\web\WEB-INF\lib\javax.faces.jar (The system cannot find the path specified)
		at org.apache.catalina.webresources.AbstractSingleArchiveResourceSet.getArchiveEntry(AbstractSingleArchiveResourceSet.java:100)
		at org.apache.catalina.webresources.AbstractArchiveResourceSet.getResource(AbstractArchiveResourceSet.java:257)
		at org.apache.catalina.webresources.StandardRoot.getResourceInternal(StandardRoot.java:281)
		at org.apache.catalina.webresources.Cache.getResource(Cache.java:62)
		at org.apache.catalina.webresources.StandardRoot.getResource(StandardRoot.java:216)
		at org.apache.catalina.webresources.StandardRoot.getClassLoaderResource(StandardRoot.java:225)
		at org.apache.catalina.loader.WebappClassLoaderBase.findClassInternal(WebappClassLoaderBase.java:2285)
		at org.apache.catalina.loader.WebappClassLoaderBase.findClass(WebappClassLoaderBase.java:859)
		at org.apache.catalina.loader.WebappClassLoaderBase.loadClass(WebappClassLoaderBase.java:1333)
		at org.apache.catalina.loader.WebappClassLoaderBase.loadClass(WebappClassLoaderBase.java:1185)
		at com.sun.faces.config.ConfigureListener.contextDestroyed(ConfigureListener.java:323)
		at org.apache.catalina.core.StandardContext.listenerStop(StandardContext.java:4815)
		at org.apache.catalina.core.StandardContext.stopInternal(StandardContext.java:5474)
		at org.apache.catalina.util.LifecycleBase.stop(LifecycleBase.java:226)
		at org.apache.catalina.core.ContainerBase.removeChild(ContainerBase.java:845)
		at org.apache.catalina.startup.HostConfig.undeploy(HostConfig.java:1427)
		at org.apache.catalina.startup.HostConfig.checkResources(HostConfig.java:1354)
		at org.apache.catalina.startup.HostConfig.check(HostConfig.java:1613)
		at org.apache.catalina.startup.HostConfig.lifecycleEvent(HostConfig.java:314)
		at org.apache.catalina.util.LifecycleBase.fireLifecycleEvent(LifecycleBase.java:94)
		at org.apache.catalina.core.ContainerBase.backgroundProcess(ContainerBase.java:1170)
		at org.apache.catalina.core.ContainerBase$ContainerBackgroundProcessor.processChildren(ContainerBase.java:1392)
		at org.apache.catalina.core.ContainerBase$ContainerBackgroundProcessor.processChildren(ContainerBase.java:1396)
		at org.apache.catalina.core.ContainerBase$ContainerBackgroundProcessor.run(ContainerBase.java:1364)
		at java.lang.Thread.run(Thread.java:748)
	Caused by: java.io.FileNotFoundException: D:\1248515\javaServerSide\Project1\Project1\build\web\WEB-INF\lib\javax.faces.jar (The system cannot find the path specified)
		at java.util.zip.ZipFile.open(Native Method)
		at java.util.zip.ZipFile.<init>(ZipFile.java:225)
		at java.util.zip.ZipFile.<init>(ZipFile.java:155)
		at java.util.jar.JarFile.<init>(JarFile.java:166)
		at java.util.jar.JarFile.<init>(JarFile.java:130)
		at org.apache.tomcat.util.compat.JreCompat.jarFileNewInstance(JreCompat.java:196)
		at org.apache.tomcat.util.compat.JreCompat.jarFileNewInstance(JreCompat.java:181)
		at org.apache.catalina.webresources.AbstractArchiveResourceSet.openJarFile(AbstractArchiveResourceSet.java:308)
		at org.apache.catalina.webresources.AbstractSingleArchiveResourceSet.getArchiveEntry(AbstractSingleArchiveResourceSet.java:96)
		... 24 more
04-Aug-2019 14:36:51.993 SEVERE [ContainerBackgroundProcessor[StandardEngine[Catalina]]] javax.faces.FactoryFinder.releaseFactories Unable to invoke @PreDestroy annotated methods on com.sun.faces.facelets.tag.jsf.TagHandlerDelegateFactoryImpl@63fbb47b.
	java.lang.IllegalStateException: java.io.FileNotFoundException: D:\1248515\javaServerSide\Project1\Project1\build\web\WEB-INF\lib\javax.faces.jar (The system cannot find the path specified)
		at org.apache.catalina.webresources.AbstractSingleArchiveResourceSet.getArchiveEntry(AbstractSingleArchiveResourceSet.java:100)
		at org.apache.catalina.webresources.AbstractArchiveResourceSet.getResource(AbstractArchiveResourceSet.java:257)
		at org.apache.catalina.webresources.StandardRoot.getResourceInternal(StandardRoot.java:281)
		at org.apache.catalina.webresources.Cache.getResource(Cache.java:62)
		at org.apache.catalina.webresources.StandardRoot.getResource(StandardRoot.java:216)
		at org.apache.catalina.webresources.StandardRoot.getClassLoaderResource(StandardRoot.java:225)
		at org.apache.catalina.loader.WebappClassLoaderBase.findClassInternal(WebappClassLoaderBase.java:2285)
		at org.apache.catalina.loader.WebappClassLoaderBase.findClass(WebappClassLoaderBase.java:859)
		at org.apache.catalina.loader.WebappClassLoaderBase.loadClass(WebappClassLoaderBase.java:1333)
		at org.apache.catalina.loader.WebappClassLoaderBase.loadClass(WebappClassLoaderBase.java:1185)
		at java.lang.Class.getDeclaredMethods0(Native Method)
		at java.lang.Class.privateGetDeclaredMethods(Class.java:2701)
		at java.lang.Class.getDeclaredMethods(Class.java:1975)
		at com.sun.faces.vendor.WebContainerInjectionProvider.getAnnotatedMethod(WebContainerInjectionProvider.java:163)
		at com.sun.faces.vendor.WebContainerInjectionProvider.invokePreDestroy(WebContainerInjectionProvider.java:83)
		at javax.faces.FactoryFinder.releaseFactories(FactoryFinder.java:442)
		at com.sun.faces.config.ConfigManager.releaseFactories(ConfigManager.java:809)
		at com.sun.faces.config.ConfigManager.destroy(ConfigManager.java:475)
		at com.sun.faces.config.ConfigureListener.contextDestroyed(ConfigureListener.java:338)
		at org.apache.catalina.core.StandardContext.listenerStop(StandardContext.java:4815)
		at org.apache.catalina.core.StandardContext.stopInternal(StandardContext.java:5474)
		at org.apache.catalina.util.LifecycleBase.stop(LifecycleBase.java:226)
		at org.apache.catalina.core.ContainerBase.removeChild(ContainerBase.java:845)
		at org.apache.catalina.startup.HostConfig.undeploy(HostConfig.java:1427)
		at org.apache.catalina.startup.HostConfig.checkResources(HostConfig.java:1354)
		at org.apache.catalina.startup.HostConfig.check(HostConfig.java:1613)
		at org.apache.catalina.startup.HostConfig.lifecycleEvent(HostConfig.java:314)
		at org.apache.catalina.util.LifecycleBase.fireLifecycleEvent(LifecycleBase.java:94)
		at org.apache.catalina.core.ContainerBase.backgroundProcess(ContainerBase.java:1170)
		at org.apache.catalina.core.ContainerBase$ContainerBackgroundProcessor.processChildren(ContainerBase.java:1392)
		at org.apache.catalina.core.ContainerBase$ContainerBackgroundProcessor.processChildren(ContainerBase.java:1396)
		at org.apache.catalina.core.ContainerBase$ContainerBackgroundProcessor.run(ContainerBase.java:1364)
		at java.lang.Thread.run(Thread.java:748)
	Caused by: java.io.FileNotFoundException: D:\1248515\javaServerSide\Project1\Project1\build\web\WEB-INF\lib\javax.faces.jar (The system cannot find the path specified)
		at java.util.zip.ZipFile.open(Native Method)
		at java.util.zip.ZipFile.<init>(ZipFile.java:225)
		at java.util.zip.ZipFile.<init>(ZipFile.java:155)
		at java.util.jar.JarFile.<init>(JarFile.java:166)
		at java.util.jar.JarFile.<init>(JarFile.java:130)
		at org.apache.tomcat.util.compat.JreCompat.jarFileNewInstance(JreCompat.java:196)
		at org.apache.tomcat.util.compat.JreCompat.jarFileNewInstance(JreCompat.java:181)
		at org.apache.catalina.webresources.AbstractArchiveResourceSet.openJarFile(AbstractArchiveResourceSet.java:308)
		at org.apache.catalina.webresources.AbstractSingleArchiveResourceSet.getArchiveEntry(AbstractSingleArchiveResourceSet.java:96)
		... 32 more
04-Aug-2019 14:36:52.165 INFO [localhost-startStop-2] org.apache.catalina.startup.HostConfig.deployDescriptor Deploying configuration descriptor [D:\1248515\javaServerSide\tomcat\apache-tomcat-8.5.42\apache-tomcat-8.5.42\conf\Catalina\localhost\Project1.xml]
04-Aug-2019 14:36:52.180 SEVERE [localhost-startStop-2] org.apache.catalina.core.ContainerBase.addChildInternal ContainerBase.addChild: start: 
	org.apache.catalina.LifecycleException: Failed to start component [StandardEngine[Catalina].StandardHost[localhost].StandardContext[/Project1]]
		at org.apache.catalina.util.LifecycleBase.start(LifecycleBase.java:167)
		at org.apache.catalina.core.ContainerBase.addChildInternal(ContainerBase.java:754)
		at org.apache.catalina.core.ContainerBase.addChild(ContainerBase.java:730)
		at org.apache.catalina.core.StandardHost.addChild(StandardHost.java:744)
		at org.apache.catalina.startup.HostConfig.deployDescriptor(HostConfig.java:624)
		at org.apache.catalina.startup.HostConfig$DeployDescriptor.run(HostConfig.java:1833)
		at java.util.concurrent.Executors$RunnableAdapter.call(Executors.java:511)
		at java.util.concurrent.FutureTask.run(FutureTask.java:266)
		at java.util.concurrent.ThreadPoolExecutor.runWorker(ThreadPoolExecutor.java:1149)
		at java.util.concurrent.ThreadPoolExecutor$Worker.run(ThreadPoolExecutor.java:624)
		at java.lang.Thread.run(Thread.java:748)
	Caused by: org.apache.catalina.LifecycleException: Failed to start component [org.apache.catalina.webresources.StandardRoot@6adf1146]
		at org.apache.catalina.util.LifecycleBase.start(LifecycleBase.java:167)
		at org.apache.catalina.core.StandardContext.resourcesStart(StandardContext.java:4885)
		at org.apache.catalina.core.StandardContext.startInternal(StandardContext.java:5020)
		at org.apache.catalina.util.LifecycleBase.start(LifecycleBase.java:150)
		... 10 more
	Caused by: java.lang.IllegalArgumentException: The main resource set specified [D:\1248515\javaServerSide\Project1\Project1\build\web] is not valid
		at org.apache.catalina.webresources.StandardRoot.createMainResourceSet(StandardRoot.java:748)
		at org.apache.catalina.webresources.StandardRoot.startInternal(StandardRoot.java:706)
		at org.apache.catalina.util.LifecycleBase.start(LifecycleBase.java:150)
		... 13 more
04-Aug-2019 14:36:52.180 SEVERE [localhost-startStop-2] org.apache.catalina.startup.HostConfig.deployDescriptor Error deploying configuration descriptor [D:\1248515\javaServerSide\tomcat\apache-tomcat-8.5.42\apache-tomcat-8.5.42\conf\Catalina\localhost\Project1.xml]
	java.lang.IllegalStateException: ContainerBase.addChild: start: org.apache.catalina.LifecycleException: Failed to start component [StandardEngine[Catalina].StandardHost[localhost].StandardContext[/Project1]]
		at org.apache.catalina.core.ContainerBase.addChildInternal(ContainerBase.java:758)
		at org.apache.catalina.core.ContainerBase.addChild(ContainerBase.java:730)
		at org.apache.catalina.core.StandardHost.addChild(StandardHost.java:744)
		at org.apache.catalina.startup.HostConfig.deployDescriptor(HostConfig.java:624)
		at org.apache.catalina.startup.HostConfig$DeployDescriptor.run(HostConfig.java:1833)
		at java.util.concurrent.Executors$RunnableAdapter.call(Executors.java:511)
		at java.util.concurrent.FutureTask.run(FutureTask.java:266)
		at java.util.concurrent.ThreadPoolExecutor.runWorker(ThreadPoolExecutor.java:1149)
		at java.util.concurrent.ThreadPoolExecutor$Worker.run(ThreadPoolExecutor.java:624)
		at java.lang.Thread.run(Thread.java:748)
04-Aug-2019 14:36:52.180 INFO [localhost-startStop-2] org.apache.catalina.startup.HostConfig.deployDescriptor Deployment of configuration descriptor [D:\1248515\javaServerSide\tomcat\apache-tomcat-8.5.42\apache-tomcat-8.5.42\conf\Catalina\localhost\Project1.xml] has finished in [15] ms
04-Aug-2019 14:37:36.582 INFO [http-nio-8080-exec-5] org.apache.catalina.startup.HostConfig.undeploy Undeploying context [/Project1]
04-Aug-2019 14:37:36.613 INFO [http-nio-8080-exec-8] org.apache.catalina.startup.HostConfig.deployDescriptor Deploying configuration descriptor [D:\1248515\javaServerSide\tomcat\apache-tomcat-8.5.42\apache-tomcat-8.5.42\conf\Catalina\localhost\Project1.xml]
04-Aug-2019 14:37:36.876 INFO [http-nio-8080-exec-8] org.apache.jasper.servlet.TldScanner.scanJars At least one JAR was scanned for TLDs yet contained no TLDs. Enable debug logging for this logger for a complete list of JARs that were scanned but no TLDs were found in them. Skipping unneeded JARs during scanning can improve startup time and JSP compilation time.
04-Aug-2019 14:37:36.923 INFO [http-nio-8080-exec-8] com.sun.faces.config.ConfigureListener.contextInitialized Initializing Mojarra 2.2.7 ( 20140610-1547 https://svn.java.net/svn/mojarra~svn/tags/2.2.7@13362) for context '/Project1'
04-Aug-2019 14:37:36.954 INFO [http-nio-8080-exec-8] com.sun.faces.spi.InjectionProviderFactory.createInstance JSF1048: PostConstruct/PreDestroy annotations present.  ManagedBeans methods marked with these annotations will have said annotations processed.
04-Aug-2019 14:37:37.251 INFO [http-nio-8080-exec-8] org.apache.catalina.startup.HostConfig.deployDescriptor Deployment of configuration descriptor [D:\1248515\javaServerSide\tomcat\apache-tomcat-8.5.42\apache-tomcat-8.5.42\conf\Catalina\localhost\Project1.xml] has finished in [638] ms
04-Aug-2019 14:37:37.267 INFO [http-nio-8080-exec-6] org.apache.catalina.util.LifecycleBase.start The start() method was called on component [StandardEngine[Catalina].StandardHost[localhost].StandardContext[/Project1]] after start() had already been called. The second call will be ignored.
04-Aug-2019 14:37:42.095 WARNING [http-nio-8080-exec-7] com.sun.faces.context.SessionMap.put JSF1063: WARNING! Setting non-serializable attribute value into HttpSession (key: employee, value class: Com.Emp.Info.EmployeeInfo).
04-Aug-2019 14:57:56.108 INFO [http-nio-8080-exec-16] org.apache.catalina.startup.HostConfig.undeploy Undeploying context [/Project1]
04-Aug-2019 14:57:56.117 INFO [http-nio-8080-exec-21] org.apache.catalina.startup.HostConfig.deployDescriptor Deploying configuration descriptor [D:\1248515\javaServerSide\tomcat\apache-tomcat-8.5.42\apache-tomcat-8.5.42\conf\Catalina\localhost\Project1.xml]
04-Aug-2019 14:57:56.428 INFO [http-nio-8080-exec-21] org.apache.jasper.servlet.TldScanner.scanJars At least one JAR was scanned for TLDs yet contained no TLDs. Enable debug logging for this logger for a complete list of JARs that were scanned but no TLDs were found in them. Skipping unneeded JARs during scanning can improve startup time and JSP compilation time.
04-Aug-2019 14:57:56.473 INFO [http-nio-8080-exec-21] com.sun.faces.config.ConfigureListener.contextInitialized Initializing Mojarra 2.2.7 ( 20140610-1547 https://svn.java.net/svn/mojarra~svn/tags/2.2.7@13362) for context '/Project1'
04-Aug-2019 14:57:56.517 INFO [http-nio-8080-exec-21] com.sun.faces.spi.InjectionProviderFactory.createInstance JSF1048: PostConstruct/PreDestroy annotations present.  ManagedBeans methods marked with these annotations will have said annotations processed.
04-Aug-2019 14:57:56.833 INFO [http-nio-8080-exec-21] org.apache.catalina.startup.HostConfig.deployDescriptor Deployment of configuration descriptor [D:\1248515\javaServerSide\tomcat\apache-tomcat-8.5.42\apache-tomcat-8.5.42\conf\Catalina\localhost\Project1.xml] has finished in [716] ms
04-Aug-2019 14:57:56.836 INFO [http-nio-8080-exec-23] org.apache.catalina.util.LifecycleBase.start The start() method was called on component [StandardEngine[Catalina].StandardHost[localhost].StandardContext[/Project1]] after start() had already been called. The second call will be ignored.
04-Aug-2019 14:57:58.175 WARNING [http-nio-8080-exec-20] com.sun.faces.context.SessionMap.put JSF1063: WARNING! Setting non-serializable attribute value into HttpSession (key: employee, value class: Com.Emp.Info.EmployeeInfo).
04-Aug-2019 14:58:05.219 WARNING [http-nio-8080-exec-18] com.sun.faces.context.ExternalContextImpl.getMimeType JSF1091: No mime type could be found for file /information.jsp.  To resolve this, add a mime-type mapping to the applications web.xml.
04-Aug-2019 14:58:40.205 WARNING [http-nio-8080-exec-23] com.sun.faces.context.ExternalContextImpl.getMimeType JSF1091: No mime type could be found for file /information.jsp.  To resolve this, add a mime-type mapping to the applications web.xml.
04-Aug-2019 15:00:11.293 WARNING [http-nio-8080-exec-26] com.sun.faces.context.ExternalContextImpl.getMimeType JSF1091: No mime type could be found for file /information.jsp.  To resolve this, add a mime-type mapping to the applications web.xml.
04-Aug-2019 15:00:30.938 WARNING [http-nio-8080-exec-27] com.sun.faces.context.ExternalContextImpl.getMimeType JSF1091: No mime type could be found for file /information.jsp.  To resolve this, add a mime-type mapping to the applications web.xml.
04-Aug-2019 15:04:47.418 INFO [http-nio-8080-exec-30] org.apache.catalina.core.StandardContext.reload Reloading Context with name [/Project1] has started
04-Aug-2019 15:04:47.690 INFO [http-nio-8080-exec-30] org.apache.jasper.servlet.TldScanner.scanJars At least one JAR was scanned for TLDs yet contained no TLDs. Enable debug logging for this logger for a complete list of JARs that were scanned but no TLDs were found in them. Skipping unneeded JARs during scanning can improve startup time and JSP compilation time.
04-Aug-2019 15:04:47.744 INFO [http-nio-8080-exec-30] com.sun.faces.config.ConfigureListener.contextInitialized Initializing Mojarra 2.2.7 ( 20140610-1547 https://svn.java.net/svn/mojarra~svn/tags/2.2.7@13362) for context '/Project1'
04-Aug-2019 15:04:47.782 INFO [http-nio-8080-exec-30] com.sun.faces.spi.InjectionProviderFactory.createInstance JSF1048: PostConstruct/PreDestroy annotations present.  ManagedBeans methods marked with these annotations will have said annotations processed.
04-Aug-2019 15:04:48.041 INFO [http-nio-8080-exec-30] org.apache.catalina.core.StandardContext.reload Reloading Context with name [/Project1] is completed
04-Aug-2019 15:06:26.537 INFO [http-nio-8080-exec-32] org.apache.catalina.startup.HostConfig.undeploy Undeploying context [/Project1]
04-Aug-2019 15:06:26.546 INFO [http-nio-8080-exec-28] org.apache.catalina.startup.HostConfig.deployDescriptor Deploying configuration descriptor [D:\1248515\javaServerSide\tomcat\apache-tomcat-8.5.42\apache-tomcat-8.5.42\conf\Catalina\localhost\Project1.xml]
04-Aug-2019 15:06:26.793 INFO [http-nio-8080-exec-28] org.apache.jasper.servlet.TldScanner.scanJars At least one JAR was scanned for TLDs yet contained no TLDs. Enable debug logging for this logger for a complete list of JARs that were scanned but no TLDs were found in them. Skipping unneeded JARs during scanning can improve startup time and JSP compilation time.
04-Aug-2019 15:06:26.848 INFO [http-nio-8080-exec-28] com.sun.faces.config.ConfigureListener.contextInitialized Initializing Mojarra 2.2.7 ( 20140610-1547 https://svn.java.net/svn/mojarra~svn/tags/2.2.7@13362) for context '/Project1'
04-Aug-2019 15:06:26.891 INFO [http-nio-8080-exec-28] com.sun.faces.spi.InjectionProviderFactory.createInstance JSF1048: PostConstruct/PreDestroy annotations present.  ManagedBeans methods marked with these annotations will have said annotations processed.
04-Aug-2019 15:06:27.133 INFO [http-nio-8080-exec-28] org.apache.catalina.startup.HostConfig.deployDescriptor Deployment of configuration descriptor [D:\1248515\javaServerSide\tomcat\apache-tomcat-8.5.42\apache-tomcat-8.5.42\conf\Catalina\localhost\Project1.xml] has finished in [587] ms
04-Aug-2019 15:06:27.136 INFO [http-nio-8080-exec-24] org.apache.catalina.util.LifecycleBase.start The start() method was called on component [StandardEngine[Catalina].StandardHost[localhost].StandardContext[/Project1]] after start() had already been called. The second call will be ignored.
04-Aug-2019 15:06:28.128 WARNING [http-nio-8080-exec-35] com.sun.faces.context.SessionMap.put JSF1063: WARNING! Setting non-serializable attribute value into HttpSession (key: employee, value class: Com.Emp.Info.EmployeeInfo).
04-Aug-2019 15:07:49.177 INFO [http-nio-8080-exec-42] org.apache.catalina.startup.HostConfig.undeploy Undeploying context [/Project1]
04-Aug-2019 15:07:49.185 INFO [http-nio-8080-exec-39] org.apache.catalina.startup.HostConfig.deployDescriptor Deploying configuration descriptor [D:\1248515\javaServerSide\tomcat\apache-tomcat-8.5.42\apache-tomcat-8.5.42\conf\Catalina\localhost\Project1.xml]
04-Aug-2019 15:07:49.439 INFO [http-nio-8080-exec-39] org.apache.jasper.servlet.TldScanner.scanJars At least one JAR was scanned for TLDs yet contained no TLDs. Enable debug logging for this logger for a complete list of JARs that were scanned but no TLDs were found in them. Skipping unneeded JARs during scanning can improve startup time and JSP compilation time.
04-Aug-2019 15:07:49.477 INFO [http-nio-8080-exec-39] com.sun.faces.config.ConfigureListener.contextInitialized Initializing Mojarra 2.2.7 ( 20140610-1547 https://svn.java.net/svn/mojarra~svn/tags/2.2.7@13362) for context '/Project1'
04-Aug-2019 15:07:49.514 INFO [http-nio-8080-exec-39] com.sun.faces.spi.InjectionProviderFactory.createInstance JSF1048: PostConstruct/PreDestroy annotations present.  ManagedBeans methods marked with these annotations will have said annotations processed.
04-Aug-2019 15:07:49.741 INFO [http-nio-8080-exec-39] org.apache.catalina.startup.HostConfig.deployDescriptor Deployment of configuration descriptor [D:\1248515\javaServerSide\tomcat\apache-tomcat-8.5.42\apache-tomcat-8.5.42\conf\Catalina\localhost\Project1.xml] has finished in [556] ms
04-Aug-2019 15:07:49.743 INFO [http-nio-8080-exec-47] org.apache.catalina.util.LifecycleBase.start The start() method was called on component [StandardEngine[Catalina].StandardHost[localhost].StandardContext[/Project1]] after start() had already been called. The second call will be ignored.
04-Aug-2019 15:07:50.519 WARNING [http-nio-8080-exec-44] com.sun.faces.context.SessionMap.put JSF1063: WARNING! Setting non-serializable attribute value into HttpSession (key: employee, value class: Com.Emp.Info.EmployeeInfo).
04-Aug-2019 15:08:36.894 INFO [http-nio-8080-exec-48] org.apache.catalina.startup.HostConfig.undeploy Undeploying context [/Project1]
04-Aug-2019 15:08:36.902 INFO [http-nio-8080-exec-54] org.apache.catalina.startup.HostConfig.deployDescriptor Deploying configuration descriptor [D:\1248515\javaServerSide\tomcat\apache-tomcat-8.5.42\apache-tomcat-8.5.42\conf\Catalina\localhost\Project1.xml]
04-Aug-2019 15:08:37.153 INFO [http-nio-8080-exec-54] org.apache.jasper.servlet.TldScanner.scanJars At least one JAR was scanned for TLDs yet contained no TLDs. Enable debug logging for this logger for a complete list of JARs that were scanned but no TLDs were found in them. Skipping unneeded JARs during scanning can improve startup time and JSP compilation time.
04-Aug-2019 15:08:37.195 INFO [http-nio-8080-exec-54] com.sun.faces.config.ConfigureListener.contextInitialized Initializing Mojarra 2.2.7 ( 20140610-1547 https://svn.java.net/svn/mojarra~svn/tags/2.2.7@13362) for context '/Project1'
04-Aug-2019 15:08:37.240 INFO [http-nio-8080-exec-54] com.sun.faces.spi.InjectionProviderFactory.createInstance JSF1048: PostConstruct/PreDestroy annotations present.  ManagedBeans methods marked with these annotations will have said annotations processed.
04-Aug-2019 15:08:37.478 INFO [http-nio-8080-exec-54] org.apache.catalina.startup.HostConfig.deployDescriptor Deployment of configuration descriptor [D:\1248515\javaServerSide\tomcat\apache-tomcat-8.5.42\apache-tomcat-8.5.42\conf\Catalina\localhost\Project1.xml] has finished in [576] ms
04-Aug-2019 15:08:37.481 INFO [http-nio-8080-exec-51] org.apache.catalina.util.LifecycleBase.start The start() method was called on component [StandardEngine[Catalina].StandardHost[localhost].StandardContext[/Project1]] after start() had already been called. The second call will be ignored.
04-Aug-2019 15:08:38.035 WARNING [http-nio-8080-exec-41] com.sun.faces.context.SessionMap.put JSF1063: WARNING! Setting non-serializable attribute value into HttpSession (key: employee, value class: Com.Emp.Info.EmployeeInfo).
04-Aug-2019 15:13:42.157 INFO [http-nio-8080-exec-58] org.apache.catalina.startup.HostConfig.undeploy Undeploying context [/Project1]
04-Aug-2019 15:13:42.167 INFO [http-nio-8080-exec-57] org.apache.catalina.startup.HostConfig.deployDescriptor Deploying configuration descriptor [D:\1248515\javaServerSide\tomcat\apache-tomcat-8.5.42\apache-tomcat-8.5.42\conf\Catalina\localhost\Project1.xml]
04-Aug-2019 15:13:42.418 INFO [http-nio-8080-exec-57] org.apache.jasper.servlet.TldScanner.scanJars At least one JAR was scanned for TLDs yet contained no TLDs. Enable debug logging for this logger for a complete list of JARs that were scanned but no TLDs were found in them. Skipping unneeded JARs during scanning can improve startup time and JSP compilation time.
04-Aug-2019 15:13:42.458 INFO [http-nio-8080-exec-57] com.sun.faces.config.ConfigureListener.contextInitialized Initializing Mojarra 2.2.7 ( 20140610-1547 https://svn.java.net/svn/mojarra~svn/tags/2.2.7@13362) for context '/Project1'
04-Aug-2019 15:13:42.498 INFO [http-nio-8080-exec-57] com.sun.faces.spi.InjectionProviderFactory.createInstance JSF1048: PostConstruct/PreDestroy annotations present.  ManagedBeans methods marked with these annotations will have said annotations processed.
04-Aug-2019 15:13:42.726 INFO [http-nio-8080-exec-57] org.apache.catalina.startup.HostConfig.deployDescriptor Deployment of configuration descriptor [D:\1248515\javaServerSide\tomcat\apache-tomcat-8.5.42\apache-tomcat-8.5.42\conf\Catalina\localhost\Project1.xml] has finished in [560] ms
04-Aug-2019 15:13:42.730 INFO [http-nio-8080-exec-61] org.apache.catalina.util.LifecycleBase.start The start() method was called on component [StandardEngine[Catalina].StandardHost[localhost].StandardContext[/Project1]] after start() had already been called. The second call will be ignored.
04-Aug-2019 15:13:43.674 WARNING [http-nio-8080-exec-64] com.sun.faces.context.SessionMap.put JSF1063: WARNING! Setting non-serializable attribute value into HttpSession (key: employee, value class: Com.Emp.Info.EmployeeInfo).
04-Aug-2019 15:14:08.018 INFO [http-nio-8080-exec-68] org.apache.catalina.startup.HostConfig.undeploy Undeploying context [/Project1]
04-Aug-2019 15:14:08.027 INFO [http-nio-8080-exec-57] org.apache.catalina.startup.HostConfig.deployDescriptor Deploying configuration descriptor [D:\1248515\javaServerSide\tomcat\apache-tomcat-8.5.42\apache-tomcat-8.5.42\conf\Catalina\localhost\Project1.xml]
04-Aug-2019 15:14:08.279 INFO [http-nio-8080-exec-57] org.apache.jasper.servlet.TldScanner.scanJars At least one JAR was scanned for TLDs yet contained no TLDs. Enable debug logging for this logger for a complete list of JARs that were scanned but no TLDs were found in them. Skipping unneeded JARs during scanning can improve startup time and JSP compilation time.
04-Aug-2019 15:14:08.316 INFO [http-nio-8080-exec-57] com.sun.faces.config.ConfigureListener.contextInitialized Initializing Mojarra 2.2.7 ( 20140610-1547 https://svn.java.net/svn/mojarra~svn/tags/2.2.7@13362) for context '/Project1'
04-Aug-2019 15:14:08.355 INFO [http-nio-8080-exec-57] com.sun.faces.spi.InjectionProviderFactory.createInstance JSF1048: PostConstruct/PreDestroy annotations present.  ManagedBeans methods marked with these annotations will have said annotations processed.
04-Aug-2019 15:14:08.580 INFO [http-nio-8080-exec-57] org.apache.catalina.startup.HostConfig.deployDescriptor Deployment of configuration descriptor [D:\1248515\javaServerSide\tomcat\apache-tomcat-8.5.42\apache-tomcat-8.5.42\conf\Catalina\localhost\Project1.xml] has finished in [554] ms
04-Aug-2019 15:14:08.582 INFO [http-nio-8080-exec-65] org.apache.catalina.util.LifecycleBase.start The start() method was called on component [StandardEngine[Catalina].StandardHost[localhost].StandardContext[/Project1]] after start() had already been called. The second call will be ignored.
04-Aug-2019 15:14:09.492 WARNING [http-nio-8080-exec-69] com.sun.faces.context.SessionMap.put JSF1063: WARNING! Setting non-serializable attribute value into HttpSession (key: employee, value class: Com.Emp.Info.EmployeeInfo).
04-Aug-2019 15:16:13.064 INFO [http-nio-8080-exec-74] org.apache.catalina.startup.HostConfig.undeploy Undeploying context [/Project1]
04-Aug-2019 15:16:13.077 INFO [http-nio-8080-exec-78] org.apache.catalina.startup.HostConfig.deployDescriptor Deploying configuration descriptor [D:\1248515\javaServerSide\tomcat\apache-tomcat-8.5.42\apache-tomcat-8.5.42\conf\Catalina\localhost\Project1.xml]
04-Aug-2019 15:16:13.327 INFO [http-nio-8080-exec-78] org.apache.jasper.servlet.TldScanner.scanJars At least one JAR was scanned for TLDs yet contained no TLDs. Enable debug logging for this logger for a complete list of JARs that were scanned but no TLDs were found in them. Skipping unneeded JARs during scanning can improve startup time and JSP compilation time.
04-Aug-2019 15:16:13.365 INFO [http-nio-8080-exec-78] com.sun.faces.config.ConfigureListener.contextInitialized Initializing Mojarra 2.2.7 ( 20140610-1547 https://svn.java.net/svn/mojarra~svn/tags/2.2.7@13362) for context '/Project1'
04-Aug-2019 15:16:13.403 INFO [http-nio-8080-exec-78] com.sun.faces.spi.InjectionProviderFactory.createInstance JSF1048: PostConstruct/PreDestroy annotations present.  ManagedBeans methods marked with these annotations will have said annotations processed.
04-Aug-2019 15:16:13.640 INFO [http-nio-8080-exec-78] org.apache.catalina.startup.HostConfig.deployDescriptor Deployment of configuration descriptor [D:\1248515\javaServerSide\tomcat\apache-tomcat-8.5.42\apache-tomcat-8.5.42\conf\Catalina\localhost\Project1.xml] has finished in [564] ms
04-Aug-2019 15:16:13.644 INFO [http-nio-8080-exec-69] org.apache.catalina.util.LifecycleBase.start The start() method was called on component [StandardEngine[Catalina].StandardHost[localhost].StandardContext[/Project1]] after start() had already been called. The second call will be ignored.
04-Aug-2019 15:16:14.180 WARNING [http-nio-8080-exec-71] com.sun.faces.context.SessionMap.put JSF1063: WARNING! Setting non-serializable attribute value into HttpSession (key: employee, value class: Com.Emp.Info.EmployeeInfo).
04-Aug-2019 15:26:57.465 INFO [http-nio-8080-exec-80] org.apache.catalina.startup.HostConfig.undeploy Undeploying context [/Project1]
04-Aug-2019 15:26:57.475 INFO [http-nio-8080-exec-79] org.apache.catalina.startup.HostConfig.deployDescriptor Deploying configuration descriptor [D:\1248515\javaServerSide\tomcat\apache-tomcat-8.5.42\apache-tomcat-8.5.42\conf\Catalina\localhost\Project1.xml]
04-Aug-2019 15:26:57.725 INFO [http-nio-8080-exec-79] org.apache.jasper.servlet.TldScanner.scanJars At least one JAR was scanned for TLDs yet contained no TLDs. Enable debug logging for this logger for a complete list of JARs that were scanned but no TLDs were found in them. Skipping unneeded JARs during scanning can improve startup time and JSP compilation time.
04-Aug-2019 15:26:57.761 INFO [http-nio-8080-exec-79] com.sun.faces.config.ConfigureListener.contextInitialized Initializing Mojarra 2.2.7 ( 20140610-1547 https://svn.java.net/svn/mojarra~svn/tags/2.2.7@13362) for context '/Project1'
04-Aug-2019 15:26:57.797 INFO [http-nio-8080-exec-79] com.sun.faces.spi.InjectionProviderFactory.createInstance JSF1048: PostConstruct/PreDestroy annotations present.  ManagedBeans methods marked with these annotations will have said annotations processed.
04-Aug-2019 15:26:58.020 INFO [http-nio-8080-exec-79] org.apache.catalina.startup.HostConfig.deployDescriptor Deployment of configuration descriptor [D:\1248515\javaServerSide\tomcat\apache-tomcat-8.5.42\apache-tomcat-8.5.42\conf\Catalina\localhost\Project1.xml] has finished in [546] ms
04-Aug-2019 15:26:58.023 INFO [http-nio-8080-exec-85] org.apache.catalina.util.LifecycleBase.start The start() method was called on component [StandardEngine[Catalina].StandardHost[localhost].StandardContext[/Project1]] after start() had already been called. The second call will be ignored.
04-Aug-2019 15:26:58.958 WARNING [http-nio-8080-exec-84] com.sun.faces.context.SessionMap.put JSF1063: WARNING! Setting non-serializable attribute value into HttpSession (key: employee, value class: Com.Emp.Info.EmployeeInfo).
04-Aug-2019 15:30:26.898 INFO [http-nio-8080-exec-96] org.apache.catalina.startup.HostConfig.undeploy Undeploying context [/Project1]
04-Aug-2019 15:30:26.906 INFO [http-nio-8080-exec-97] org.apache.catalina.startup.HostConfig.deployDescriptor Deploying configuration descriptor [D:\1248515\javaServerSide\tomcat\apache-tomcat-8.5.42\apache-tomcat-8.5.42\conf\Catalina\localhost\Project1.xml]
04-Aug-2019 15:30:27.159 INFO [http-nio-8080-exec-97] org.apache.jasper.servlet.TldScanner.scanJars At least one JAR was scanned for TLDs yet contained no TLDs. Enable debug logging for this logger for a complete list of JARs that were scanned but no TLDs were found in them. Skipping unneeded JARs during scanning can improve startup time and JSP compilation time.
04-Aug-2019 15:30:27.196 INFO [http-nio-8080-exec-97] com.sun.faces.config.ConfigureListener.contextInitialized Initializing Mojarra 2.2.7 ( 20140610-1547 https://svn.java.net/svn/mojarra~svn/tags/2.2.7@13362) for context '/Project1'
04-Aug-2019 15:30:27.234 INFO [http-nio-8080-exec-97] com.sun.faces.spi.InjectionProviderFactory.createInstance JSF1048: PostConstruct/PreDestroy annotations present.  ManagedBeans methods marked with these annotations will have said annotations processed.
04-Aug-2019 15:30:27.465 INFO [http-nio-8080-exec-97] org.apache.catalina.startup.HostConfig.deployDescriptor Deployment of configuration descriptor [D:\1248515\javaServerSide\tomcat\apache-tomcat-8.5.42\apache-tomcat-8.5.42\conf\Catalina\localhost\Project1.xml] has finished in [559] ms
04-Aug-2019 15:30:27.474 INFO [http-nio-8080-exec-98] org.apache.catalina.util.LifecycleBase.start The start() method was called on component [StandardEngine[Catalina].StandardHost[localhost].StandardContext[/Project1]] after start() had already been called. The second call will be ignored.
04-Aug-2019 15:30:28.386 WARNING [http-nio-8080-exec-92] com.sun.faces.context.SessionMap.put JSF1063: WARNING! Setting non-serializable attribute value into HttpSession (key: employee, value class: Com.Emp.Info.EmployeeInfo).
04-Aug-2019 18:56:36.083 INFO [main] org.apache.catalina.core.StandardServer.await A valid shutdown command was received via the shutdown port. Stopping the Server instance.
04-Aug-2019 18:56:36.084 INFO [main] org.apache.coyote.AbstractProtocol.pause Pausing ProtocolHandler ["http-nio-8080"]
04-Aug-2019 18:56:36.127 INFO [main] org.apache.coyote.AbstractProtocol.pause Pausing ProtocolHandler ["ajp-nio-8009"]
04-Aug-2019 18:56:36.171 INFO [main] org.apache.catalina.core.StandardService.stopInternal Stopping service [Catalina]
04-Aug-2019 18:56:36.215 INFO [main] org.apache.coyote.AbstractProtocol.stop Stopping ProtocolHandler ["http-nio-8080"]
04-Aug-2019 18:56:36.216 INFO [main] org.apache.coyote.AbstractProtocol.stop Stopping ProtocolHandler ["ajp-nio-8009"]
04-Aug-2019 18:56:36.219 INFO [main] org.apache.coyote.AbstractProtocol.destroy Destroying ProtocolHandler ["http-nio-8080"]
04-Aug-2019 18:56:36.220 INFO [main] org.apache.coyote.AbstractProtocol.destroy Destroying ProtocolHandler ["ajp-nio-8009"]
