15-Jul-2019 14:50:17.778 INFO [main] org.apache.catalina.startup.VersionLoggerListener.log Server version:        Apache Tomcat/8.5.42
15-Jul-2019 14:50:17.793 INFO [main] org.apache.catalina.startup.VersionLoggerListener.log Server built:          Jun 4 2019 20:29:04 UTC
15-Jul-2019 14:50:17.793 INFO [main] org.apache.catalina.startup.VersionLoggerListener.log Server number:         8.5.42.0
15-Jul-2019 14:50:17.793 INFO [main] org.apache.catalina.startup.VersionLoggerListener.log OS Name:               Windows 10
15-Jul-2019 14:50:17.793 INFO [main] org.apache.catalina.startup.VersionLoggerListener.log OS Version:            10.0
15-Jul-2019 14:50:17.793 INFO [main] org.apache.catalina.startup.VersionLoggerListener.log Architecture:          amd64
15-Jul-2019 14:50:17.793 INFO [main] org.apache.catalina.startup.VersionLoggerListener.log Java Home:             C:\Program Files\Java\jdk1.8.0_151\jre
15-Jul-2019 14:50:17.793 INFO [main] org.apache.catalina.startup.VersionLoggerListener.log JVM Version:           1.8.0_151-b12
15-Jul-2019 14:50:17.793 INFO [main] org.apache.catalina.startup.VersionLoggerListener.log JVM Vendor:            Oracle Corporation
15-Jul-2019 14:50:17.793 INFO [main] org.apache.catalina.startup.VersionLoggerListener.log CATALINA_BASE:         D:\1248515\javaServerSide\tomcat\apache-tomcat-8.5.42\apache-tomcat-8.5.42
15-Jul-2019 14:50:17.793 INFO [main] org.apache.catalina.startup.VersionLoggerListener.log CATALINA_HOME:         D:\1248515\javaServerSide\tomcat\apache-tomcat-8.5.42\apache-tomcat-8.5.42
15-Jul-2019 14:50:17.793 INFO [main] org.apache.catalina.startup.VersionLoggerListener.log Command line argument: -Djava.util.logging.config.file=D:\1248515\javaServerSide\tomcat\apache-tomcat-8.5.42\apache-tomcat-8.5.42\conf\logging.properties
15-Jul-2019 14:50:17.793 INFO [main] org.apache.catalina.startup.VersionLoggerListener.log Command line argument: -Djava.util.logging.manager=org.apache.juli.ClassLoaderLogManager
15-Jul-2019 14:50:17.793 INFO [main] org.apache.catalina.startup.VersionLoggerListener.log Command line argument: -Dhttp.nonProxyHosts=localhost|127.0.0.1|DESKTOP-O0VLSEU
15-Jul-2019 14:50:17.793 INFO [main] org.apache.catalina.startup.VersionLoggerListener.log Command line argument: -Djdk.tls.ephemeralDHKeySize=2048
15-Jul-2019 14:50:17.793 INFO [main] org.apache.catalina.startup.VersionLoggerListener.log Command line argument: -Djava.protocol.handler.pkgs=org.apache.catalina.webresources
15-Jul-2019 14:50:17.793 INFO [main] org.apache.catalina.startup.VersionLoggerListener.log Command line argument: -Dignore.endorsed.dirs=
15-Jul-2019 14:50:17.793 INFO [main] org.apache.catalina.startup.VersionLoggerListener.log Command line argument: -Dcatalina.base=D:\1248515\javaServerSide\tomcat\apache-tomcat-8.5.42\apache-tomcat-8.5.42
15-Jul-2019 14:50:17.793 INFO [main] org.apache.catalina.startup.VersionLoggerListener.log Command line argument: -Dcatalina.home=D:\1248515\javaServerSide\tomcat\apache-tomcat-8.5.42\apache-tomcat-8.5.42
15-Jul-2019 14:50:17.793 INFO [main] org.apache.catalina.startup.VersionLoggerListener.log Command line argument: -Djava.io.tmpdir=D:\1248515\javaServerSide\tomcat\apache-tomcat-8.5.42\apache-tomcat-8.5.42\temp
15-Jul-2019 14:50:17.793 INFO [main] org.apache.catalina.core.AprLifecycleListener.lifecycleEvent The APR based Apache Tomcat Native library which allows optimal performance in production environments was not found on the java.library.path: [C:\Program Files\Java\jdk1.8.0_151\bin;C:\WINDOWS\Sun\Java\bin;C:\WINDOWS\system32;C:\WINDOWS;C:\ProgramData\Oracle\Java\javapath;C:\WINDOWS\system32;C:\WINDOWS;C:\WINDOWS\System32\Wbem;C:\WINDOWS\System32\WindowsPowerShell\v1.0\;C:\Program Files\Microsoft SQL Server\Client SDK\ODBC\130\Tools\Binn\;C:\Program Files (x86)\Microsoft SQL Server\130\Tools\Binn\;C:\Program Files\Microsoft SQL Server\130\Tools\Binn\;C:\Program Files\Microsoft SQL Server\130\DTS\Binn\;C:\Program Files (x86)\Microsoft SQL Server\Client SDK\ODBC\130\Tools\Binn\;C:\Program Files (x86)\Microsoft SQL Server\140\Tools\Binn\;C:\Program Files (x86)\Microsoft SQL Server\140\DTS\Binn\;C:\Program Files (x86)\Microsoft SQL Server\140\Tools\Binn\ManagementStudio\;C:\Program Files\dotnet\;C:\WINDOWS\System32\OpenSSH\;C:\Users\User\AppData\Local\Microsoft\WindowsApps;;.]
15-Jul-2019 14:50:17.996 INFO [main] org.apache.coyote.AbstractProtocol.init Initializing ProtocolHandler ["http-nio-8080"]
15-Jul-2019 14:50:18.137 INFO [main] org.apache.tomcat.util.net.NioSelectorPool.getSharedSelector Using a shared selector for servlet write/read
15-Jul-2019 14:50:18.153 INFO [main] org.apache.coyote.AbstractProtocol.init Initializing ProtocolHandler ["ajp-nio-8009"]
15-Jul-2019 14:50:18.153 INFO [main] org.apache.tomcat.util.net.NioSelectorPool.getSharedSelector Using a shared selector for servlet write/read
15-Jul-2019 14:50:18.153 INFO [main] org.apache.catalina.startup.Catalina.load Initialization processed in 635 ms
15-Jul-2019 14:50:18.184 INFO [main] org.apache.catalina.core.StandardService.startInternal Starting service [Catalina]
15-Jul-2019 14:50:18.184 INFO [main] org.apache.catalina.core.StandardEngine.startInternal Starting Servlet Engine: Apache Tomcat/8.5.42
15-Jul-2019 14:50:18.199 INFO [localhost-startStop-1] org.apache.catalina.startup.HostConfig.deployDescriptor Deploying configuration descriptor [D:\1248515\javaServerSide\tomcat\apache-tomcat-8.5.42\apache-tomcat-8.5.42\conf\Catalina\localhost\Add.xml]
15-Jul-2019 14:50:18.512 INFO [localhost-startStop-1] org.apache.catalina.startup.HostConfig.deployDescriptor Deployment of configuration descriptor [D:\1248515\javaServerSide\tomcat\apache-tomcat-8.5.42\apache-tomcat-8.5.42\conf\Catalina\localhost\Add.xml] has finished in [313] ms
15-Jul-2019 14:50:18.512 INFO [localhost-startStop-1] org.apache.catalina.startup.HostConfig.deployDescriptor Deploying configuration descriptor [D:\1248515\javaServerSide\tomcat\apache-tomcat-8.5.42\apache-tomcat-8.5.42\conf\Catalina\localhost\JstlPr.xml]
15-Jul-2019 14:50:19.027 INFO [localhost-startStop-1] org.apache.jasper.servlet.TldScanner.scanJars At least one JAR was scanned for TLDs yet contained no TLDs. Enable debug logging for this logger for a complete list of JARs that were scanned but no TLDs were found in them. Skipping unneeded JARs during scanning can improve startup time and JSP compilation time.
15-Jul-2019 14:50:19.059 INFO [localhost-startStop-1] org.apache.catalina.startup.HostConfig.deployDescriptor Deployment of configuration descriptor [D:\1248515\javaServerSide\tomcat\apache-tomcat-8.5.42\apache-tomcat-8.5.42\conf\Catalina\localhost\JstlPr.xml] has finished in [547] ms
15-Jul-2019 14:50:19.059 INFO [localhost-startStop-1] org.apache.catalina.startup.HostConfig.deployDescriptor Deploying configuration descriptor [D:\1248515\javaServerSide\tomcat\apache-tomcat-8.5.42\apache-tomcat-8.5.42\conf\Catalina\localhost\Servlet.xml]
15-Jul-2019 14:50:19.090 INFO [localhost-startStop-1] org.apache.catalina.startup.HostConfig.deployDescriptor Deployment of configuration descriptor [D:\1248515\javaServerSide\tomcat\apache-tomcat-8.5.42\apache-tomcat-8.5.42\conf\Catalina\localhost\Servlet.xml] has finished in [31] ms
15-Jul-2019 14:50:19.090 INFO [localhost-startStop-1] org.apache.catalina.startup.HostConfig.deployDescriptor Deploying configuration descriptor [D:\1248515\javaServerSide\tomcat\apache-tomcat-8.5.42\apache-tomcat-8.5.42\conf\Catalina\localhost\ServletPr.xml]
15-Jul-2019 14:50:19.121 INFO [localhost-startStop-1] org.apache.catalina.startup.HostConfig.deployDescriptor Deployment of configuration descriptor [D:\1248515\javaServerSide\tomcat\apache-tomcat-8.5.42\apache-tomcat-8.5.42\conf\Catalina\localhost\ServletPr.xml] has finished in [31] ms
15-Jul-2019 14:50:19.121 INFO [localhost-startStop-1] org.apache.catalina.startup.HostConfig.deployDescriptor Deploying configuration descriptor [D:\1248515\javaServerSide\tomcat\apache-tomcat-8.5.42\apache-tomcat-8.5.42\conf\Catalina\localhost\ServletPratice.xml]
15-Jul-2019 14:50:19.402 INFO [localhost-startStop-1] org.apache.catalina.startup.HostConfig.deployDescriptor Deployment of configuration descriptor [D:\1248515\javaServerSide\tomcat\apache-tomcat-8.5.42\apache-tomcat-8.5.42\conf\Catalina\localhost\ServletPratice.xml] has finished in [281] ms
15-Jul-2019 14:50:19.402 INFO [localhost-startStop-1] org.apache.catalina.startup.HostConfig.deployDescriptor Deploying configuration descriptor [D:\1248515\javaServerSide\tomcat\apache-tomcat-8.5.42\apache-tomcat-8.5.42\conf\Catalina\localhost\SimpleJsps.xml]
15-Jul-2019 14:50:19.402 SEVERE [localhost-startStop-1] org.apache.catalina.core.ContainerBase.addChildInternal ContainerBase.addChild: start: 
	org.apache.catalina.LifecycleException: Failed to start component [StandardEngine[Catalina].StandardHost[localhost].StandardContext[/SimpleJsps]]
		at org.apache.catalina.util.LifecycleBase.start(LifecycleBase.java:167)
		at org.apache.catalina.core.ContainerBase.addChildInternal(ContainerBase.java:754)
		at org.apache.catalina.core.ContainerBase.addChild(ContainerBase.java:730)
		at org.apache.catalina.core.StandardHost.addChild(StandardHost.java:744)
		at org.apache.catalina.startup.HostConfig.deployDescriptor(HostConfig.java:624)
		at org.apache.catalina.startup.HostConfig$DeployDescriptor.run(HostConfig.java:1833)
		at java.util.concurrent.Executors$RunnableAdapter.call(Executors.java:511)
		at java.util.concurrent.FutureTask.run(FutureTask.java:266)
		at java.util.concurrent.ThreadPoolExecutor.runWorker(ThreadPoolExecutor.java:1149)
		at java.util.concurrent.ThreadPoolExecutor$Worker.run(ThreadPoolExecutor.java:624)
		at java.lang.Thread.run(Thread.java:748)
	Caused by: org.apache.catalina.LifecycleException: Failed to start component [org.apache.catalina.webresources.StandardRoot@132da011]
		at org.apache.catalina.util.LifecycleBase.start(LifecycleBase.java:167)
		at org.apache.catalina.core.StandardContext.resourcesStart(StandardContext.java:4885)
		at org.apache.catalina.core.StandardContext.startInternal(StandardContext.java:5020)
		at org.apache.catalina.util.LifecycleBase.start(LifecycleBase.java:150)
		... 10 more
	Caused by: java.lang.IllegalArgumentException: The main resource set specified [C:\Users\Java\Documents\NetBeansProjects\SimpleJsps\build\web] is not valid
		at org.apache.catalina.webresources.StandardRoot.createMainResourceSet(StandardRoot.java:748)
		at org.apache.catalina.webresources.StandardRoot.startInternal(StandardRoot.java:706)
		at org.apache.catalina.util.LifecycleBase.start(LifecycleBase.java:150)
		... 13 more
15-Jul-2019 14:50:19.402 SEVERE [localhost-startStop-1] org.apache.catalina.startup.HostConfig.deployDescriptor Error deploying configuration descriptor [D:\1248515\javaServerSide\tomcat\apache-tomcat-8.5.42\apache-tomcat-8.5.42\conf\Catalina\localhost\SimpleJsps.xml]
	java.lang.IllegalStateException: ContainerBase.addChild: start: org.apache.catalina.LifecycleException: Failed to start component [StandardEngine[Catalina].StandardHost[localhost].StandardContext[/SimpleJsps]]
		at org.apache.catalina.core.ContainerBase.addChildInternal(ContainerBase.java:758)
		at org.apache.catalina.core.ContainerBase.addChild(ContainerBase.java:730)
		at org.apache.catalina.core.StandardHost.addChild(StandardHost.java:744)
		at org.apache.catalina.startup.HostConfig.deployDescriptor(HostConfig.java:624)
		at org.apache.catalina.startup.HostConfig$DeployDescriptor.run(HostConfig.java:1833)
		at java.util.concurrent.Executors$RunnableAdapter.call(Executors.java:511)
		at java.util.concurrent.FutureTask.run(FutureTask.java:266)
		at java.util.concurrent.ThreadPoolExecutor.runWorker(ThreadPoolExecutor.java:1149)
		at java.util.concurrent.ThreadPoolExecutor$Worker.run(ThreadPoolExecutor.java:624)
		at java.lang.Thread.run(Thread.java:748)
15-Jul-2019 14:50:19.402 INFO [localhost-startStop-1] org.apache.catalina.startup.HostConfig.deployDescriptor Deployment of configuration descriptor [D:\1248515\javaServerSide\tomcat\apache-tomcat-8.5.42\apache-tomcat-8.5.42\conf\Catalina\localhost\SimpleJsps.xml] has finished in [0] ms
15-Jul-2019 14:50:19.418 INFO [localhost-startStop-1] org.apache.catalina.startup.HostConfig.deployDescriptor Deploying configuration descriptor [D:\1248515\javaServerSide\tomcat\apache-tomcat-8.5.42\apache-tomcat-8.5.42\conf\Catalina\localhost\testJsp.xml]
15-Jul-2019 14:50:19.449 SEVERE [localhost-startStop-1] org.apache.catalina.core.ContainerBase.addChildInternal ContainerBase.addChild: start: 
	org.apache.catalina.LifecycleException: Failed to start component [StandardEngine[Catalina].StandardHost[localhost].StandardContext[/testJsp]]
		at org.apache.catalina.util.LifecycleBase.start(LifecycleBase.java:167)
		at org.apache.catalina.core.ContainerBase.addChildInternal(ContainerBase.java:754)
		at org.apache.catalina.core.ContainerBase.addChild(ContainerBase.java:730)
		at org.apache.catalina.core.StandardHost.addChild(StandardHost.java:744)
		at org.apache.catalina.startup.HostConfig.deployDescriptor(HostConfig.java:624)
		at org.apache.catalina.startup.HostConfig$DeployDescriptor.run(HostConfig.java:1833)
		at java.util.concurrent.Executors$RunnableAdapter.call(Executors.java:511)
		at java.util.concurrent.FutureTask.run(FutureTask.java:266)
		at java.util.concurrent.ThreadPoolExecutor.runWorker(ThreadPoolExecutor.java:1149)
		at java.util.concurrent.ThreadPoolExecutor$Worker.run(ThreadPoolExecutor.java:624)
		at java.lang.Thread.run(Thread.java:748)
	Caused by: org.apache.catalina.LifecycleException: Failed to start component [org.apache.catalina.webresources.StandardRoot@55f7f68a]
		at org.apache.catalina.util.LifecycleBase.start(LifecycleBase.java:167)
		at org.apache.catalina.core.StandardContext.resourcesStart(StandardContext.java:4885)
		at org.apache.catalina.core.StandardContext.startInternal(StandardContext.java:5020)
		at org.apache.catalina.util.LifecycleBase.start(LifecycleBase.java:150)
		... 10 more
	Caused by: java.lang.IllegalArgumentException: The main resource set specified [C:\Users\Java\Documents\NetBeansProjects\testJsp\build\web] is not valid
		at org.apache.catalina.webresources.StandardRoot.createMainResourceSet(StandardRoot.java:748)
		at org.apache.catalina.webresources.StandardRoot.startInternal(StandardRoot.java:706)
		at org.apache.catalina.util.LifecycleBase.start(LifecycleBase.java:150)
		... 13 more
15-Jul-2019 14:50:19.465 SEVERE [localhost-startStop-1] org.apache.catalina.startup.HostConfig.deployDescriptor Error deploying configuration descriptor [D:\1248515\javaServerSide\tomcat\apache-tomcat-8.5.42\apache-tomcat-8.5.42\conf\Catalina\localhost\testJsp.xml]
	java.lang.IllegalStateException: ContainerBase.addChild: start: org.apache.catalina.LifecycleException: Failed to start component [StandardEngine[Catalina].StandardHost[localhost].StandardContext[/testJsp]]
		at org.apache.catalina.core.ContainerBase.addChildInternal(ContainerBase.java:758)
		at org.apache.catalina.core.ContainerBase.addChild(ContainerBase.java:730)
		at org.apache.catalina.core.StandardHost.addChild(StandardHost.java:744)
		at org.apache.catalina.startup.HostConfig.deployDescriptor(HostConfig.java:624)
		at org.apache.catalina.startup.HostConfig$DeployDescriptor.run(HostConfig.java:1833)
		at java.util.concurrent.Executors$RunnableAdapter.call(Executors.java:511)
		at java.util.concurrent.FutureTask.run(FutureTask.java:266)
		at java.util.concurrent.ThreadPoolExecutor.runWorker(ThreadPoolExecutor.java:1149)
		at java.util.concurrent.ThreadPoolExecutor$Worker.run(ThreadPoolExecutor.java:624)
		at java.lang.Thread.run(Thread.java:748)
15-Jul-2019 14:50:19.637 INFO [localhost-startStop-1] org.apache.catalina.startup.HostConfig.deployDescriptor Deployment of configuration descriptor [D:\1248515\javaServerSide\tomcat\apache-tomcat-8.5.42\apache-tomcat-8.5.42\conf\Catalina\localhost\testJsp.xml] has finished in [219] ms
15-Jul-2019 14:50:19.652 INFO [localhost-startStop-1] org.apache.catalina.startup.HostConfig.deployDirectory Deploying web application directory [D:\1248515\javaServerSide\tomcat\apache-tomcat-8.5.42\apache-tomcat-8.5.42\webapps\docs]
15-Jul-2019 14:50:19.715 INFO [localhost-startStop-1] org.apache.catalina.startup.HostConfig.deployDirectory Deployment of web application directory [D:\1248515\javaServerSide\tomcat\apache-tomcat-8.5.42\apache-tomcat-8.5.42\webapps\docs] has finished in [63] ms
15-Jul-2019 14:50:19.715 INFO [localhost-startStop-1] org.apache.catalina.startup.HostConfig.deployDirectory Deploying web application directory [D:\1248515\javaServerSide\tomcat\apache-tomcat-8.5.42\apache-tomcat-8.5.42\webapps\examples]
15-Jul-2019 14:50:20.543 INFO [localhost-startStop-1] org.apache.catalina.startup.HostConfig.deployDirectory Deployment of web application directory [D:\1248515\javaServerSide\tomcat\apache-tomcat-8.5.42\apache-tomcat-8.5.42\webapps\examples] has finished in [828] ms
15-Jul-2019 14:50:20.543 INFO [localhost-startStop-1] org.apache.catalina.startup.HostConfig.deployDirectory Deploying web application directory [D:\1248515\javaServerSide\tomcat\apache-tomcat-8.5.42\apache-tomcat-8.5.42\webapps\host-manager]
15-Jul-2019 14:50:20.574 INFO [localhost-startStop-1] org.apache.catalina.startup.HostConfig.deployDirectory Deployment of web application directory [D:\1248515\javaServerSide\tomcat\apache-tomcat-8.5.42\apache-tomcat-8.5.42\webapps\host-manager] has finished in [31] ms
15-Jul-2019 14:50:20.574 INFO [localhost-startStop-1] org.apache.catalina.startup.HostConfig.deployDirectory Deploying web application directory [D:\1248515\javaServerSide\tomcat\apache-tomcat-8.5.42\apache-tomcat-8.5.42\webapps\manager]
15-Jul-2019 14:50:20.605 INFO [localhost-startStop-1] org.apache.catalina.startup.HostConfig.deployDirectory Deployment of web application directory [D:\1248515\javaServerSide\tomcat\apache-tomcat-8.5.42\apache-tomcat-8.5.42\webapps\manager] has finished in [31] ms
15-Jul-2019 14:50:20.605 INFO [localhost-startStop-1] org.apache.catalina.startup.HostConfig.deployDirectory Deploying web application directory [D:\1248515\javaServerSide\tomcat\apache-tomcat-8.5.42\apache-tomcat-8.5.42\webapps\ROOT]
15-Jul-2019 14:50:20.621 INFO [localhost-startStop-1] org.apache.catalina.startup.HostConfig.deployDirectory Deployment of web application directory [D:\1248515\javaServerSide\tomcat\apache-tomcat-8.5.42\apache-tomcat-8.5.42\webapps\ROOT] has finished in [16] ms
15-Jul-2019 14:50:20.621 INFO [main] org.apache.coyote.AbstractProtocol.start Starting ProtocolHandler ["http-nio-8080"]
15-Jul-2019 14:50:20.636 INFO [main] org.apache.coyote.AbstractProtocol.start Starting ProtocolHandler ["ajp-nio-8009"]
15-Jul-2019 14:50:20.636 INFO [main] org.apache.catalina.startup.Catalina.start Server startup in 2483 ms
15-Jul-2019 15:08:23.931 INFO [http-nio-8080-exec-1] org.apache.catalina.startup.HostConfig.deployDescriptor Deploying configuration descriptor [D:\1248515\javaServerSide\tomcat\apache-tomcat-8.5.42\apache-tomcat-8.5.42\conf\Catalina\localhost\JstlFmtPr.xml]
15-Jul-2019 15:08:23.963 INFO [http-nio-8080-exec-1] org.apache.catalina.startup.HostConfig.deployDescriptor Deployment of configuration descriptor [D:\1248515\javaServerSide\tomcat\apache-tomcat-8.5.42\apache-tomcat-8.5.42\conf\Catalina\localhost\JstlFmtPr.xml] has finished in [32] ms
15-Jul-2019 15:08:23.978 INFO [http-nio-8080-exec-4] org.apache.catalina.util.LifecycleBase.start The start() method was called on component [StandardEngine[Catalina].StandardHost[localhost].StandardContext[/JstlFmtPr]] after start() had already been called. The second call will be ignored.
15-Jul-2019 15:19:49.034 INFO [http-nio-8080-exec-9] org.apache.catalina.core.StandardContext.reload Reloading Context with name [/JstlFmtPr] has started
15-Jul-2019 15:19:49.080 INFO [http-nio-8080-exec-9] org.apache.catalina.core.StandardContext.reload Reloading Context with name [/JstlFmtPr] is completed
15-Jul-2019 15:21:16.544 INFO [http-nio-8080-exec-6] org.apache.catalina.core.StandardContext.reload Reloading Context with name [/JstlFmtPr] has started
15-Jul-2019 15:21:16.560 INFO [http-nio-8080-exec-6] org.apache.catalina.core.StandardContext.reload Reloading Context with name [/JstlFmtPr] is completed
15-Jul-2019 15:21:24.637 INFO [http-nio-8080-exec-2] org.apache.catalina.core.StandardContext.reload Reloading Context with name [/JstlFmtPr] has started
15-Jul-2019 15:21:24.653 INFO [http-nio-8080-exec-2] org.apache.catalina.core.StandardContext.reload Reloading Context with name [/JstlFmtPr] is completed
15-Jul-2019 15:32:21.076 INFO [http-nio-8080-exec-19] org.apache.catalina.core.StandardContext.reload Reloading Context with name [/JstlFmtPr] has started
15-Jul-2019 15:32:21.498 INFO [http-nio-8080-exec-19] org.apache.jasper.servlet.TldScanner.scanJars At least one JAR was scanned for TLDs yet contained no TLDs. Enable debug logging for this logger for a complete list of JARs that were scanned but no TLDs were found in them. Skipping unneeded JARs during scanning can improve startup time and JSP compilation time.
15-Jul-2019 15:32:21.498 INFO [http-nio-8080-exec-19] org.apache.catalina.core.StandardContext.reload Reloading Context with name [/JstlFmtPr] is completed
15-Jul-2019 15:32:21.842 INFO [http-nio-8080-exec-21] org.apache.catalina.core.StandardContext.reload Reloading Context with name [/JstlFmtPr] has started
15-Jul-2019 15:32:21.857 WARNING [http-nio-8080-exec-21] org.apache.catalina.loader.WebappClassLoaderBase.clearReferencesThreads The web application [JstlFmtPr] appears to have started a thread named [Abandoned connection cleanup thread] but has failed to stop it. This is very likely to create a memory leak. Stack trace of thread:
 java.io.WinNTFileSystem.getBooleanAttributes(Native Method)
 java.io.File.isFile(File.java:882)
 org.apache.catalina.webresources.AbstractFileResourceSet.file(AbstractFileResourceSet.java:65)
 org.apache.catalina.webresources.DirResourceSet.getResource(DirResourceSet.java:101)
 org.apache.catalina.webresources.StandardRoot.getResourceInternal(StandardRoot.java:281)
 org.apache.catalina.webresources.CachedResource.validateResource(CachedResource.java:87)
 org.apache.catalina.webresources.Cache.getResource(Cache.java:87)
 org.apache.catalina.webresources.StandardRoot.getResource(StandardRoot.java:216)
 org.apache.catalina.webresources.StandardRoot.getClassLoaderResource(StandardRoot.java:225)
 org.apache.catalina.loader.WebappClassLoaderBase.findResource(WebappClassLoaderBase.java:932)
 org.apache.catalina.loader.WebappClassLoaderBase.getResource(WebappClassLoaderBase.java:1053)
 com.mysql.cj.jdbc.AbandonedConnectionCleanupThread.checkContextClassLoaders(AbandonedConnectionCleanupThread.java:96)
 com.mysql.cj.jdbc.AbandonedConnectionCleanupThread.run(AbandonedConnectionCleanupThread.java:69)
 java.util.concurrent.ThreadPoolExecutor.runWorker(ThreadPoolExecutor.java:1149)
 java.util.concurrent.ThreadPoolExecutor$Worker.run(ThreadPoolExecutor.java:624)
 java.lang.Thread.run(Thread.java:748)
15-Jul-2019 15:32:22.045 INFO [http-nio-8080-exec-21] org.apache.jasper.servlet.TldScanner.scanJars At least one JAR was scanned for TLDs yet contained no TLDs. Enable debug logging for this logger for a complete list of JARs that were scanned but no TLDs were found in them. Skipping unneeded JARs during scanning can improve startup time and JSP compilation time.
15-Jul-2019 15:32:22.045 INFO [http-nio-8080-exec-21] org.apache.catalina.core.StandardContext.reload Reloading Context with name [/JstlFmtPr] is completed
15-Jul-2019 15:32:26.872 INFO [Abandoned connection cleanup thread] org.apache.catalina.loader.WebappClassLoaderBase.checkStateForResourceLoading Illegal access: this web application instance has been stopped already. Could not load []. The following stack trace is thrown for debugging purposes as well as to attempt to terminate the thread which caused the illegal access.
	java.lang.IllegalStateException: Illegal access: this web application instance has been stopped already. Could not load []. The following stack trace is thrown for debugging purposes as well as to attempt to terminate the thread which caused the illegal access.
		at org.apache.catalina.loader.WebappClassLoaderBase.checkStateForResourceLoading(WebappClassLoaderBase.java:1384)
		at org.apache.catalina.loader.WebappClassLoaderBase.getResource(WebappClassLoaderBase.java:1034)
		at com.mysql.cj.jdbc.AbandonedConnectionCleanupThread.checkContextClassLoaders(AbandonedConnectionCleanupThread.java:96)
		at com.mysql.cj.jdbc.AbandonedConnectionCleanupThread.run(AbandonedConnectionCleanupThread.java:69)
		at java.util.concurrent.ThreadPoolExecutor.runWorker(ThreadPoolExecutor.java:1149)
		at java.util.concurrent.ThreadPoolExecutor$Worker.run(ThreadPoolExecutor.java:624)
		at java.lang.Thread.run(Thread.java:748)
15-Jul-2019 15:34:26.945 INFO [http-nio-8080-exec-33] org.apache.catalina.core.StandardContext.reload Reloading Context with name [/JstlFmtPr] has started
15-Jul-2019 15:34:26.960 WARNING [http-nio-8080-exec-33] org.apache.catalina.loader.WebappClassLoaderBase.clearReferencesThreads The web application [JstlFmtPr] appears to have started a thread named [Abandoned connection cleanup thread] but has failed to stop it. This is very likely to create a memory leak. Stack trace of thread:
 com.mysql.cj.jdbc.AbandonedConnectionCleanupThread.checkContextClassLoaders(AbandonedConnectionCleanupThread.java:96)
 com.mysql.cj.jdbc.AbandonedConnectionCleanupThread.run(AbandonedConnectionCleanupThread.java:69)
 java.util.concurrent.ThreadPoolExecutor.runWorker(ThreadPoolExecutor.java:1149)
 java.util.concurrent.ThreadPoolExecutor$Worker.run(ThreadPoolExecutor.java:624)
 java.lang.Thread.run(Thread.java:748)
15-Jul-2019 15:34:27.163 INFO [http-nio-8080-exec-33] org.apache.jasper.servlet.TldScanner.scanJars At least one JAR was scanned for TLDs yet contained no TLDs. Enable debug logging for this logger for a complete list of JARs that were scanned but no TLDs were found in them. Skipping unneeded JARs during scanning can improve startup time and JSP compilation time.
15-Jul-2019 15:34:27.163 INFO [http-nio-8080-exec-33] org.apache.catalina.core.StandardContext.reload Reloading Context with name [/JstlFmtPr] is completed
15-Jul-2019 15:34:31.975 INFO [Abandoned connection cleanup thread] org.apache.catalina.loader.WebappClassLoaderBase.checkStateForResourceLoading Illegal access: this web application instance has been stopped already. Could not load []. The following stack trace is thrown for debugging purposes as well as to attempt to terminate the thread which caused the illegal access.
	java.lang.IllegalStateException: Illegal access: this web application instance has been stopped already. Could not load []. The following stack trace is thrown for debugging purposes as well as to attempt to terminate the thread which caused the illegal access.
		at org.apache.catalina.loader.WebappClassLoaderBase.checkStateForResourceLoading(WebappClassLoaderBase.java:1384)
		at org.apache.catalina.loader.WebappClassLoaderBase.getResource(WebappClassLoaderBase.java:1034)
		at com.mysql.cj.jdbc.AbandonedConnectionCleanupThread.checkContextClassLoaders(AbandonedConnectionCleanupThread.java:96)
		at com.mysql.cj.jdbc.AbandonedConnectionCleanupThread.run(AbandonedConnectionCleanupThread.java:69)
		at java.util.concurrent.ThreadPoolExecutor.runWorker(ThreadPoolExecutor.java:1149)
		at java.util.concurrent.ThreadPoolExecutor$Worker.run(ThreadPoolExecutor.java:624)
		at java.lang.Thread.run(Thread.java:748)
15-Jul-2019 15:36:01.348 WARNING [http-nio-8080-exec-35] org.apache.catalina.loader.WebappClassLoaderBase.clearReferencesThreads The web application [JstlFmtPr] appears to have started a thread named [Abandoned connection cleanup thread] but has failed to stop it. This is very likely to create a memory leak. Stack trace of thread:
 java.util.Collections$SynchronizedCollection.add(Collections.java:2035)
 java.lang.ClassLoader.checkPackageAccess(ClassLoader.java:508)
 com.mysql.cj.jdbc.AbandonedConnectionCleanupThread.checkContextClassLoaders(AbandonedConnectionCleanupThread.java:96)
 com.mysql.cj.jdbc.AbandonedConnectionCleanupThread.run(AbandonedConnectionCleanupThread.java:69)
 java.util.concurrent.ThreadPoolExecutor.runWorker(ThreadPoolExecutor.java:1149)
 java.util.concurrent.ThreadPoolExecutor$Worker.run(ThreadPoolExecutor.java:624)
 java.lang.Thread.run(Thread.java:748)
15-Jul-2019 15:36:01.582 INFO [http-nio-8080-exec-35] org.apache.jasper.servlet.TldScanner.scanJars At least one JAR was scanned for TLDs yet contained no TLDs. Enable debug logging for this logger for a complete list of JARs that were scanned but no TLDs were found in them. Skipping unneeded JARs during scanning can improve startup time and JSP compilation time.
15-Jul-2019 15:36:04.269 INFO [ContainerBackgroundProcessor[StandardEngine[Catalina]]] org.apache.catalina.startup.HostConfig.reload Reloading context [/JstlFmtPr]
15-Jul-2019 15:36:04.269 INFO [ContainerBackgroundProcessor[StandardEngine[Catalina]]] org.apache.catalina.core.StandardContext.reload Reloading Context with name [/JstlFmtPr] has started
15-Jul-2019 15:36:04.269 WARNING [ContainerBackgroundProcessor[StandardEngine[Catalina]]] org.apache.catalina.loader.WebappClassLoaderBase.clearReferencesThreads The web application [JstlFmtPr] appears to have started a thread named [Abandoned connection cleanup thread] but has failed to stop it. This is very likely to create a memory leak. Stack trace of thread:
 com.mysql.cj.jdbc.AbandonedConnectionCleanupThread.checkContextClassLoaders(AbandonedConnectionCleanupThread.java:96)
 com.mysql.cj.jdbc.AbandonedConnectionCleanupThread.run(AbandonedConnectionCleanupThread.java:69)
 java.util.concurrent.ThreadPoolExecutor.runWorker(ThreadPoolExecutor.java:1149)
 java.util.concurrent.ThreadPoolExecutor$Worker.run(ThreadPoolExecutor.java:624)
 java.lang.Thread.run(Thread.java:748)
15-Jul-2019 15:36:04.441 INFO [ContainerBackgroundProcessor[StandardEngine[Catalina]]] org.apache.jasper.servlet.TldScanner.scanJars At least one JAR was scanned for TLDs yet contained no TLDs. Enable debug logging for this logger for a complete list of JARs that were scanned but no TLDs were found in them. Skipping unneeded JARs during scanning can improve startup time and JSP compilation time.
15-Jul-2019 15:36:04.441 INFO [ContainerBackgroundProcessor[StandardEngine[Catalina]]] org.apache.catalina.core.StandardContext.reload Reloading Context with name [/JstlFmtPr] is completed
15-Jul-2019 15:36:06.362 INFO [Abandoned connection cleanup thread] org.apache.catalina.loader.WebappClassLoaderBase.checkStateForResourceLoading Illegal access: this web application instance has been stopped already. Could not load []. The following stack trace is thrown for debugging purposes as well as to attempt to terminate the thread which caused the illegal access.
	java.lang.IllegalStateException: Illegal access: this web application instance has been stopped already. Could not load []. The following stack trace is thrown for debugging purposes as well as to attempt to terminate the thread which caused the illegal access.
		at org.apache.catalina.loader.WebappClassLoaderBase.checkStateForResourceLoading(WebappClassLoaderBase.java:1384)
		at org.apache.catalina.loader.WebappClassLoaderBase.getResource(WebappClassLoaderBase.java:1034)
		at com.mysql.cj.jdbc.AbandonedConnectionCleanupThread.checkContextClassLoaders(AbandonedConnectionCleanupThread.java:96)
		at com.mysql.cj.jdbc.AbandonedConnectionCleanupThread.run(AbandonedConnectionCleanupThread.java:69)
		at java.util.concurrent.ThreadPoolExecutor.runWorker(ThreadPoolExecutor.java:1149)
		at java.util.concurrent.ThreadPoolExecutor$Worker.run(ThreadPoolExecutor.java:624)
		at java.lang.Thread.run(Thread.java:748)
15-Jul-2019 15:36:09.283 INFO [Abandoned connection cleanup thread] org.apache.catalina.loader.WebappClassLoaderBase.checkStateForResourceLoading Illegal access: this web application instance has been stopped already. Could not load []. The following stack trace is thrown for debugging purposes as well as to attempt to terminate the thread which caused the illegal access.
	java.lang.IllegalStateException: Illegal access: this web application instance has been stopped already. Could not load []. The following stack trace is thrown for debugging purposes as well as to attempt to terminate the thread which caused the illegal access.
		at org.apache.catalina.loader.WebappClassLoaderBase.checkStateForResourceLoading(WebappClassLoaderBase.java:1384)
		at org.apache.catalina.loader.WebappClassLoaderBase.getResource(WebappClassLoaderBase.java:1034)
		at com.mysql.cj.jdbc.AbandonedConnectionCleanupThread.checkContextClassLoaders(AbandonedConnectionCleanupThread.java:96)
		at com.mysql.cj.jdbc.AbandonedConnectionCleanupThread.run(AbandonedConnectionCleanupThread.java:69)
		at java.util.concurrent.ThreadPoolExecutor.runWorker(ThreadPoolExecutor.java:1149)
		at java.util.concurrent.ThreadPoolExecutor$Worker.run(ThreadPoolExecutor.java:624)
		at java.lang.Thread.run(Thread.java:748)
15-Jul-2019 15:40:30.749 WARNING [http-nio-8080-exec-45] org.apache.catalina.loader.WebappClassLoaderBase.clearReferencesThreads The web application [JstlFmtPr] appears to have started a thread named [Abandoned connection cleanup thread] but has failed to stop it. This is very likely to create a memory leak. Stack trace of thread:
 com.mysql.cj.jdbc.AbandonedConnectionCleanupThread.run(AbandonedConnectionCleanupThread.java:69)
 java.util.concurrent.ThreadPoolExecutor.runWorker(ThreadPoolExecutor.java:1149)
 java.util.concurrent.ThreadPoolExecutor$Worker.run(ThreadPoolExecutor.java:624)
 java.lang.Thread.run(Thread.java:748)
15-Jul-2019 15:40:30.984 INFO [http-nio-8080-exec-44] org.apache.jasper.servlet.TldScanner.scanJars At least one JAR was scanned for TLDs yet contained no TLDs. Enable debug logging for this logger for a complete list of JARs that were scanned but no TLDs were found in them. Skipping unneeded JARs during scanning can improve startup time and JSP compilation time.
15-Jul-2019 15:40:35.764 INFO [Abandoned connection cleanup thread] org.apache.catalina.loader.WebappClassLoaderBase.checkStateForResourceLoading Illegal access: this web application instance has been stopped already. Could not load []. The following stack trace is thrown for debugging purposes as well as to attempt to terminate the thread which caused the illegal access.
	java.lang.IllegalStateException: Illegal access: this web application instance has been stopped already. Could not load []. The following stack trace is thrown for debugging purposes as well as to attempt to terminate the thread which caused the illegal access.
		at org.apache.catalina.loader.WebappClassLoaderBase.checkStateForResourceLoading(WebappClassLoaderBase.java:1384)
		at org.apache.catalina.loader.WebappClassLoaderBase.getResource(WebappClassLoaderBase.java:1034)
		at com.mysql.cj.jdbc.AbandonedConnectionCleanupThread.checkContextClassLoaders(AbandonedConnectionCleanupThread.java:96)
		at com.mysql.cj.jdbc.AbandonedConnectionCleanupThread.run(AbandonedConnectionCleanupThread.java:69)
		at java.util.concurrent.ThreadPoolExecutor.runWorker(ThreadPoolExecutor.java:1149)
		at java.util.concurrent.ThreadPoolExecutor$Worker.run(ThreadPoolExecutor.java:624)
		at java.lang.Thread.run(Thread.java:748)
15-Jul-2019 16:33:21.875 INFO [http-nio-8080-exec-58] org.apache.catalina.startup.HostConfig.deployDescriptor Deploying configuration descriptor [D:\1248515\javaServerSide\tomcat\apache-tomcat-8.5.42\apache-tomcat-8.5.42\conf\Catalina\localhost\Stock.xml]
15-Jul-2019 16:33:22.083 INFO [http-nio-8080-exec-58] org.apache.jasper.servlet.TldScanner.scanJars At least one JAR was scanned for TLDs yet contained no TLDs. Enable debug logging for this logger for a complete list of JARs that were scanned but no TLDs were found in them. Skipping unneeded JARs during scanning can improve startup time and JSP compilation time.
15-Jul-2019 16:33:22.096 INFO [http-nio-8080-exec-58] org.apache.catalina.startup.HostConfig.deployDescriptor Deployment of configuration descriptor [D:\1248515\javaServerSide\tomcat\apache-tomcat-8.5.42\apache-tomcat-8.5.42\conf\Catalina\localhost\Stock.xml] has finished in [221] ms
15-Jul-2019 16:33:22.102 INFO [http-nio-8080-exec-52] org.apache.catalina.util.LifecycleBase.start The start() method was called on component [StandardEngine[Catalina].StandardHost[localhost].StandardContext[/Stock]] after start() had already been called. The second call will be ignored.
15-Jul-2019 18:11:30.547 INFO [main] org.apache.catalina.core.StandardServer.await A valid shutdown command was received via the shutdown port. Stopping the Server instance.
15-Jul-2019 18:11:30.547 INFO [main] org.apache.coyote.AbstractProtocol.pause Pausing ProtocolHandler ["http-nio-8080"]
15-Jul-2019 18:11:30.604 INFO [main] org.apache.coyote.AbstractProtocol.pause Pausing ProtocolHandler ["ajp-nio-8009"]
15-Jul-2019 18:11:30.651 INFO [main] org.apache.catalina.core.StandardService.stopInternal Stopping service [Catalina]
15-Jul-2019 18:11:30.651 WARNING [localhost-startStop-2] org.apache.catalina.loader.WebappClassLoaderBase.clearReferencesJdbc The web application [JstlPr] registered the JDBC driver [com.mysql.cj.jdbc.Driver] but failed to unregister it when the web application was stopped. To prevent a memory leak, the JDBC Driver has been forcibly unregistered.
15-Jul-2019 18:11:30.651 WARNING [localhost-startStop-2] org.apache.catalina.loader.WebappClassLoaderBase.clearReferencesThreads The web application [JstlPr] appears to have started a thread named [Abandoned connection cleanup thread] but has failed to stop it. This is very likely to create a memory leak. Stack trace of thread:
 java.lang.Object.wait(Native Method)
 java.lang.ref.ReferenceQueue.remove(ReferenceQueue.java:143)
 com.mysql.cj.jdbc.AbandonedConnectionCleanupThread.run(AbandonedConnectionCleanupThread.java:70)
 java.util.concurrent.ThreadPoolExecutor.runWorker(ThreadPoolExecutor.java:1149)
 java.util.concurrent.ThreadPoolExecutor$Worker.run(ThreadPoolExecutor.java:624)
 java.lang.Thread.run(Thread.java:748)
15-Jul-2019 18:11:30.666 WARNING [localhost-startStop-2] org.apache.catalina.loader.WebappClassLoaderBase.clearReferencesJdbc The web application [JstlFmtPr] registered the JDBC driver [com.mysql.cj.jdbc.Driver] but failed to unregister it when the web application was stopped. To prevent a memory leak, the JDBC Driver has been forcibly unregistered.
15-Jul-2019 18:11:30.666 WARNING [localhost-startStop-2] org.apache.catalina.loader.WebappClassLoaderBase.clearReferencesThreads The web application [JstlFmtPr] appears to have started a thread named [Abandoned connection cleanup thread] but has failed to stop it. This is very likely to create a memory leak. Stack trace of thread:
 java.lang.Object.wait(Native Method)
 java.lang.ref.ReferenceQueue.remove(ReferenceQueue.java:143)
 com.mysql.cj.jdbc.AbandonedConnectionCleanupThread.run(AbandonedConnectionCleanupThread.java:70)
 java.util.concurrent.ThreadPoolExecutor.runWorker(ThreadPoolExecutor.java:1149)
 java.util.concurrent.ThreadPoolExecutor$Worker.run(ThreadPoolExecutor.java:624)
 java.lang.Thread.run(Thread.java:748)
15-Jul-2019 18:11:31.041 WARNING [localhost-startStop-2] org.apache.catalina.loader.WebappClassLoaderBase.clearReferencesJdbc The web application [Stock] registered the JDBC driver [com.mysql.cj.jdbc.Driver] but failed to unregister it when the web application was stopped. To prevent a memory leak, the JDBC Driver has been forcibly unregistered.
15-Jul-2019 18:11:31.041 WARNING [localhost-startStop-2] org.apache.catalina.loader.WebappClassLoaderBase.clearReferencesThreads The web application [Stock] appears to have started a thread named [Abandoned connection cleanup thread] but has failed to stop it. This is very likely to create a memory leak. Stack trace of thread:
 java.lang.Object.wait(Native Method)
 java.lang.ref.ReferenceQueue.remove(ReferenceQueue.java:143)
 com.mysql.cj.jdbc.AbandonedConnectionCleanupThread.run(AbandonedConnectionCleanupThread.java:70)
 java.util.concurrent.ThreadPoolExecutor.runWorker(ThreadPoolExecutor.java:1149)
 java.util.concurrent.ThreadPoolExecutor$Worker.run(ThreadPoolExecutor.java:624)
 java.lang.Thread.run(Thread.java:748)
15-Jul-2019 18:11:31.041 INFO [main] org.apache.coyote.AbstractProtocol.stop Stopping ProtocolHandler ["http-nio-8080"]
15-Jul-2019 18:11:31.041 INFO [main] org.apache.coyote.AbstractProtocol.stop Stopping ProtocolHandler ["ajp-nio-8009"]
15-Jul-2019 18:11:31.041 INFO [main] org.apache.coyote.AbstractProtocol.destroy Destroying ProtocolHandler ["http-nio-8080"]
15-Jul-2019 18:11:31.041 INFO [main] org.apache.coyote.AbstractProtocol.destroy Destroying ProtocolHandler ["ajp-nio-8009"]
15-Jul-2019 18:13:34.982 INFO [main] org.apache.catalina.startup.VersionLoggerListener.log Server version:        Apache Tomcat/8.5.42
15-Jul-2019 18:13:34.998 INFO [main] org.apache.catalina.startup.VersionLoggerListener.log Server built:          Jun 4 2019 20:29:04 UTC
15-Jul-2019 18:13:34.998 INFO [main] org.apache.catalina.startup.VersionLoggerListener.log Server number:         8.5.42.0
15-Jul-2019 18:13:34.998 INFO [main] org.apache.catalina.startup.VersionLoggerListener.log OS Name:               Windows 10
15-Jul-2019 18:13:34.998 INFO [main] org.apache.catalina.startup.VersionLoggerListener.log OS Version:            10.0
15-Jul-2019 18:13:34.998 INFO [main] org.apache.catalina.startup.VersionLoggerListener.log Architecture:          amd64
15-Jul-2019 18:13:34.998 INFO [main] org.apache.catalina.startup.VersionLoggerListener.log Java Home:             C:\Program Files\Java\jdk1.8.0_151\jre
15-Jul-2019 18:13:34.998 INFO [main] org.apache.catalina.startup.VersionLoggerListener.log JVM Version:           1.8.0_151-b12
15-Jul-2019 18:13:34.998 INFO [main] org.apache.catalina.startup.VersionLoggerListener.log JVM Vendor:            Oracle Corporation
15-Jul-2019 18:13:34.998 INFO [main] org.apache.catalina.startup.VersionLoggerListener.log CATALINA_BASE:         D:\1248515\javaServerSide\tomcat\apache-tomcat-8.5.42\apache-tomcat-8.5.42
15-Jul-2019 18:13:34.998 INFO [main] org.apache.catalina.startup.VersionLoggerListener.log CATALINA_HOME:         D:\1248515\javaServerSide\tomcat\apache-tomcat-8.5.42\apache-tomcat-8.5.42
15-Jul-2019 18:13:34.998 INFO [main] org.apache.catalina.startup.VersionLoggerListener.log Command line argument: -Djava.util.logging.config.file=D:\1248515\javaServerSide\tomcat\apache-tomcat-8.5.42\apache-tomcat-8.5.42\conf\logging.properties
15-Jul-2019 18:13:34.998 INFO [main] org.apache.catalina.startup.VersionLoggerListener.log Command line argument: -Djava.util.logging.manager=org.apache.juli.ClassLoaderLogManager
15-Jul-2019 18:13:34.998 INFO [main] org.apache.catalina.startup.VersionLoggerListener.log Command line argument: -Dhttp.nonProxyHosts=localhost|127.0.0.1|DESKTOP-O0VLSEU
15-Jul-2019 18:13:34.998 INFO [main] org.apache.catalina.startup.VersionLoggerListener.log Command line argument: -Djdk.tls.ephemeralDHKeySize=2048
15-Jul-2019 18:13:34.998 INFO [main] org.apache.catalina.startup.VersionLoggerListener.log Command line argument: -Djava.protocol.handler.pkgs=org.apache.catalina.webresources
15-Jul-2019 18:13:34.998 INFO [main] org.apache.catalina.startup.VersionLoggerListener.log Command line argument: -Dignore.endorsed.dirs=
15-Jul-2019 18:13:34.998 INFO [main] org.apache.catalina.startup.VersionLoggerListener.log Command line argument: -Dcatalina.base=D:\1248515\javaServerSide\tomcat\apache-tomcat-8.5.42\apache-tomcat-8.5.42
15-Jul-2019 18:13:34.998 INFO [main] org.apache.catalina.startup.VersionLoggerListener.log Command line argument: -Dcatalina.home=D:\1248515\javaServerSide\tomcat\apache-tomcat-8.5.42\apache-tomcat-8.5.42
15-Jul-2019 18:13:34.998 INFO [main] org.apache.catalina.startup.VersionLoggerListener.log Command line argument: -Djava.io.tmpdir=D:\1248515\javaServerSide\tomcat\apache-tomcat-8.5.42\apache-tomcat-8.5.42\temp
15-Jul-2019 18:13:34.998 INFO [main] org.apache.catalina.core.AprLifecycleListener.lifecycleEvent The APR based Apache Tomcat Native library which allows optimal performance in production environments was not found on the java.library.path: [C:\Program Files\Java\jdk1.8.0_151\bin;C:\WINDOWS\Sun\Java\bin;C:\WINDOWS\system32;C:\WINDOWS;C:\ProgramData\Oracle\Java\javapath;C:\WINDOWS\system32;C:\WINDOWS;C:\WINDOWS\System32\Wbem;C:\WINDOWS\System32\WindowsPowerShell\v1.0\;C:\Program Files\Microsoft SQL Server\Client SDK\ODBC\130\Tools\Binn\;C:\Program Files (x86)\Microsoft SQL Server\130\Tools\Binn\;C:\Program Files\Microsoft SQL Server\130\Tools\Binn\;C:\Program Files\Microsoft SQL Server\130\DTS\Binn\;C:\Program Files (x86)\Microsoft SQL Server\Client SDK\ODBC\130\Tools\Binn\;C:\Program Files (x86)\Microsoft SQL Server\140\Tools\Binn\;C:\Program Files (x86)\Microsoft SQL Server\140\DTS\Binn\;C:\Program Files (x86)\Microsoft SQL Server\140\Tools\Binn\ManagementStudio\;C:\Program Files\dotnet\;C:\WINDOWS\System32\OpenSSH\;C:\Users\User\AppData\Local\Microsoft\WindowsApps;;.]
15-Jul-2019 18:13:35.216 INFO [main] org.apache.coyote.AbstractProtocol.init Initializing ProtocolHandler ["http-nio-8080"]
15-Jul-2019 18:13:35.357 INFO [main] org.apache.tomcat.util.net.NioSelectorPool.getSharedSelector Using a shared selector for servlet write/read
15-Jul-2019 18:13:35.388 INFO [main] org.apache.coyote.AbstractProtocol.init Initializing ProtocolHandler ["ajp-nio-8009"]
15-Jul-2019 18:13:35.388 INFO [main] org.apache.tomcat.util.net.NioSelectorPool.getSharedSelector Using a shared selector for servlet write/read
15-Jul-2019 18:13:35.388 INFO [main] org.apache.catalina.startup.Catalina.load Initialization processed in 678 ms
15-Jul-2019 18:13:35.435 INFO [main] org.apache.catalina.core.StandardService.startInternal Starting service [Catalina]
15-Jul-2019 18:13:35.435 INFO [main] org.apache.catalina.core.StandardEngine.startInternal Starting Servlet Engine: Apache Tomcat/8.5.42
15-Jul-2019 18:13:35.451 INFO [localhost-startStop-1] org.apache.catalina.startup.HostConfig.deployDescriptor Deploying configuration descriptor [D:\1248515\javaServerSide\tomcat\apache-tomcat-8.5.42\apache-tomcat-8.5.42\conf\Catalina\localhost\Add.xml]
15-Jul-2019 18:13:35.732 INFO [localhost-startStop-1] org.apache.catalina.startup.HostConfig.deployDescriptor Deployment of configuration descriptor [D:\1248515\javaServerSide\tomcat\apache-tomcat-8.5.42\apache-tomcat-8.5.42\conf\Catalina\localhost\Add.xml] has finished in [281] ms
15-Jul-2019 18:13:35.732 INFO [localhost-startStop-1] org.apache.catalina.startup.HostConfig.deployDescriptor Deploying configuration descriptor [D:\1248515\javaServerSide\tomcat\apache-tomcat-8.5.42\apache-tomcat-8.5.42\conf\Catalina\localhost\JstlFmtPr.xml]
15-Jul-2019 18:13:36.091 INFO [localhost-startStop-1] org.apache.jasper.servlet.TldScanner.scanJars At least one JAR was scanned for TLDs yet contained no TLDs. Enable debug logging for this logger for a complete list of JARs that were scanned but no TLDs were found in them. Skipping unneeded JARs during scanning can improve startup time and JSP compilation time.
15-Jul-2019 18:13:36.107 INFO [localhost-startStop-1] org.apache.catalina.startup.HostConfig.deployDescriptor Deployment of configuration descriptor [D:\1248515\javaServerSide\tomcat\apache-tomcat-8.5.42\apache-tomcat-8.5.42\conf\Catalina\localhost\JstlFmtPr.xml] has finished in [375] ms
15-Jul-2019 18:13:36.107 INFO [localhost-startStop-1] org.apache.catalina.startup.HostConfig.deployDescriptor Deploying configuration descriptor [D:\1248515\javaServerSide\tomcat\apache-tomcat-8.5.42\apache-tomcat-8.5.42\conf\Catalina\localhost\JstlPr.xml]
15-Jul-2019 18:13:36.419 INFO [localhost-startStop-1] org.apache.jasper.servlet.TldScanner.scanJars At least one JAR was scanned for TLDs yet contained no TLDs. Enable debug logging for this logger for a complete list of JARs that were scanned but no TLDs were found in them. Skipping unneeded JARs during scanning can improve startup time and JSP compilation time.
15-Jul-2019 18:13:36.419 INFO [localhost-startStop-1] org.apache.catalina.startup.HostConfig.deployDescriptor Deployment of configuration descriptor [D:\1248515\javaServerSide\tomcat\apache-tomcat-8.5.42\apache-tomcat-8.5.42\conf\Catalina\localhost\JstlPr.xml] has finished in [312] ms
15-Jul-2019 18:13:36.419 INFO [localhost-startStop-1] org.apache.catalina.startup.HostConfig.deployDescriptor Deploying configuration descriptor [D:\1248515\javaServerSide\tomcat\apache-tomcat-8.5.42\apache-tomcat-8.5.42\conf\Catalina\localhost\Servlet.xml]
15-Jul-2019 18:13:36.466 INFO [localhost-startStop-1] org.apache.catalina.startup.HostConfig.deployDescriptor Deployment of configuration descriptor [D:\1248515\javaServerSide\tomcat\apache-tomcat-8.5.42\apache-tomcat-8.5.42\conf\Catalina\localhost\Servlet.xml] has finished in [47] ms
15-Jul-2019 18:13:36.466 INFO [localhost-startStop-1] org.apache.catalina.startup.HostConfig.deployDescriptor Deploying configuration descriptor [D:\1248515\javaServerSide\tomcat\apache-tomcat-8.5.42\apache-tomcat-8.5.42\conf\Catalina\localhost\ServletPr.xml]
15-Jul-2019 18:13:36.482 INFO [localhost-startStop-1] org.apache.catalina.startup.HostConfig.deployDescriptor Deployment of configuration descriptor [D:\1248515\javaServerSide\tomcat\apache-tomcat-8.5.42\apache-tomcat-8.5.42\conf\Catalina\localhost\ServletPr.xml] has finished in [16] ms
15-Jul-2019 18:13:36.482 INFO [localhost-startStop-1] org.apache.catalina.startup.HostConfig.deployDescriptor Deploying configuration descriptor [D:\1248515\javaServerSide\tomcat\apache-tomcat-8.5.42\apache-tomcat-8.5.42\conf\Catalina\localhost\ServletPratice.xml]
15-Jul-2019 18:13:36.591 INFO [localhost-startStop-1] org.apache.catalina.startup.HostConfig.deployDescriptor Deployment of configuration descriptor [D:\1248515\javaServerSide\tomcat\apache-tomcat-8.5.42\apache-tomcat-8.5.42\conf\Catalina\localhost\ServletPratice.xml] has finished in [109] ms
15-Jul-2019 18:13:36.591 INFO [localhost-startStop-1] org.apache.catalina.startup.HostConfig.deployDescriptor Deploying configuration descriptor [D:\1248515\javaServerSide\tomcat\apache-tomcat-8.5.42\apache-tomcat-8.5.42\conf\Catalina\localhost\SimpleJsps.xml]
15-Jul-2019 18:13:36.591 SEVERE [localhost-startStop-1] org.apache.catalina.core.ContainerBase.addChildInternal ContainerBase.addChild: start: 
	org.apache.catalina.LifecycleException: Failed to start component [StandardEngine[Catalina].StandardHost[localhost].StandardContext[/SimpleJsps]]
		at org.apache.catalina.util.LifecycleBase.start(LifecycleBase.java:167)
		at org.apache.catalina.core.ContainerBase.addChildInternal(ContainerBase.java:754)
		at org.apache.catalina.core.ContainerBase.addChild(ContainerBase.java:730)
		at org.apache.catalina.core.StandardHost.addChild(StandardHost.java:744)
		at org.apache.catalina.startup.HostConfig.deployDescriptor(HostConfig.java:624)
		at org.apache.catalina.startup.HostConfig$DeployDescriptor.run(HostConfig.java:1833)
		at java.util.concurrent.Executors$RunnableAdapter.call(Executors.java:511)
		at java.util.concurrent.FutureTask.run(FutureTask.java:266)
		at java.util.concurrent.ThreadPoolExecutor.runWorker(ThreadPoolExecutor.java:1149)
		at java.util.concurrent.ThreadPoolExecutor$Worker.run(ThreadPoolExecutor.java:624)
		at java.lang.Thread.run(Thread.java:748)
	Caused by: org.apache.catalina.LifecycleException: Failed to start component [org.apache.catalina.webresources.StandardRoot@6a30ef10]
		at org.apache.catalina.util.LifecycleBase.start(LifecycleBase.java:167)
		at org.apache.catalina.core.StandardContext.resourcesStart(StandardContext.java:4885)
		at org.apache.catalina.core.StandardContext.startInternal(StandardContext.java:5020)
		at org.apache.catalina.util.LifecycleBase.start(LifecycleBase.java:150)
		... 10 more
	Caused by: java.lang.IllegalArgumentException: The main resource set specified [C:\Users\Java\Documents\NetBeansProjects\SimpleJsps\build\web] is not valid
		at org.apache.catalina.webresources.StandardRoot.createMainResourceSet(StandardRoot.java:748)
		at org.apache.catalina.webresources.StandardRoot.startInternal(StandardRoot.java:706)
		at org.apache.catalina.util.LifecycleBase.start(LifecycleBase.java:150)
		... 13 more
15-Jul-2019 18:13:36.591 SEVERE [localhost-startStop-1] org.apache.catalina.startup.HostConfig.deployDescriptor Error deploying configuration descriptor [D:\1248515\javaServerSide\tomcat\apache-tomcat-8.5.42\apache-tomcat-8.5.42\conf\Catalina\localhost\SimpleJsps.xml]
	java.lang.IllegalStateException: ContainerBase.addChild: start: org.apache.catalina.LifecycleException: Failed to start component [StandardEngine[Catalina].StandardHost[localhost].StandardContext[/SimpleJsps]]
		at org.apache.catalina.core.ContainerBase.addChildInternal(ContainerBase.java:758)
		at org.apache.catalina.core.ContainerBase.addChild(ContainerBase.java:730)
		at org.apache.catalina.core.StandardHost.addChild(StandardHost.java:744)
		at org.apache.catalina.startup.HostConfig.deployDescriptor(HostConfig.java:624)
		at org.apache.catalina.startup.HostConfig$DeployDescriptor.run(HostConfig.java:1833)
		at java.util.concurrent.Executors$RunnableAdapter.call(Executors.java:511)
		at java.util.concurrent.FutureTask.run(FutureTask.java:266)
		at java.util.concurrent.ThreadPoolExecutor.runWorker(ThreadPoolExecutor.java:1149)
		at java.util.concurrent.ThreadPoolExecutor$Worker.run(ThreadPoolExecutor.java:624)
		at java.lang.Thread.run(Thread.java:748)
15-Jul-2019 18:13:36.591 INFO [localhost-startStop-1] org.apache.catalina.startup.HostConfig.deployDescriptor Deployment of configuration descriptor [D:\1248515\javaServerSide\tomcat\apache-tomcat-8.5.42\apache-tomcat-8.5.42\conf\Catalina\localhost\SimpleJsps.xml] has finished in [0] ms
15-Jul-2019 18:13:36.622 INFO [localhost-startStop-1] org.apache.catalina.startup.HostConfig.deployDescriptor Deploying configuration descriptor [D:\1248515\javaServerSide\tomcat\apache-tomcat-8.5.42\apache-tomcat-8.5.42\conf\Catalina\localhost\Stock.xml]
15-Jul-2019 18:13:36.919 INFO [localhost-startStop-1] org.apache.jasper.servlet.TldScanner.scanJars At least one JAR was scanned for TLDs yet contained no TLDs. Enable debug logging for this logger for a complete list of JARs that were scanned but no TLDs were found in them. Skipping unneeded JARs during scanning can improve startup time and JSP compilation time.
15-Jul-2019 18:13:36.935 INFO [localhost-startStop-1] org.apache.catalina.startup.HostConfig.deployDescriptor Deployment of configuration descriptor [D:\1248515\javaServerSide\tomcat\apache-tomcat-8.5.42\apache-tomcat-8.5.42\conf\Catalina\localhost\Stock.xml] has finished in [313] ms
15-Jul-2019 18:13:36.935 INFO [localhost-startStop-1] org.apache.catalina.startup.HostConfig.deployDescriptor Deploying configuration descriptor [D:\1248515\javaServerSide\tomcat\apache-tomcat-8.5.42\apache-tomcat-8.5.42\conf\Catalina\localhost\testJsp.xml]
15-Jul-2019 18:13:36.950 SEVERE [localhost-startStop-1] org.apache.catalina.core.ContainerBase.addChildInternal ContainerBase.addChild: start: 
	org.apache.catalina.LifecycleException: Failed to start component [StandardEngine[Catalina].StandardHost[localhost].StandardContext[/testJsp]]
		at org.apache.catalina.util.LifecycleBase.start(LifecycleBase.java:167)
		at org.apache.catalina.core.ContainerBase.addChildInternal(ContainerBase.java:754)
		at org.apache.catalina.core.ContainerBase.addChild(ContainerBase.java:730)
		at org.apache.catalina.core.StandardHost.addChild(StandardHost.java:744)
		at org.apache.catalina.startup.HostConfig.deployDescriptor(HostConfig.java:624)
		at org.apache.catalina.startup.HostConfig$DeployDescriptor.run(HostConfig.java:1833)
		at java.util.concurrent.Executors$RunnableAdapter.call(Executors.java:511)
		at java.util.concurrent.FutureTask.run(FutureTask.java:266)
		at java.util.concurrent.ThreadPoolExecutor.runWorker(ThreadPoolExecutor.java:1149)
		at java.util.concurrent.ThreadPoolExecutor$Worker.run(ThreadPoolExecutor.java:624)
		at java.lang.Thread.run(Thread.java:748)
	Caused by: org.apache.catalina.LifecycleException: Failed to start component [org.apache.catalina.webresources.StandardRoot@3a484d01]
		at org.apache.catalina.util.LifecycleBase.start(LifecycleBase.java:167)
		at org.apache.catalina.core.StandardContext.resourcesStart(StandardContext.java:4885)
		at org.apache.catalina.core.StandardContext.startInternal(StandardContext.java:5020)
		at org.apache.catalina.util.LifecycleBase.start(LifecycleBase.java:150)
		... 10 more
	Caused by: java.lang.IllegalArgumentException: The main resource set specified [C:\Users\Java\Documents\NetBeansProjects\testJsp\build\web] is not valid
		at org.apache.catalina.webresources.StandardRoot.createMainResourceSet(StandardRoot.java:748)
		at org.apache.catalina.webresources.StandardRoot.startInternal(StandardRoot.java:706)
		at org.apache.catalina.util.LifecycleBase.start(LifecycleBase.java:150)
		... 13 more
15-Jul-2019 18:13:36.950 SEVERE [localhost-startStop-1] org.apache.catalina.startup.HostConfig.deployDescriptor Error deploying configuration descriptor [D:\1248515\javaServerSide\tomcat\apache-tomcat-8.5.42\apache-tomcat-8.5.42\conf\Catalina\localhost\testJsp.xml]
	java.lang.IllegalStateException: ContainerBase.addChild: start: org.apache.catalina.LifecycleException: Failed to start component [StandardEngine[Catalina].StandardHost[localhost].StandardContext[/testJsp]]
		at org.apache.catalina.core.ContainerBase.addChildInternal(ContainerBase.java:758)
		at org.apache.catalina.core.ContainerBase.addChild(ContainerBase.java:730)
		at org.apache.catalina.core.StandardHost.addChild(StandardHost.java:744)
		at org.apache.catalina.startup.HostConfig.deployDescriptor(HostConfig.java:624)
		at org.apache.catalina.startup.HostConfig$DeployDescriptor.run(HostConfig.java:1833)
		at java.util.concurrent.Executors$RunnableAdapter.call(Executors.java:511)
		at java.util.concurrent.FutureTask.run(FutureTask.java:266)
		at java.util.concurrent.ThreadPoolExecutor.runWorker(ThreadPoolExecutor.java:1149)
		at java.util.concurrent.ThreadPoolExecutor$Worker.run(ThreadPoolExecutor.java:624)
		at java.lang.Thread.run(Thread.java:748)
15-Jul-2019 18:13:36.950 INFO [localhost-startStop-1] org.apache.catalina.startup.HostConfig.deployDescriptor Deployment of configuration descriptor [D:\1248515\javaServerSide\tomcat\apache-tomcat-8.5.42\apache-tomcat-8.5.42\conf\Catalina\localhost\testJsp.xml] has finished in [15] ms
15-Jul-2019 18:13:36.950 INFO [localhost-startStop-1] org.apache.catalina.startup.HostConfig.deployDirectory Deploying web application directory [D:\1248515\javaServerSide\tomcat\apache-tomcat-8.5.42\apache-tomcat-8.5.42\webapps\docs]
15-Jul-2019 18:13:36.966 INFO [localhost-startStop-1] org.apache.catalina.startup.HostConfig.deployDirectory Deployment of web application directory [D:\1248515\javaServerSide\tomcat\apache-tomcat-8.5.42\apache-tomcat-8.5.42\webapps\docs] has finished in [16] ms
15-Jul-2019 18:13:36.966 INFO [localhost-startStop-1] org.apache.catalina.startup.HostConfig.deployDirectory Deploying web application directory [D:\1248515\javaServerSide\tomcat\apache-tomcat-8.5.42\apache-tomcat-8.5.42\webapps\examples]
15-Jul-2019 18:13:37.513 INFO [localhost-startStop-1] org.apache.catalina.startup.HostConfig.deployDirectory Deployment of web application directory [D:\1248515\javaServerSide\tomcat\apache-tomcat-8.5.42\apache-tomcat-8.5.42\webapps\examples] has finished in [547] ms
15-Jul-2019 18:13:37.513 INFO [localhost-startStop-1] org.apache.catalina.startup.HostConfig.deployDirectory Deploying web application directory [D:\1248515\javaServerSide\tomcat\apache-tomcat-8.5.42\apache-tomcat-8.5.42\webapps\host-manager]
15-Jul-2019 18:13:37.528 INFO [localhost-startStop-1] org.apache.catalina.startup.HostConfig.deployDirectory Deployment of web application directory [D:\1248515\javaServerSide\tomcat\apache-tomcat-8.5.42\apache-tomcat-8.5.42\webapps\host-manager] has finished in [15] ms
15-Jul-2019 18:13:37.528 INFO [localhost-startStop-1] org.apache.catalina.startup.HostConfig.deployDirectory Deploying web application directory [D:\1248515\javaServerSide\tomcat\apache-tomcat-8.5.42\apache-tomcat-8.5.42\webapps\manager]
15-Jul-2019 18:13:37.560 INFO [localhost-startStop-1] org.apache.catalina.startup.HostConfig.deployDirectory Deployment of web application directory [D:\1248515\javaServerSide\tomcat\apache-tomcat-8.5.42\apache-tomcat-8.5.42\webapps\manager] has finished in [32] ms
15-Jul-2019 18:13:37.560 INFO [localhost-startStop-1] org.apache.catalina.startup.HostConfig.deployDirectory Deploying web application directory [D:\1248515\javaServerSide\tomcat\apache-tomcat-8.5.42\apache-tomcat-8.5.42\webapps\ROOT]
15-Jul-2019 18:13:37.575 INFO [localhost-startStop-1] org.apache.catalina.startup.HostConfig.deployDirectory Deployment of web application directory [D:\1248515\javaServerSide\tomcat\apache-tomcat-8.5.42\apache-tomcat-8.5.42\webapps\ROOT] has finished in [0] ms
15-Jul-2019 18:13:37.575 INFO [main] org.apache.coyote.AbstractProtocol.start Starting ProtocolHandler ["http-nio-8080"]
15-Jul-2019 18:13:37.575 INFO [main] org.apache.coyote.AbstractProtocol.start Starting ProtocolHandler ["ajp-nio-8009"]
15-Jul-2019 18:13:37.575 INFO [main] org.apache.catalina.startup.Catalina.start Server startup in 2182 ms
15-Jul-2019 18:55:15.047 INFO [main] org.apache.catalina.startup.VersionLoggerListener.log Server version:        Apache Tomcat/8.5.42
15-Jul-2019 18:55:15.047 INFO [main] org.apache.catalina.startup.VersionLoggerListener.log Server built:          Jun 4 2019 20:29:04 UTC
15-Jul-2019 18:55:15.047 INFO [main] org.apache.catalina.startup.VersionLoggerListener.log Server number:         8.5.42.0
15-Jul-2019 18:55:15.047 INFO [main] org.apache.catalina.startup.VersionLoggerListener.log OS Name:               Windows 10
15-Jul-2019 18:55:15.047 INFO [main] org.apache.catalina.startup.VersionLoggerListener.log OS Version:            10.0
15-Jul-2019 18:55:15.047 INFO [main] org.apache.catalina.startup.VersionLoggerListener.log Architecture:          amd64
15-Jul-2019 18:55:15.047 INFO [main] org.apache.catalina.startup.VersionLoggerListener.log Java Home:             C:\Program Files\Java\jdk1.8.0_151\jre
15-Jul-2019 18:55:15.047 INFO [main] org.apache.catalina.startup.VersionLoggerListener.log JVM Version:           1.8.0_151-b12
15-Jul-2019 18:55:15.047 INFO [main] org.apache.catalina.startup.VersionLoggerListener.log JVM Vendor:            Oracle Corporation
15-Jul-2019 18:55:15.047 INFO [main] org.apache.catalina.startup.VersionLoggerListener.log CATALINA_BASE:         D:\1248515\javaServerSide\tomcat\apache-tomcat-8.5.42\apache-tomcat-8.5.42
15-Jul-2019 18:55:15.047 INFO [main] org.apache.catalina.startup.VersionLoggerListener.log CATALINA_HOME:         D:\1248515\javaServerSide\tomcat\apache-tomcat-8.5.42\apache-tomcat-8.5.42
15-Jul-2019 18:55:15.047 INFO [main] org.apache.catalina.startup.VersionLoggerListener.log Command line argument: -Djava.util.logging.config.file=D:\1248515\javaServerSide\tomcat\apache-tomcat-8.5.42\apache-tomcat-8.5.42\conf\logging.properties
15-Jul-2019 18:55:15.047 INFO [main] org.apache.catalina.startup.VersionLoggerListener.log Command line argument: -Djava.util.logging.manager=org.apache.juli.ClassLoaderLogManager
15-Jul-2019 18:55:15.047 INFO [main] org.apache.catalina.startup.VersionLoggerListener.log Command line argument: -Dhttp.nonProxyHosts=localhost|127.0.0.1|DESKTOP-O0VLSEU
15-Jul-2019 18:55:15.047 INFO [main] org.apache.catalina.startup.VersionLoggerListener.log Command line argument: -Djdk.tls.ephemeralDHKeySize=2048
15-Jul-2019 18:55:15.047 INFO [main] org.apache.catalina.startup.VersionLoggerListener.log Command line argument: -Djava.protocol.handler.pkgs=org.apache.catalina.webresources
15-Jul-2019 18:55:15.047 INFO [main] org.apache.catalina.startup.VersionLoggerListener.log Command line argument: -Dignore.endorsed.dirs=
15-Jul-2019 18:55:15.047 INFO [main] org.apache.catalina.startup.VersionLoggerListener.log Command line argument: -Dcatalina.base=D:\1248515\javaServerSide\tomcat\apache-tomcat-8.5.42\apache-tomcat-8.5.42
15-Jul-2019 18:55:15.047 INFO [main] org.apache.catalina.startup.VersionLoggerListener.log Command line argument: -Dcatalina.home=D:\1248515\javaServerSide\tomcat\apache-tomcat-8.5.42\apache-tomcat-8.5.42
15-Jul-2019 18:55:15.047 INFO [main] org.apache.catalina.startup.VersionLoggerListener.log Command line argument: -Djava.io.tmpdir=D:\1248515\javaServerSide\tomcat\apache-tomcat-8.5.42\apache-tomcat-8.5.42\temp
15-Jul-2019 18:55:15.047 INFO [main] org.apache.catalina.core.AprLifecycleListener.lifecycleEvent The APR based Apache Tomcat Native library which allows optimal performance in production environments was not found on the java.library.path: [C:\Program Files\Java\jdk1.8.0_151\bin;C:\WINDOWS\Sun\Java\bin;C:\WINDOWS\system32;C:\WINDOWS;C:\ProgramData\Oracle\Java\javapath;C:\WINDOWS\system32;C:\WINDOWS;C:\WINDOWS\System32\Wbem;C:\WINDOWS\System32\WindowsPowerShell\v1.0\;C:\Program Files\Microsoft SQL Server\Client SDK\ODBC\130\Tools\Binn\;C:\Program Files (x86)\Microsoft SQL Server\130\Tools\Binn\;C:\Program Files\Microsoft SQL Server\130\Tools\Binn\;C:\Program Files\Microsoft SQL Server\130\DTS\Binn\;C:\Program Files (x86)\Microsoft SQL Server\Client SDK\ODBC\130\Tools\Binn\;C:\Program Files (x86)\Microsoft SQL Server\140\Tools\Binn\;C:\Program Files (x86)\Microsoft SQL Server\140\DTS\Binn\;C:\Program Files (x86)\Microsoft SQL Server\140\Tools\Binn\ManagementStudio\;C:\Program Files\dotnet\;C:\WINDOWS\System32\OpenSSH\;C:\Users\User\AppData\Local\Microsoft\WindowsApps;;.]
15-Jul-2019 18:55:15.172 INFO [main] org.apache.coyote.AbstractProtocol.init Initializing ProtocolHandler ["http-nio-8080"]
15-Jul-2019 18:55:15.266 INFO [main] org.apache.tomcat.util.net.NioSelectorPool.getSharedSelector Using a shared selector for servlet write/read
15-Jul-2019 18:55:15.282 INFO [main] org.apache.coyote.AbstractProtocol.init Initializing ProtocolHandler ["ajp-nio-8009"]
15-Jul-2019 18:55:15.282 INFO [main] org.apache.tomcat.util.net.NioSelectorPool.getSharedSelector Using a shared selector for servlet write/read
15-Jul-2019 18:55:15.282 INFO [main] org.apache.catalina.startup.Catalina.load Initialization processed in 607 ms
15-Jul-2019 18:55:15.297 INFO [main] org.apache.catalina.core.StandardService.startInternal Starting service [Catalina]
15-Jul-2019 18:55:15.297 INFO [main] org.apache.catalina.core.StandardEngine.startInternal Starting Servlet Engine: Apache Tomcat/8.5.42
15-Jul-2019 18:55:15.313 INFO [localhost-startStop-1] org.apache.catalina.startup.HostConfig.deployDescriptor Deploying configuration descriptor [D:\1248515\javaServerSide\tomcat\apache-tomcat-8.5.42\apache-tomcat-8.5.42\conf\Catalina\localhost\Add.xml]
15-Jul-2019 18:55:15.547 INFO [localhost-startStop-1] org.apache.catalina.startup.HostConfig.deployDescriptor Deployment of configuration descriptor [D:\1248515\javaServerSide\tomcat\apache-tomcat-8.5.42\apache-tomcat-8.5.42\conf\Catalina\localhost\Add.xml] has finished in [234] ms
15-Jul-2019 18:55:15.547 INFO [localhost-startStop-1] org.apache.catalina.startup.HostConfig.deployDescriptor Deploying configuration descriptor [D:\1248515\javaServerSide\tomcat\apache-tomcat-8.5.42\apache-tomcat-8.5.42\conf\Catalina\localhost\JstlFmtPr.xml]
15-Jul-2019 18:55:15.891 INFO [localhost-startStop-1] org.apache.jasper.servlet.TldScanner.scanJars At least one JAR was scanned for TLDs yet contained no TLDs. Enable debug logging for this logger for a complete list of JARs that were scanned but no TLDs were found in them. Skipping unneeded JARs during scanning can improve startup time and JSP compilation time.
15-Jul-2019 18:55:15.907 INFO [localhost-startStop-1] org.apache.catalina.startup.HostConfig.deployDescriptor Deployment of configuration descriptor [D:\1248515\javaServerSide\tomcat\apache-tomcat-8.5.42\apache-tomcat-8.5.42\conf\Catalina\localhost\JstlFmtPr.xml] has finished in [360] ms
15-Jul-2019 18:55:15.907 INFO [localhost-startStop-1] org.apache.catalina.startup.HostConfig.deployDescriptor Deploying configuration descriptor [D:\1248515\javaServerSide\tomcat\apache-tomcat-8.5.42\apache-tomcat-8.5.42\conf\Catalina\localhost\JstlPr.xml]
15-Jul-2019 18:55:16.172 INFO [localhost-startStop-1] org.apache.jasper.servlet.TldScanner.scanJars At least one JAR was scanned for TLDs yet contained no TLDs. Enable debug logging for this logger for a complete list of JARs that were scanned but no TLDs were found in them. Skipping unneeded JARs during scanning can improve startup time and JSP compilation time.
15-Jul-2019 18:55:16.188 INFO [localhost-startStop-1] org.apache.catalina.startup.HostConfig.deployDescriptor Deployment of configuration descriptor [D:\1248515\javaServerSide\tomcat\apache-tomcat-8.5.42\apache-tomcat-8.5.42\conf\Catalina\localhost\JstlPr.xml] has finished in [281] ms
15-Jul-2019 18:55:16.188 INFO [localhost-startStop-1] org.apache.catalina.startup.HostConfig.deployDescriptor Deploying configuration descriptor [D:\1248515\javaServerSide\tomcat\apache-tomcat-8.5.42\apache-tomcat-8.5.42\conf\Catalina\localhost\Servlet.xml]
15-Jul-2019 18:55:16.219 INFO [localhost-startStop-1] org.apache.catalina.startup.HostConfig.deployDescriptor Deployment of configuration descriptor [D:\1248515\javaServerSide\tomcat\apache-tomcat-8.5.42\apache-tomcat-8.5.42\conf\Catalina\localhost\Servlet.xml] has finished in [31] ms
15-Jul-2019 18:55:16.219 INFO [localhost-startStop-1] org.apache.catalina.startup.HostConfig.deployDescriptor Deploying configuration descriptor [D:\1248515\javaServerSide\tomcat\apache-tomcat-8.5.42\apache-tomcat-8.5.42\conf\Catalina\localhost\ServletPr.xml]
15-Jul-2019 18:55:16.235 INFO [localhost-startStop-1] org.apache.catalina.startup.HostConfig.deployDescriptor Deployment of configuration descriptor [D:\1248515\javaServerSide\tomcat\apache-tomcat-8.5.42\apache-tomcat-8.5.42\conf\Catalina\localhost\ServletPr.xml] has finished in [16] ms
15-Jul-2019 18:55:16.235 INFO [localhost-startStop-1] org.apache.catalina.startup.HostConfig.deployDescriptor Deploying configuration descriptor [D:\1248515\javaServerSide\tomcat\apache-tomcat-8.5.42\apache-tomcat-8.5.42\conf\Catalina\localhost\ServletPratice.xml]
15-Jul-2019 18:55:16.328 INFO [localhost-startStop-1] org.apache.catalina.startup.HostConfig.deployDescriptor Deployment of configuration descriptor [D:\1248515\javaServerSide\tomcat\apache-tomcat-8.5.42\apache-tomcat-8.5.42\conf\Catalina\localhost\ServletPratice.xml] has finished in [93] ms
15-Jul-2019 18:55:16.328 INFO [localhost-startStop-1] org.apache.catalina.startup.HostConfig.deployDescriptor Deploying configuration descriptor [D:\1248515\javaServerSide\tomcat\apache-tomcat-8.5.42\apache-tomcat-8.5.42\conf\Catalina\localhost\SimpleJsps.xml]
15-Jul-2019 18:55:16.328 SEVERE [localhost-startStop-1] org.apache.catalina.core.ContainerBase.addChildInternal ContainerBase.addChild: start: 
	org.apache.catalina.LifecycleException: Failed to start component [StandardEngine[Catalina].StandardHost[localhost].StandardContext[/SimpleJsps]]
		at org.apache.catalina.util.LifecycleBase.start(LifecycleBase.java:167)
		at org.apache.catalina.core.ContainerBase.addChildInternal(ContainerBase.java:754)
		at org.apache.catalina.core.ContainerBase.addChild(ContainerBase.java:730)
		at org.apache.catalina.core.StandardHost.addChild(StandardHost.java:744)
		at org.apache.catalina.startup.HostConfig.deployDescriptor(HostConfig.java:624)
		at org.apache.catalina.startup.HostConfig$DeployDescriptor.run(HostConfig.java:1833)
		at java.util.concurrent.Executors$RunnableAdapter.call(Executors.java:511)
		at java.util.concurrent.FutureTask.run(FutureTask.java:266)
		at java.util.concurrent.ThreadPoolExecutor.runWorker(ThreadPoolExecutor.java:1149)
		at java.util.concurrent.ThreadPoolExecutor$Worker.run(ThreadPoolExecutor.java:624)
		at java.lang.Thread.run(Thread.java:748)
	Caused by: org.apache.catalina.LifecycleException: Failed to start component [org.apache.catalina.webresources.StandardRoot@6a30ef10]
		at org.apache.catalina.util.LifecycleBase.start(LifecycleBase.java:167)
		at org.apache.catalina.core.StandardContext.resourcesStart(StandardContext.java:4885)
		at org.apache.catalina.core.StandardContext.startInternal(StandardContext.java:5020)
		at org.apache.catalina.util.LifecycleBase.start(LifecycleBase.java:150)
		... 10 more
	Caused by: java.lang.IllegalArgumentException: The main resource set specified [C:\Users\Java\Documents\NetBeansProjects\SimpleJsps\build\web] is not valid
		at org.apache.catalina.webresources.StandardRoot.createMainResourceSet(StandardRoot.java:748)
		at org.apache.catalina.webresources.StandardRoot.startInternal(StandardRoot.java:706)
		at org.apache.catalina.util.LifecycleBase.start(LifecycleBase.java:150)
		... 13 more
15-Jul-2019 18:55:16.328 SEVERE [localhost-startStop-1] org.apache.catalina.startup.HostConfig.deployDescriptor Error deploying configuration descriptor [D:\1248515\javaServerSide\tomcat\apache-tomcat-8.5.42\apache-tomcat-8.5.42\conf\Catalina\localhost\SimpleJsps.xml]
	java.lang.IllegalStateException: ContainerBase.addChild: start: org.apache.catalina.LifecycleException: Failed to start component [StandardEngine[Catalina].StandardHost[localhost].StandardContext[/SimpleJsps]]
		at org.apache.catalina.core.ContainerBase.addChildInternal(ContainerBase.java:758)
		at org.apache.catalina.core.ContainerBase.addChild(ContainerBase.java:730)
		at org.apache.catalina.core.StandardHost.addChild(StandardHost.java:744)
		at org.apache.catalina.startup.HostConfig.deployDescriptor(HostConfig.java:624)
		at org.apache.catalina.startup.HostConfig$DeployDescriptor.run(HostConfig.java:1833)
		at java.util.concurrent.Executors$RunnableAdapter.call(Executors.java:511)
		at java.util.concurrent.FutureTask.run(FutureTask.java:266)
		at java.util.concurrent.ThreadPoolExecutor.runWorker(ThreadPoolExecutor.java:1149)
		at java.util.concurrent.ThreadPoolExecutor$Worker.run(ThreadPoolExecutor.java:624)
		at java.lang.Thread.run(Thread.java:748)
15-Jul-2019 18:55:16.328 INFO [localhost-startStop-1] org.apache.catalina.startup.HostConfig.deployDescriptor Deployment of configuration descriptor [D:\1248515\javaServerSide\tomcat\apache-tomcat-8.5.42\apache-tomcat-8.5.42\conf\Catalina\localhost\SimpleJsps.xml] has finished in [0] ms
15-Jul-2019 18:55:16.375 INFO [localhost-startStop-1] org.apache.catalina.startup.HostConfig.deployDescriptor Deploying configuration descriptor [D:\1248515\javaServerSide\tomcat\apache-tomcat-8.5.42\apache-tomcat-8.5.42\conf\Catalina\localhost\Stock.xml]
15-Jul-2019 18:55:16.703 INFO [localhost-startStop-1] org.apache.jasper.servlet.TldScanner.scanJars At least one JAR was scanned for TLDs yet contained no TLDs. Enable debug logging for this logger for a complete list of JARs that were scanned but no TLDs were found in them. Skipping unneeded JARs during scanning can improve startup time and JSP compilation time.
15-Jul-2019 18:55:16.734 INFO [localhost-startStop-1] org.apache.catalina.startup.HostConfig.deployDescriptor Deployment of configuration descriptor [D:\1248515\javaServerSide\tomcat\apache-tomcat-8.5.42\apache-tomcat-8.5.42\conf\Catalina\localhost\Stock.xml] has finished in [359] ms
15-Jul-2019 18:55:16.734 INFO [localhost-startStop-1] org.apache.catalina.startup.HostConfig.deployDescriptor Deploying configuration descriptor [D:\1248515\javaServerSide\tomcat\apache-tomcat-8.5.42\apache-tomcat-8.5.42\conf\Catalina\localhost\testJsp.xml]
15-Jul-2019 18:55:16.734 SEVERE [localhost-startStop-1] org.apache.catalina.core.ContainerBase.addChildInternal ContainerBase.addChild: start: 
	org.apache.catalina.LifecycleException: Failed to start component [StandardEngine[Catalina].StandardHost[localhost].StandardContext[/testJsp]]
		at org.apache.catalina.util.LifecycleBase.start(LifecycleBase.java:167)
		at org.apache.catalina.core.ContainerBase.addChildInternal(ContainerBase.java:754)
		at org.apache.catalina.core.ContainerBase.addChild(ContainerBase.java:730)
		at org.apache.catalina.core.StandardHost.addChild(StandardHost.java:744)
		at org.apache.catalina.startup.HostConfig.deployDescriptor(HostConfig.java:624)
		at org.apache.catalina.startup.HostConfig$DeployDescriptor.run(HostConfig.java:1833)
		at java.util.concurrent.Executors$RunnableAdapter.call(Executors.java:511)
		at java.util.concurrent.FutureTask.run(FutureTask.java:266)
		at java.util.concurrent.ThreadPoolExecutor.runWorker(ThreadPoolExecutor.java:1149)
		at java.util.concurrent.ThreadPoolExecutor$Worker.run(ThreadPoolExecutor.java:624)
		at java.lang.Thread.run(Thread.java:748)
	Caused by: org.apache.catalina.LifecycleException: Failed to start component [org.apache.catalina.webresources.StandardRoot@7d4facc0]
		at org.apache.catalina.util.LifecycleBase.start(LifecycleBase.java:167)
		at org.apache.catalina.core.StandardContext.resourcesStart(StandardContext.java:4885)
		at org.apache.catalina.core.StandardContext.startInternal(StandardContext.java:5020)
		at org.apache.catalina.util.LifecycleBase.start(LifecycleBase.java:150)
		... 10 more
	Caused by: java.lang.IllegalArgumentException: The main resource set specified [C:\Users\Java\Documents\NetBeansProjects\testJsp\build\web] is not valid
		at org.apache.catalina.webresources.StandardRoot.createMainResourceSet(StandardRoot.java:748)
		at org.apache.catalina.webresources.StandardRoot.startInternal(StandardRoot.java:706)
		at org.apache.catalina.util.LifecycleBase.start(LifecycleBase.java:150)
		... 13 more
15-Jul-2019 18:55:16.734 SEVERE [localhost-startStop-1] org.apache.catalina.startup.HostConfig.deployDescriptor Error deploying configuration descriptor [D:\1248515\javaServerSide\tomcat\apache-tomcat-8.5.42\apache-tomcat-8.5.42\conf\Catalina\localhost\testJsp.xml]
	java.lang.IllegalStateException: ContainerBase.addChild: start: org.apache.catalina.LifecycleException: Failed to start component [StandardEngine[Catalina].StandardHost[localhost].StandardContext[/testJsp]]
		at org.apache.catalina.core.ContainerBase.addChildInternal(ContainerBase.java:758)
		at org.apache.catalina.core.ContainerBase.addChild(ContainerBase.java:730)
		at org.apache.catalina.core.StandardHost.addChild(StandardHost.java:744)
		at org.apache.catalina.startup.HostConfig.deployDescriptor(HostConfig.java:624)
		at org.apache.catalina.startup.HostConfig$DeployDescriptor.run(HostConfig.java:1833)
		at java.util.concurrent.Executors$RunnableAdapter.call(Executors.java:511)
		at java.util.concurrent.FutureTask.run(FutureTask.java:266)
		at java.util.concurrent.ThreadPoolExecutor.runWorker(ThreadPoolExecutor.java:1149)
		at java.util.concurrent.ThreadPoolExecutor$Worker.run(ThreadPoolExecutor.java:624)
		at java.lang.Thread.run(Thread.java:748)
15-Jul-2019 18:55:16.734 INFO [localhost-startStop-1] org.apache.catalina.startup.HostConfig.deployDescriptor Deployment of configuration descriptor [D:\1248515\javaServerSide\tomcat\apache-tomcat-8.5.42\apache-tomcat-8.5.42\conf\Catalina\localhost\testJsp.xml] has finished in [0] ms
15-Jul-2019 18:55:16.734 INFO [localhost-startStop-1] org.apache.catalina.startup.HostConfig.deployDirectory Deploying web application directory [D:\1248515\javaServerSide\tomcat\apache-tomcat-8.5.42\apache-tomcat-8.5.42\webapps\docs]
15-Jul-2019 18:55:16.828 INFO [localhost-startStop-1] org.apache.catalina.startup.HostConfig.deployDirectory Deployment of web application directory [D:\1248515\javaServerSide\tomcat\apache-tomcat-8.5.42\apache-tomcat-8.5.42\webapps\docs] has finished in [94] ms
15-Jul-2019 18:55:16.828 INFO [localhost-startStop-1] org.apache.catalina.startup.HostConfig.deployDirectory Deploying web application directory [D:\1248515\javaServerSide\tomcat\apache-tomcat-8.5.42\apache-tomcat-8.5.42\webapps\examples]
15-Jul-2019 18:55:17.031 INFO [localhost-startStop-1] org.apache.catalina.startup.HostConfig.deployDirectory Deployment of web application directory [D:\1248515\javaServerSide\tomcat\apache-tomcat-8.5.42\apache-tomcat-8.5.42\webapps\examples] has finished in [203] ms
15-Jul-2019 18:55:17.031 INFO [localhost-startStop-1] org.apache.catalina.startup.HostConfig.deployDirectory Deploying web application directory [D:\1248515\javaServerSide\tomcat\apache-tomcat-8.5.42\apache-tomcat-8.5.42\webapps\host-manager]
15-Jul-2019 18:55:17.063 INFO [localhost-startStop-1] org.apache.catalina.startup.HostConfig.deployDirectory Deployment of web application directory [D:\1248515\javaServerSide\tomcat\apache-tomcat-8.5.42\apache-tomcat-8.5.42\webapps\host-manager] has finished in [32] ms
15-Jul-2019 18:55:17.063 INFO [localhost-startStop-1] org.apache.catalina.startup.HostConfig.deployDirectory Deploying web application directory [D:\1248515\javaServerSide\tomcat\apache-tomcat-8.5.42\apache-tomcat-8.5.42\webapps\manager]
15-Jul-2019 18:55:17.078 INFO [localhost-startStop-1] org.apache.catalina.startup.HostConfig.deployDirectory Deployment of web application directory [D:\1248515\javaServerSide\tomcat\apache-tomcat-8.5.42\apache-tomcat-8.5.42\webapps\manager] has finished in [15] ms
15-Jul-2019 18:55:17.078 INFO [localhost-startStop-1] org.apache.catalina.startup.HostConfig.deployDirectory Deploying web application directory [D:\1248515\javaServerSide\tomcat\apache-tomcat-8.5.42\apache-tomcat-8.5.42\webapps\ROOT]
15-Jul-2019 18:55:17.094 INFO [localhost-startStop-1] org.apache.catalina.startup.HostConfig.deployDirectory Deployment of web application directory [D:\1248515\javaServerSide\tomcat\apache-tomcat-8.5.42\apache-tomcat-8.5.42\webapps\ROOT] has finished in [16] ms
15-Jul-2019 18:55:17.094 INFO [main] org.apache.coyote.AbstractProtocol.start Starting ProtocolHandler ["http-nio-8080"]
15-Jul-2019 18:55:17.109 INFO [main] org.apache.coyote.AbstractProtocol.start Starting ProtocolHandler ["ajp-nio-8009"]
15-Jul-2019 18:55:17.109 INFO [main] org.apache.catalina.startup.Catalina.start Server startup in 1834 ms
15-Jul-2019 19:27:22.802 INFO [main] org.apache.catalina.core.StandardServer.await A valid shutdown command was received via the shutdown port. Stopping the Server instance.
15-Jul-2019 19:27:22.802 INFO [main] org.apache.coyote.AbstractProtocol.pause Pausing ProtocolHandler ["http-nio-8080"]
15-Jul-2019 19:27:22.848 INFO [main] org.apache.coyote.AbstractProtocol.pause Pausing ProtocolHandler ["ajp-nio-8009"]
15-Jul-2019 19:27:22.886 INFO [main] org.apache.catalina.core.StandardService.stopInternal Stopping service [Catalina]
15-Jul-2019 19:27:22.901 WARNING [localhost-startStop-2] org.apache.catalina.loader.WebappClassLoaderBase.clearReferencesThreads The web application [JstlPr] appears to have started a thread named [Abandoned connection cleanup thread] but has failed to stop it. This is very likely to create a memory leak. Stack trace of thread:
 java.io.WinNTFileSystem.canonicalize0(Native Method)
 java.io.WinNTFileSystem.canonicalize(WinNTFileSystem.java:428)
 java.io.File.getCanonicalPath(File.java:618)
 org.apache.catalina.webresources.AbstractFileResourceSet.file(AbstractFileResourceSet.java:90)
 org.apache.catalina.webresources.DirResourceSet.getResource(DirResourceSet.java:101)
 org.apache.catalina.webresources.StandardRoot.getResourceInternal(StandardRoot.java:281)
 org.apache.catalina.webresources.CachedResource.validateResource(CachedResource.java:87)
 org.apache.catalina.webresources.Cache.getResource(Cache.java:87)
 org.apache.catalina.webresources.StandardRoot.getResource(StandardRoot.java:216)
 org.apache.catalina.webresources.StandardRoot.getClassLoaderResource(StandardRoot.java:225)
 org.apache.catalina.loader.WebappClassLoaderBase.findResource(WebappClassLoaderBase.java:932)
 org.apache.catalina.loader.WebappClassLoaderBase.getResource(WebappClassLoaderBase.java:1053)
 com.mysql.cj.jdbc.AbandonedConnectionCleanupThread.checkContextClassLoaders(AbandonedConnectionCleanupThread.java:96)
 com.mysql.cj.jdbc.AbandonedConnectionCleanupThread.run(AbandonedConnectionCleanupThread.java:69)
 java.util.concurrent.ThreadPoolExecutor.runWorker(ThreadPoolExecutor.java:1149)
 java.util.concurrent.ThreadPoolExecutor$Worker.run(ThreadPoolExecutor.java:624)
 java.lang.Thread.run(Thread.java:748)
15-Jul-2019 19:27:22.901 WARNING [localhost-startStop-2] org.apache.catalina.loader.WebappClassLoaderBase.clearReferencesThreads The web application [JstlFmtPr] appears to have started a thread named [Abandoned connection cleanup thread] but has failed to stop it. This is very likely to create a memory leak. Stack trace of thread:
 java.io.WinNTFileSystem.getBooleanAttributes(Native Method)
 java.io.File.isFile(File.java:882)
 org.apache.catalina.webresources.AbstractFileResourceSet.file(AbstractFileResourceSet.java:65)
 org.apache.catalina.webresources.DirResourceSet.getResource(DirResourceSet.java:101)
 org.apache.catalina.webresources.StandardRoot.getResourceInternal(StandardRoot.java:281)
 org.apache.catalina.webresources.CachedResource.validateResource(CachedResource.java:87)
 org.apache.catalina.webresources.Cache.getResource(Cache.java:87)
 org.apache.catalina.webresources.StandardRoot.getResource(StandardRoot.java:216)
 org.apache.catalina.webresources.StandardRoot.getClassLoaderResource(StandardRoot.java:225)
 org.apache.catalina.loader.WebappClassLoaderBase.findResource(WebappClassLoaderBase.java:932)
 org.apache.catalina.loader.WebappClassLoaderBase.getResource(WebappClassLoaderBase.java:1053)
 com.mysql.cj.jdbc.AbandonedConnectionCleanupThread.checkContextClassLoaders(AbandonedConnectionCleanupThread.java:96)
 com.mysql.cj.jdbc.AbandonedConnectionCleanupThread.run(AbandonedConnectionCleanupThread.java:69)
 java.util.concurrent.ThreadPoolExecutor.runWorker(ThreadPoolExecutor.java:1149)
 java.util.concurrent.ThreadPoolExecutor$Worker.run(ThreadPoolExecutor.java:624)
 java.lang.Thread.run(Thread.java:748)
15-Jul-2019 19:27:22.917 WARNING [localhost-startStop-2] org.apache.catalina.loader.WebappClassLoaderBase.clearReferencesJdbc The web application [Stock] registered the JDBC driver [com.mysql.cj.jdbc.Driver] but failed to unregister it when the web application was stopped. To prevent a memory leak, the JDBC Driver has been forcibly unregistered.
15-Jul-2019 19:27:22.933 WARNING [localhost-startStop-2] org.apache.catalina.loader.WebappClassLoaderBase.clearReferencesThreads The web application [Stock] appears to have started a thread named [Abandoned connection cleanup thread] but has failed to stop it. This is very likely to create a memory leak. Stack trace of thread:
 java.lang.Object.wait(Native Method)
 java.lang.ref.ReferenceQueue.remove(ReferenceQueue.java:143)
 com.mysql.cj.jdbc.AbandonedConnectionCleanupThread.run(AbandonedConnectionCleanupThread.java:70)
 java.util.concurrent.ThreadPoolExecutor.runWorker(ThreadPoolExecutor.java:1149)
 java.util.concurrent.ThreadPoolExecutor$Worker.run(ThreadPoolExecutor.java:624)
 java.lang.Thread.run(Thread.java:748)
15-Jul-2019 19:27:22.933 INFO [main] org.apache.coyote.AbstractProtocol.stop Stopping ProtocolHandler ["http-nio-8080"]
15-Jul-2019 19:27:22.933 INFO [main] org.apache.coyote.AbstractProtocol.stop Stopping ProtocolHandler ["ajp-nio-8009"]
15-Jul-2019 19:27:22.933 INFO [main] org.apache.coyote.AbstractProtocol.destroy Destroying ProtocolHandler ["http-nio-8080"]
15-Jul-2019 19:27:22.933 INFO [main] org.apache.coyote.AbstractProtocol.destroy Destroying ProtocolHandler ["ajp-nio-8009"]
