20-Aug-2019 14:27:34.576 INFO [localhost-startStop-1] org.apache.catalina.core.ApplicationContext.log ContextListener: contextInitialized()
20-Aug-2019 14:27:34.576 INFO [localhost-startStop-1] org.apache.catalina.core.ApplicationContext.log SessionListener: contextInitialized()
20-Aug-2019 14:27:34.576 INFO [localhost-startStop-1] org.apache.catalina.core.ApplicationContext.log ContextListener: attributeAdded('StockTicker', 'async.Stockticker@e81ff98')
20-Aug-2019 17:08:56.224 WARNING [http-nio-8080-exec-143] org.apache.catalina.session.StandardSession.doWriteObject Cannot serialize session attribute [com.sun.faces.application.view.activeViewMaps] for session [3A15B75AA21AE6C86350972413FF3885]
	java.io.NotSerializableException: com.emp.data
		at java.io.ObjectOutputStream.writeObject0(ObjectOutputStream.java:1184)
		at java.io.ObjectOutputStream.writeObject(ObjectOutputStream.java:348)
		at java.util.HashMap.internalWriteEntries(HashMap.java:1793)
		at java.util.HashMap.writeObject(HashMap.java:1363)
		at sun.reflect.NativeMethodAccessorImpl.invoke0(Native Method)
		at sun.reflect.NativeMethodAccessorImpl.invoke(NativeMethodAccessorImpl.java:62)
		at sun.reflect.DelegatingMethodAccessorImpl.invoke(DelegatingMethodAccessorImpl.java:43)
		at java.lang.reflect.Method.invoke(Method.java:498)
		at java.io.ObjectStreamClass.invokeWriteObject(ObjectStreamClass.java:1140)
		at java.io.ObjectOutputStream.writeSerialData(ObjectOutputStream.java:1496)
		at java.io.ObjectOutputStream.writeOrdinaryObject(ObjectOutputStream.java:1432)
		at java.io.ObjectOutputStream.writeObject0(ObjectOutputStream.java:1178)
		at java.io.ObjectOutputStream.writeObject(ObjectOutputStream.java:348)
		at java.util.LinkedHashMap.internalWriteEntries(LinkedHashMap.java:333)
		at java.util.HashMap.writeObject(HashMap.java:1363)
		at sun.reflect.NativeMethodAccessorImpl.invoke0(Native Method)
		at sun.reflect.NativeMethodAccessorImpl.invoke(NativeMethodAccessorImpl.java:62)
		at sun.reflect.DelegatingMethodAccessorImpl.invoke(DelegatingMethodAccessorImpl.java:43)
		at java.lang.reflect.Method.invoke(Method.java:498)
		at java.io.ObjectStreamClass.invokeWriteObject(ObjectStreamClass.java:1140)
		at java.io.ObjectOutputStream.writeSerialData(ObjectOutputStream.java:1496)
		at java.io.ObjectOutputStream.writeOrdinaryObject(ObjectOutputStream.java:1432)
		at java.io.ObjectOutputStream.writeObject0(ObjectOutputStream.java:1178)
		at java.io.ObjectOutputStream.defaultWriteFields(ObjectOutputStream.java:1548)
		at java.io.ObjectOutputStream.defaultWriteObject(ObjectOutputStream.java:441)
		at java.util.Collections$SynchronizedMap.writeObject(Collections.java:2693)
		at sun.reflect.NativeMethodAccessorImpl.invoke0(Native Method)
		at sun.reflect.NativeMethodAccessorImpl.invoke(NativeMethodAccessorImpl.java:62)
		at sun.reflect.DelegatingMethodAccessorImpl.invoke(DelegatingMethodAccessorImpl.java:43)
		at java.lang.reflect.Method.invoke(Method.java:498)
		at java.io.ObjectStreamClass.invokeWriteObject(ObjectStreamClass.java:1140)
		at java.io.ObjectOutputStream.writeSerialData(ObjectOutputStream.java:1496)
		at java.io.ObjectOutputStream.writeOrdinaryObject(ObjectOutputStream.java:1432)
		at java.io.ObjectOutputStream.writeObject0(ObjectOutputStream.java:1178)
		at java.io.ObjectOutputStream.writeObject(ObjectOutputStream.java:348)
		at org.apache.catalina.session.StandardSession.doWriteObject(StandardSession.java:1702)
		at org.apache.catalina.session.StandardSession.writeObjectData(StandardSession.java:1094)
		at org.apache.catalina.session.StandardManager.doUnload(StandardManager.java:312)
		at org.apache.catalina.session.StandardManager.unload(StandardManager.java:264)
		at org.apache.catalina.session.StandardManager.stopInternal(StandardManager.java:379)
		at org.apache.catalina.util.LifecycleBase.stop(LifecycleBase.java:226)
		at org.apache.catalina.core.StandardContext.stopInternal(StandardContext.java:5470)
		at org.apache.catalina.util.LifecycleBase.stop(LifecycleBase.java:226)
		at org.apache.catalina.core.StandardContext.reload(StandardContext.java:3821)
		at org.apache.catalina.manager.ManagerServlet.reload(ManagerServlet.java:1089)
		at org.apache.catalina.manager.ManagerServlet.doGet(ManagerServlet.java:361)
		at javax.servlet.http.HttpServlet.service(HttpServlet.java:634)
		at javax.servlet.http.HttpServlet.service(HttpServlet.java:741)
		at org.apache.catalina.core.ApplicationFilterChain.internalDoFilter(ApplicationFilterChain.java:231)
		at org.apache.catalina.core.ApplicationFilterChain.doFilter(ApplicationFilterChain.java:166)
		at org.apache.tomcat.websocket.server.WsFilter.doFilter(WsFilter.java:52)
		at org.apache.catalina.core.ApplicationFilterChain.internalDoFilter(ApplicationFilterChain.java:193)
		at org.apache.catalina.core.ApplicationFilterChain.doFilter(ApplicationFilterChain.java:166)
		at org.apache.catalina.filters.SetCharacterEncodingFilter.doFilter(SetCharacterEncodingFilter.java:109)
		at org.apache.catalina.core.ApplicationFilterChain.internalDoFilter(ApplicationFilterChain.java:193)
		at org.apache.catalina.core.ApplicationFilterChain.doFilter(ApplicationFilterChain.java:166)
		at org.apache.catalina.core.StandardWrapperValve.invoke(StandardWrapperValve.java:199)
		at org.apache.catalina.core.StandardContextValve.invoke(StandardContextValve.java:96)
		at org.apache.catalina.authenticator.AuthenticatorBase.invoke(AuthenticatorBase.java:610)
		at org.apache.catalina.valves.RequestFilterValve.process(RequestFilterValve.java:348)
		at org.apache.catalina.valves.RemoteAddrValve.invoke(RemoteAddrValve.java:52)
		at org.apache.catalina.core.StandardHostValve.invoke(StandardHostValve.java:137)
		at org.apache.catalina.valves.ErrorReportValve.invoke(ErrorReportValve.java:81)
		at org.apache.catalina.valves.AbstractAccessLogValve.invoke(AbstractAccessLogValve.java:660)
		at org.apache.catalina.core.StandardEngineValve.invoke(StandardEngineValve.java:87)
		at org.apache.catalina.connector.CoyoteAdapter.service(CoyoteAdapter.java:343)
		at org.apache.coyote.http11.Http11Processor.service(Http11Processor.java:798)
		at org.apache.coyote.AbstractProcessorLight.process(AbstractProcessorLight.java:66)
		at org.apache.coyote.AbstractProtocol$ConnectionHandler.process(AbstractProtocol.java:808)
		at org.apache.tomcat.util.net.NioEndpoint$SocketProcessor.doRun(NioEndpoint.java:1498)
		at org.apache.tomcat.util.net.SocketProcessorBase.run(SocketProcessorBase.java:49)
		at java.util.concurrent.ThreadPoolExecutor.runWorker(ThreadPoolExecutor.java:1149)
		at java.util.concurrent.ThreadPoolExecutor$Worker.run(ThreadPoolExecutor.java:624)
		at org.apache.tomcat.util.threads.TaskThread$WrappingRunnable.run(TaskThread.java:61)
		at java.lang.Thread.run(Thread.java:748)
20-Aug-2019 17:08:57.162 WARNING [http-nio-8080-exec-143] org.apache.catalina.session.StandardSession.doReadObject Cannot deserialize session attribute [com.sun.faces.application.view.activeViewMaps] for session [3A15B75AA21AE6C86350972413FF3885]
20-Aug-2019 17:17:59.748 WARNING [http-nio-8080-exec-174] org.apache.catalina.session.StandardSession.doWriteObject Cannot serialize session attribute [com.sun.faces.application.view.activeViewMaps] for session [78299DB8B82A78E2C9D79F33DB0E32A0]
	java.io.NotSerializableException: com.emp.data
		at java.io.ObjectOutputStream.writeObject0(ObjectOutputStream.java:1184)
		at java.io.ObjectOutputStream.writeObject(ObjectOutputStream.java:348)
		at java.util.HashMap.internalWriteEntries(HashMap.java:1793)
		at java.util.HashMap.writeObject(HashMap.java:1363)
		at sun.reflect.NativeMethodAccessorImpl.invoke0(Native Method)
		at sun.reflect.NativeMethodAccessorImpl.invoke(NativeMethodAccessorImpl.java:62)
		at sun.reflect.DelegatingMethodAccessorImpl.invoke(DelegatingMethodAccessorImpl.java:43)
		at java.lang.reflect.Method.invoke(Method.java:498)
		at java.io.ObjectStreamClass.invokeWriteObject(ObjectStreamClass.java:1140)
		at java.io.ObjectOutputStream.writeSerialData(ObjectOutputStream.java:1496)
		at java.io.ObjectOutputStream.writeOrdinaryObject(ObjectOutputStream.java:1432)
		at java.io.ObjectOutputStream.writeObject0(ObjectOutputStream.java:1178)
		at java.io.ObjectOutputStream.writeObject(ObjectOutputStream.java:348)
		at java.util.LinkedHashMap.internalWriteEntries(LinkedHashMap.java:333)
		at java.util.HashMap.writeObject(HashMap.java:1363)
		at sun.reflect.NativeMethodAccessorImpl.invoke0(Native Method)
		at sun.reflect.NativeMethodAccessorImpl.invoke(NativeMethodAccessorImpl.java:62)
		at sun.reflect.DelegatingMethodAccessorImpl.invoke(DelegatingMethodAccessorImpl.java:43)
		at java.lang.reflect.Method.invoke(Method.java:498)
		at java.io.ObjectStreamClass.invokeWriteObject(ObjectStreamClass.java:1140)
		at java.io.ObjectOutputStream.writeSerialData(ObjectOutputStream.java:1496)
		at java.io.ObjectOutputStream.writeOrdinaryObject(ObjectOutputStream.java:1432)
		at java.io.ObjectOutputStream.writeObject0(ObjectOutputStream.java:1178)
		at java.io.ObjectOutputStream.defaultWriteFields(ObjectOutputStream.java:1548)
		at java.io.ObjectOutputStream.defaultWriteObject(ObjectOutputStream.java:441)
		at java.util.Collections$SynchronizedMap.writeObject(Collections.java:2693)
		at sun.reflect.NativeMethodAccessorImpl.invoke0(Native Method)
		at sun.reflect.NativeMethodAccessorImpl.invoke(NativeMethodAccessorImpl.java:62)
		at sun.reflect.DelegatingMethodAccessorImpl.invoke(DelegatingMethodAccessorImpl.java:43)
		at java.lang.reflect.Method.invoke(Method.java:498)
		at java.io.ObjectStreamClass.invokeWriteObject(ObjectStreamClass.java:1140)
		at java.io.ObjectOutputStream.writeSerialData(ObjectOutputStream.java:1496)
		at java.io.ObjectOutputStream.writeOrdinaryObject(ObjectOutputStream.java:1432)
		at java.io.ObjectOutputStream.writeObject0(ObjectOutputStream.java:1178)
		at java.io.ObjectOutputStream.writeObject(ObjectOutputStream.java:348)
		at org.apache.catalina.session.StandardSession.doWriteObject(StandardSession.java:1702)
		at org.apache.catalina.session.StandardSession.writeObjectData(StandardSession.java:1094)
		at org.apache.catalina.session.StandardManager.doUnload(StandardManager.java:312)
		at org.apache.catalina.session.StandardManager.unload(StandardManager.java:264)
		at org.apache.catalina.session.StandardManager.stopInternal(StandardManager.java:379)
		at org.apache.catalina.util.LifecycleBase.stop(LifecycleBase.java:226)
		at org.apache.catalina.core.StandardContext.stopInternal(StandardContext.java:5470)
		at org.apache.catalina.util.LifecycleBase.stop(LifecycleBase.java:226)
		at org.apache.catalina.core.StandardContext.reload(StandardContext.java:3821)
		at org.apache.catalina.manager.ManagerServlet.reload(ManagerServlet.java:1089)
		at org.apache.catalina.manager.ManagerServlet.doGet(ManagerServlet.java:361)
		at javax.servlet.http.HttpServlet.service(HttpServlet.java:634)
		at javax.servlet.http.HttpServlet.service(HttpServlet.java:741)
		at org.apache.catalina.core.ApplicationFilterChain.internalDoFilter(ApplicationFilterChain.java:231)
		at org.apache.catalina.core.ApplicationFilterChain.doFilter(ApplicationFilterChain.java:166)
		at org.apache.tomcat.websocket.server.WsFilter.doFilter(WsFilter.java:52)
		at org.apache.catalina.core.ApplicationFilterChain.internalDoFilter(ApplicationFilterChain.java:193)
		at org.apache.catalina.core.ApplicationFilterChain.doFilter(ApplicationFilterChain.java:166)
		at org.apache.catalina.filters.SetCharacterEncodingFilter.doFilter(SetCharacterEncodingFilter.java:109)
		at org.apache.catalina.core.ApplicationFilterChain.internalDoFilter(ApplicationFilterChain.java:193)
		at org.apache.catalina.core.ApplicationFilterChain.doFilter(ApplicationFilterChain.java:166)
		at org.apache.catalina.core.StandardWrapperValve.invoke(StandardWrapperValve.java:199)
		at org.apache.catalina.core.StandardContextValve.invoke(StandardContextValve.java:96)
		at org.apache.catalina.authenticator.AuthenticatorBase.invoke(AuthenticatorBase.java:610)
		at org.apache.catalina.valves.RequestFilterValve.process(RequestFilterValve.java:348)
		at org.apache.catalina.valves.RemoteAddrValve.invoke(RemoteAddrValve.java:52)
		at org.apache.catalina.core.StandardHostValve.invoke(StandardHostValve.java:137)
		at org.apache.catalina.valves.ErrorReportValve.invoke(ErrorReportValve.java:81)
		at org.apache.catalina.valves.AbstractAccessLogValve.invoke(AbstractAccessLogValve.java:660)
		at org.apache.catalina.core.StandardEngineValve.invoke(StandardEngineValve.java:87)
		at org.apache.catalina.connector.CoyoteAdapter.service(CoyoteAdapter.java:343)
		at org.apache.coyote.http11.Http11Processor.service(Http11Processor.java:798)
		at org.apache.coyote.AbstractProcessorLight.process(AbstractProcessorLight.java:66)
		at org.apache.coyote.AbstractProtocol$ConnectionHandler.process(AbstractProtocol.java:808)
		at org.apache.tomcat.util.net.NioEndpoint$SocketProcessor.doRun(NioEndpoint.java:1498)
		at org.apache.tomcat.util.net.SocketProcessorBase.run(SocketProcessorBase.java:49)
		at java.util.concurrent.ThreadPoolExecutor.runWorker(ThreadPoolExecutor.java:1149)
		at java.util.concurrent.ThreadPoolExecutor$Worker.run(ThreadPoolExecutor.java:624)
		at org.apache.tomcat.util.threads.TaskThread$WrappingRunnable.run(TaskThread.java:61)
		at java.lang.Thread.run(Thread.java:748)
20-Aug-2019 17:18:00.732 WARNING [http-nio-8080-exec-174] org.apache.catalina.session.StandardSession.doReadObject Cannot deserialize session attribute [com.sun.faces.application.view.activeViewMaps] for session [78299DB8B82A78E2C9D79F33DB0E32A0]
20-Aug-2019 18:44:06.826 WARNING [http-nio-8080-exec-195] org.apache.catalina.session.StandardSession.doWriteObject Cannot serialize session attribute [com.sun.faces.application.view.activeViewMaps] for session [3C6FCE48525C7794D7F10B892B1553AC]
	java.io.NotSerializableException: com.emp.data
		at java.io.ObjectOutputStream.writeObject0(ObjectOutputStream.java:1184)
		at java.io.ObjectOutputStream.writeObject(ObjectOutputStream.java:348)
		at java.util.HashMap.internalWriteEntries(HashMap.java:1793)
		at java.util.HashMap.writeObject(HashMap.java:1363)
		at sun.reflect.GeneratedMethodAccessor338.invoke(Unknown Source)
		at sun.reflect.DelegatingMethodAccessorImpl.invoke(DelegatingMethodAccessorImpl.java:43)
		at java.lang.reflect.Method.invoke(Method.java:498)
		at java.io.ObjectStreamClass.invokeWriteObject(ObjectStreamClass.java:1140)
		at java.io.ObjectOutputStream.writeSerialData(ObjectOutputStream.java:1496)
		at java.io.ObjectOutputStream.writeOrdinaryObject(ObjectOutputStream.java:1432)
		at java.io.ObjectOutputStream.writeObject0(ObjectOutputStream.java:1178)
		at java.io.ObjectOutputStream.writeObject(ObjectOutputStream.java:348)
		at java.util.LinkedHashMap.internalWriteEntries(LinkedHashMap.java:333)
		at java.util.HashMap.writeObject(HashMap.java:1363)
		at sun.reflect.GeneratedMethodAccessor338.invoke(Unknown Source)
		at sun.reflect.DelegatingMethodAccessorImpl.invoke(DelegatingMethodAccessorImpl.java:43)
		at java.lang.reflect.Method.invoke(Method.java:498)
		at java.io.ObjectStreamClass.invokeWriteObject(ObjectStreamClass.java:1140)
		at java.io.ObjectOutputStream.writeSerialData(ObjectOutputStream.java:1496)
		at java.io.ObjectOutputStream.writeOrdinaryObject(ObjectOutputStream.java:1432)
		at java.io.ObjectOutputStream.writeObject0(ObjectOutputStream.java:1178)
		at java.io.ObjectOutputStream.defaultWriteFields(ObjectOutputStream.java:1548)
		at java.io.ObjectOutputStream.defaultWriteObject(ObjectOutputStream.java:441)
		at java.util.Collections$SynchronizedMap.writeObject(Collections.java:2693)
		at sun.reflect.NativeMethodAccessorImpl.invoke0(Native Method)
		at sun.reflect.NativeMethodAccessorImpl.invoke(NativeMethodAccessorImpl.java:62)
		at sun.reflect.DelegatingMethodAccessorImpl.invoke(DelegatingMethodAccessorImpl.java:43)
		at java.lang.reflect.Method.invoke(Method.java:498)
		at java.io.ObjectStreamClass.invokeWriteObject(ObjectStreamClass.java:1140)
		at java.io.ObjectOutputStream.writeSerialData(ObjectOutputStream.java:1496)
		at java.io.ObjectOutputStream.writeOrdinaryObject(ObjectOutputStream.java:1432)
		at java.io.ObjectOutputStream.writeObject0(ObjectOutputStream.java:1178)
		at java.io.ObjectOutputStream.writeObject(ObjectOutputStream.java:348)
		at org.apache.catalina.session.StandardSession.doWriteObject(StandardSession.java:1702)
		at org.apache.catalina.session.StandardSession.writeObjectData(StandardSession.java:1094)
		at org.apache.catalina.session.StandardManager.doUnload(StandardManager.java:312)
		at org.apache.catalina.session.StandardManager.unload(StandardManager.java:264)
		at org.apache.catalina.session.StandardManager.stopInternal(StandardManager.java:379)
		at org.apache.catalina.util.LifecycleBase.stop(LifecycleBase.java:226)
		at org.apache.catalina.core.StandardContext.stopInternal(StandardContext.java:5470)
		at org.apache.catalina.util.LifecycleBase.stop(LifecycleBase.java:226)
		at org.apache.catalina.core.StandardContext.reload(StandardContext.java:3821)
		at org.apache.catalina.manager.ManagerServlet.reload(ManagerServlet.java:1089)
		at org.apache.catalina.manager.ManagerServlet.doGet(ManagerServlet.java:361)
		at javax.servlet.http.HttpServlet.service(HttpServlet.java:634)
		at javax.servlet.http.HttpServlet.service(HttpServlet.java:741)
		at org.apache.catalina.core.ApplicationFilterChain.internalDoFilter(ApplicationFilterChain.java:231)
		at org.apache.catalina.core.ApplicationFilterChain.doFilter(ApplicationFilterChain.java:166)
		at org.apache.tomcat.websocket.server.WsFilter.doFilter(WsFilter.java:52)
		at org.apache.catalina.core.ApplicationFilterChain.internalDoFilter(ApplicationFilterChain.java:193)
		at org.apache.catalina.core.ApplicationFilterChain.doFilter(ApplicationFilterChain.java:166)
		at org.apache.catalina.filters.SetCharacterEncodingFilter.doFilter(SetCharacterEncodingFilter.java:109)
		at org.apache.catalina.core.ApplicationFilterChain.internalDoFilter(ApplicationFilterChain.java:193)
		at org.apache.catalina.core.ApplicationFilterChain.doFilter(ApplicationFilterChain.java:166)
		at org.apache.catalina.core.StandardWrapperValve.invoke(StandardWrapperValve.java:199)
		at org.apache.catalina.core.StandardContextValve.invoke(StandardContextValve.java:96)
		at org.apache.catalina.authenticator.AuthenticatorBase.invoke(AuthenticatorBase.java:610)
		at org.apache.catalina.valves.RequestFilterValve.process(RequestFilterValve.java:348)
		at org.apache.catalina.valves.RemoteAddrValve.invoke(RemoteAddrValve.java:52)
		at org.apache.catalina.core.StandardHostValve.invoke(StandardHostValve.java:137)
		at org.apache.catalina.valves.ErrorReportValve.invoke(ErrorReportValve.java:81)
		at org.apache.catalina.valves.AbstractAccessLogValve.invoke(AbstractAccessLogValve.java:660)
		at org.apache.catalina.core.StandardEngineValve.invoke(StandardEngineValve.java:87)
		at org.apache.catalina.connector.CoyoteAdapter.service(CoyoteAdapter.java:343)
		at org.apache.coyote.http11.Http11Processor.service(Http11Processor.java:798)
		at org.apache.coyote.AbstractProcessorLight.process(AbstractProcessorLight.java:66)
		at org.apache.coyote.AbstractProtocol$ConnectionHandler.process(AbstractProtocol.java:808)
		at org.apache.tomcat.util.net.NioEndpoint$SocketProcessor.doRun(NioEndpoint.java:1498)
		at org.apache.tomcat.util.net.SocketProcessorBase.run(SocketProcessorBase.java:49)
		at java.util.concurrent.ThreadPoolExecutor.runWorker(ThreadPoolExecutor.java:1149)
		at java.util.concurrent.ThreadPoolExecutor$Worker.run(ThreadPoolExecutor.java:624)
		at org.apache.tomcat.util.threads.TaskThread$WrappingRunnable.run(TaskThread.java:61)
		at java.lang.Thread.run(Thread.java:748)
20-Aug-2019 18:44:07.732 WARNING [http-nio-8080-exec-195] org.apache.catalina.session.StandardSession.doReadObject Cannot deserialize session attribute [com.sun.faces.application.view.activeViewMaps] for session [3C6FCE48525C7794D7F10B892B1553AC]
20-Aug-2019 19:12:49.122 INFO [localhost-startStop-2] org.apache.catalina.core.ApplicationContext.log SessionListener: contextDestroyed()
20-Aug-2019 19:12:49.122 INFO [localhost-startStop-2] org.apache.catalina.core.ApplicationContext.log ContextListener: contextDestroyed()
