08-Jul-2019 16:04:43.450 INFO [localhost-startStop-1] org.apache.catalina.core.ApplicationContext.log ContextListener: contextInitialized()
08-Jul-2019 16:04:43.450 INFO [localhost-startStop-1] org.apache.catalina.core.ApplicationContext.log SessionListener: contextInitialized()
08-Jul-2019 16:04:43.450 INFO [localhost-startStop-1] org.apache.catalina.core.ApplicationContext.log ContextListener: attributeAdded('StockTicker', 'async.Stockticker@4f375c76')
08-Jul-2019 17:17:36.720 SEVERE [http-nio-8080-exec-2] org.apache.catalina.core.StandardWrapperValve.invoke Servlet.service() for servlet [jsp] in context with path [/testJsp] threw exception [Unable to compile class for JSP: 

An error occurred at line: [25] in the jsp file: [/simple.jsp]
Syntax error on token ")", delete this token
22:         <jsp:scriptlet>
23:             int r= 1;
24:            
25:             out.print("hello"+ request.getParameter("name" + )   session.getId());
26:             // response.sendRedirect("https://facebook.com");
27:             out.println(r);
28:         </jsp:scriptlet>


An error occurred at line: [25] in the jsp file: [/simple.jsp]
Syntax error, insert ")" to complete Expression
22:         <jsp:scriptlet>
23:             int r= 1;
24:            
25:             out.print("hello"+ request.getParameter("name" + )   session.getId());
26:             // response.sendRedirect("https://facebook.com");
27:             out.println(r);
28:         </jsp:scriptlet>


Stacktrace:] with root cause
	org.apache.jasper.JasperException: Unable to compile class for JSP: 

An error occurred at line: [25] in the jsp file: [/simple.jsp]
Syntax error on token ")", delete this token
22:         <jsp:scriptlet>
23:             int r= 1;
24:            
25:             out.print("hello"+ request.getParameter("name" + )   session.getId());
26:             // response.sendRedirect("https://facebook.com");
27:             out.println(r);
28:         </jsp:scriptlet>


An error occurred at line: [25] in the jsp file: [/simple.jsp]
Syntax error, insert ")" to complete Expression
22:         <jsp:scriptlet>
23:             int r= 1;
24:            
25:             out.print("hello"+ request.getParameter("name" + )   session.getId());
26:             // response.sendRedirect("https://facebook.com");
27:             out.println(r);
28:         </jsp:scriptlet>


Stacktrace:
		at org.apache.jasper.compiler.DefaultErrorHandler.javacError(DefaultErrorHandler.java:102)
		at org.apache.jasper.compiler.ErrorDispatcher.javacError(ErrorDispatcher.java:212)
		at org.apache.jasper.compiler.JDTCompiler.generateClass(JDTCompiler.java:549)
		at org.apache.jasper.compiler.Compiler.compile(Compiler.java:378)
		at org.apache.jasper.compiler.Compiler.compile(Compiler.java:350)
		at org.apache.jasper.compiler.Compiler.compile(Compiler.java:334)
		at org.apache.jasper.JspCompilationContext.compile(JspCompilationContext.java:595)
		at org.apache.jasper.servlet.JspServletWrapper.service(JspServletWrapper.java:399)
		at org.apache.jasper.servlet.JspServlet.serviceJspFile(JspServlet.java:386)
		at org.apache.jasper.servlet.JspServlet.service(JspServlet.java:330)
		at javax.servlet.http.HttpServlet.service(HttpServlet.java:741)
		at org.apache.catalina.core.ApplicationFilterChain.internalDoFilter(ApplicationFilterChain.java:231)
		at org.apache.catalina.core.ApplicationFilterChain.doFilter(ApplicationFilterChain.java:166)
		at org.apache.tomcat.websocket.server.WsFilter.doFilter(WsFilter.java:52)
		at org.apache.catalina.core.ApplicationFilterChain.internalDoFilter(ApplicationFilterChain.java:193)
		at org.apache.catalina.core.ApplicationFilterChain.doFilter(ApplicationFilterChain.java:166)
		at org.apache.catalina.core.StandardWrapperValve.invoke(StandardWrapperValve.java:199)
		at org.apache.catalina.core.StandardContextValve.invoke(StandardContextValve.java:96)
		at org.apache.catalina.authenticator.AuthenticatorBase.invoke(AuthenticatorBase.java:493)
		at org.apache.catalina.core.StandardHostValve.invoke(StandardHostValve.java:137)
		at org.apache.catalina.valves.ErrorReportValve.invoke(ErrorReportValve.java:81)
		at org.apache.catalina.valves.AbstractAccessLogValve.invoke(AbstractAccessLogValve.java:660)
		at org.apache.catalina.core.StandardEngineValve.invoke(StandardEngineValve.java:87)
		at org.apache.catalina.connector.CoyoteAdapter.service(CoyoteAdapter.java:343)
		at org.apache.coyote.http11.Http11Processor.service(Http11Processor.java:798)
		at org.apache.coyote.AbstractProcessorLight.process(AbstractProcessorLight.java:66)
		at org.apache.coyote.AbstractProtocol$ConnectionHandler.process(AbstractProtocol.java:808)
		at org.apache.tomcat.util.net.NioEndpoint$SocketProcessor.doRun(NioEndpoint.java:1498)
		at org.apache.tomcat.util.net.SocketProcessorBase.run(SocketProcessorBase.java:49)
		at java.util.concurrent.ThreadPoolExecutor.runWorker(ThreadPoolExecutor.java:1149)
		at java.util.concurrent.ThreadPoolExecutor$Worker.run(ThreadPoolExecutor.java:624)
		at org.apache.tomcat.util.threads.TaskThread$WrappingRunnable.run(TaskThread.java:61)
		at java.lang.Thread.run(Thread.java:748)
