13-Jul-2019 14:52:21.743 INFO [localhost-startStop-1] org.apache.catalina.core.ApplicationContext.log ContextListener: contextInitialized()
13-Jul-2019 14:52:21.743 INFO [localhost-startStop-1] org.apache.catalina.core.ApplicationContext.log SessionListener: contextInitialized()
13-Jul-2019 14:52:21.745 INFO [localhost-startStop-1] org.apache.catalina.core.ApplicationContext.log ContextListener: attributeAdded('StockTicker', 'async.Stockticker@548c227d')
13-Jul-2019 18:02:45.893 SEVERE [http-nio-8080-exec-40] org.apache.catalina.core.StandardWrapperValve.invoke Servlet.service() for servlet [jsp] in context with path [/ServletPratice] threw exception [/jstlTest.jsp (line: [33], column: [51]) The JSP specification requires that an attribute name is preceded by whitespace] with root cause
	org.apache.jasper.JasperException: /jstlTest.jsp (line: [33], column: [51]) The JSP specification requires that an attribute name is preceded by whitespace
		at org.apache.jasper.compiler.DefaultErrorHandler.jspError(DefaultErrorHandler.java:41)
		at org.apache.jasper.compiler.ErrorDispatcher.dispatch(ErrorDispatcher.java:291)
		at org.apache.jasper.compiler.ErrorDispatcher.jspError(ErrorDispatcher.java:97)
		at org.apache.jasper.compiler.Parser.parseAttributes(Parser.java:170)
		at org.apache.jasper.compiler.Parser.parseAttributes(Parser.java:159)
		at org.apache.jasper.compiler.Parser.parseCustomTag(Parser.java:1251)
		at org.apache.jasper.compiler.Parser.parseElements(Parser.java:1470)
		at org.apache.jasper.compiler.Parser.parse(Parser.java:144)
		at org.apache.jasper.compiler.ParserController.doParse(ParserController.java:244)
		at org.apache.jasper.compiler.ParserController.parse(ParserController.java:105)
		at org.apache.jasper.compiler.Compiler.generateJava(Compiler.java:202)
		at org.apache.jasper.compiler.Compiler.compile(Compiler.java:373)
		at org.apache.jasper.compiler.Compiler.compile(Compiler.java:350)
		at org.apache.jasper.compiler.Compiler.compile(Compiler.java:334)
		at org.apache.jasper.JspCompilationContext.compile(JspCompilationContext.java:595)
		at org.apache.jasper.servlet.JspServletWrapper.service(JspServletWrapper.java:399)
		at org.apache.jasper.servlet.JspServlet.serviceJspFile(JspServlet.java:386)
		at org.apache.jasper.servlet.JspServlet.service(JspServlet.java:330)
		at javax.servlet.http.HttpServlet.service(HttpServlet.java:741)
		at org.apache.catalina.core.ApplicationFilterChain.internalDoFilter(ApplicationFilterChain.java:231)
		at org.apache.catalina.core.ApplicationFilterChain.doFilter(ApplicationFilterChain.java:166)
		at org.apache.tomcat.websocket.server.WsFilter.doFilter(WsFilter.java:52)
		at org.apache.catalina.core.ApplicationFilterChain.internalDoFilter(ApplicationFilterChain.java:193)
		at org.apache.catalina.core.ApplicationFilterChain.doFilter(ApplicationFilterChain.java:166)
		at org.apache.catalina.core.StandardWrapperValve.invoke(StandardWrapperValve.java:199)
		at org.apache.catalina.core.StandardContextValve.invoke(StandardContextValve.java:96)
		at org.apache.catalina.authenticator.AuthenticatorBase.invoke(AuthenticatorBase.java:493)
		at org.apache.catalina.core.StandardHostValve.invoke(StandardHostValve.java:137)
		at org.apache.catalina.valves.ErrorReportValve.invoke(ErrorReportValve.java:81)
		at org.apache.catalina.valves.AbstractAccessLogValve.invoke(AbstractAccessLogValve.java:660)
		at org.apache.catalina.core.StandardEngineValve.invoke(StandardEngineValve.java:87)
		at org.apache.catalina.connector.CoyoteAdapter.service(CoyoteAdapter.java:343)
		at org.apache.coyote.http11.Http11Processor.service(Http11Processor.java:798)
		at org.apache.coyote.AbstractProcessorLight.process(AbstractProcessorLight.java:66)
		at org.apache.coyote.AbstractProtocol$ConnectionHandler.process(AbstractProtocol.java:808)
		at org.apache.tomcat.util.net.NioEndpoint$SocketProcessor.doRun(NioEndpoint.java:1498)
		at org.apache.tomcat.util.net.SocketProcessorBase.run(SocketProcessorBase.java:49)
		at java.util.concurrent.ThreadPoolExecutor.runWorker(ThreadPoolExecutor.java:1149)
		at java.util.concurrent.ThreadPoolExecutor$Worker.run(ThreadPoolExecutor.java:624)
		at org.apache.tomcat.util.threads.TaskThread$WrappingRunnable.run(TaskThread.java:61)
		at java.lang.Thread.run(Thread.java:748)
13-Jul-2019 18:49:05.229 SEVERE [http-nio-8080-exec-44] org.apache.catalina.core.StandardWrapperValve.invoke Servlet.service() for servlet [jsp] in context with path [/ServletPratice] threw exception [javax.servlet.ServletException: javax.servlet.jsp.JspException: Problem accessing the absolute URL "https://www.tutorialspoint.com/jsp/jstl_core_import_tag.htm". java.net.UnknownHostException: www.tutorialspoint.com] with root cause
	java.net.UnknownHostException: www.tutorialspoint.com
		at java.net.AbstractPlainSocketImpl.connect(AbstractPlainSocketImpl.java:184)
		at java.net.PlainSocketImpl.connect(PlainSocketImpl.java:172)
		at java.net.SocksSocketImpl.connect(SocksSocketImpl.java:392)
		at java.net.Socket.connect(Socket.java:589)
		at sun.security.ssl.SSLSocketImpl.connect(SSLSocketImpl.java:673)
		at sun.security.ssl.BaseSSLSocketImpl.connect(BaseSSLSocketImpl.java:173)
		at sun.net.NetworkClient.doConnect(NetworkClient.java:180)
		at sun.net.www.http.HttpClient.openServer(HttpClient.java:463)
		at sun.net.www.http.HttpClient.openServer(HttpClient.java:558)
		at sun.net.www.protocol.https.HttpsClient.<init>(HttpsClient.java:264)
		at sun.net.www.protocol.https.HttpsClient.New(HttpsClient.java:367)
		at sun.net.www.protocol.https.AbstractDelegateHttpsURLConnection.getNewHttpClient(AbstractDelegateHttpsURLConnection.java:191)
		at sun.net.www.protocol.http.HttpURLConnection.plainConnect0(HttpURLConnection.java:1156)
		at sun.net.www.protocol.http.HttpURLConnection.plainConnect(HttpURLConnection.java:1050)
		at sun.net.www.protocol.https.AbstractDelegateHttpsURLConnection.connect(AbstractDelegateHttpsURLConnection.java:177)
		at sun.net.www.protocol.http.HttpURLConnection.getInputStream0(HttpURLConnection.java:1564)
		at sun.net.www.protocol.http.HttpURLConnection.getInputStream(HttpURLConnection.java:1492)
		at sun.net.www.protocol.https.HttpsURLConnectionImpl.getInputStream(HttpsURLConnectionImpl.java:263)
		at org.apache.taglibs.standard.tag.common.core.ImportSupport.acquireReader(ImportSupport.java:349)
		at org.apache.taglibs.standard.tag.common.core.ImportSupport.acquireString(ImportSupport.java:251)
		at org.apache.taglibs.standard.tag.common.core.ImportSupport.doEndTag(ImportSupport.java:168)
		at org.apache.jsp.jstlTest_jsp._jspx_meth_c_005fimport_005f0(jstlTest_jsp.java:612)
		at org.apache.jsp.jstlTest_jsp._jspService(jstlTest_jsp.java:250)
		at org.apache.jasper.runtime.HttpJspBase.service(HttpJspBase.java:70)
		at javax.servlet.http.HttpServlet.service(HttpServlet.java:741)
		at org.apache.jasper.servlet.JspServletWrapper.service(JspServletWrapper.java:476)
		at org.apache.jasper.servlet.JspServlet.serviceJspFile(JspServlet.java:386)
		at org.apache.jasper.servlet.JspServlet.service(JspServlet.java:330)
		at javax.servlet.http.HttpServlet.service(HttpServlet.java:741)
		at org.apache.catalina.core.ApplicationFilterChain.internalDoFilter(ApplicationFilterChain.java:231)
		at org.apache.catalina.core.ApplicationFilterChain.doFilter(ApplicationFilterChain.java:166)
		at org.apache.tomcat.websocket.server.WsFilter.doFilter(WsFilter.java:52)
		at org.apache.catalina.core.ApplicationFilterChain.internalDoFilter(ApplicationFilterChain.java:193)
		at org.apache.catalina.core.ApplicationFilterChain.doFilter(ApplicationFilterChain.java:166)
		at org.apache.catalina.core.StandardWrapperValve.invoke(StandardWrapperValve.java:199)
		at org.apache.catalina.core.StandardContextValve.invoke(StandardContextValve.java:96)
		at org.apache.catalina.authenticator.AuthenticatorBase.invoke(AuthenticatorBase.java:493)
		at org.apache.catalina.core.StandardHostValve.invoke(StandardHostValve.java:137)
		at org.apache.catalina.valves.ErrorReportValve.invoke(ErrorReportValve.java:81)
		at org.apache.catalina.valves.AbstractAccessLogValve.invoke(AbstractAccessLogValve.java:660)
		at org.apache.catalina.core.StandardEngineValve.invoke(StandardEngineValve.java:87)
		at org.apache.catalina.connector.CoyoteAdapter.service(CoyoteAdapter.java:343)
		at org.apache.coyote.http11.Http11Processor.service(Http11Processor.java:798)
		at org.apache.coyote.AbstractProcessorLight.process(AbstractProcessorLight.java:66)
		at org.apache.coyote.AbstractProtocol$ConnectionHandler.process(AbstractProtocol.java:808)
		at org.apache.tomcat.util.net.NioEndpoint$SocketProcessor.doRun(NioEndpoint.java:1498)
		at org.apache.tomcat.util.net.SocketProcessorBase.run(SocketProcessorBase.java:49)
		at java.util.concurrent.ThreadPoolExecutor.runWorker(ThreadPoolExecutor.java:1149)
		at java.util.concurrent.ThreadPoolExecutor$Worker.run(ThreadPoolExecutor.java:624)
		at org.apache.tomcat.util.threads.TaskThread$WrappingRunnable.run(TaskThread.java:61)
		at java.lang.Thread.run(Thread.java:748)
13-Jul-2019 18:49:05.229 SEVERE [http-nio-8080-exec-43] org.apache.catalina.core.StandardWrapperValve.invoke Servlet.service() for servlet [jsp] in context with path [/ServletPratice] threw exception [javax.servlet.ServletException: javax.servlet.jsp.JspException: Problem accessing the absolute URL "https://www.tutorialspoint.com/jsp/jstl_core_import_tag.htm". java.net.UnknownHostException: www.tutorialspoint.com] with root cause
	java.net.UnknownHostException: www.tutorialspoint.com
		at java.net.AbstractPlainSocketImpl.connect(AbstractPlainSocketImpl.java:184)
		at java.net.PlainSocketImpl.connect(PlainSocketImpl.java:172)
		at java.net.SocksSocketImpl.connect(SocksSocketImpl.java:392)
		at java.net.Socket.connect(Socket.java:589)
		at sun.security.ssl.SSLSocketImpl.connect(SSLSocketImpl.java:673)
		at sun.security.ssl.BaseSSLSocketImpl.connect(BaseSSLSocketImpl.java:173)
		at sun.net.NetworkClient.doConnect(NetworkClient.java:180)
		at sun.net.www.http.HttpClient.openServer(HttpClient.java:463)
		at sun.net.www.http.HttpClient.openServer(HttpClient.java:558)
		at sun.net.www.protocol.https.HttpsClient.<init>(HttpsClient.java:264)
		at sun.net.www.protocol.https.HttpsClient.New(HttpsClient.java:367)
		at sun.net.www.protocol.https.AbstractDelegateHttpsURLConnection.getNewHttpClient(AbstractDelegateHttpsURLConnection.java:191)
		at sun.net.www.protocol.http.HttpURLConnection.plainConnect0(HttpURLConnection.java:1156)
		at sun.net.www.protocol.http.HttpURLConnection.plainConnect(HttpURLConnection.java:1050)
		at sun.net.www.protocol.https.AbstractDelegateHttpsURLConnection.connect(AbstractDelegateHttpsURLConnection.java:177)
		at sun.net.www.protocol.http.HttpURLConnection.getInputStream0(HttpURLConnection.java:1564)
		at sun.net.www.protocol.http.HttpURLConnection.getInputStream(HttpURLConnection.java:1492)
		at sun.net.www.protocol.https.HttpsURLConnectionImpl.getInputStream(HttpsURLConnectionImpl.java:263)
		at org.apache.taglibs.standard.tag.common.core.ImportSupport.acquireReader(ImportSupport.java:349)
		at org.apache.taglibs.standard.tag.common.core.ImportSupport.acquireString(ImportSupport.java:251)
		at org.apache.taglibs.standard.tag.common.core.ImportSupport.doEndTag(ImportSupport.java:168)
		at org.apache.jsp.jstlTest_jsp._jspx_meth_c_005fimport_005f0(jstlTest_jsp.java:612)
		at org.apache.jsp.jstlTest_jsp._jspService(jstlTest_jsp.java:250)
		at org.apache.jasper.runtime.HttpJspBase.service(HttpJspBase.java:70)
		at javax.servlet.http.HttpServlet.service(HttpServlet.java:741)
		at org.apache.jasper.servlet.JspServletWrapper.service(JspServletWrapper.java:476)
		at org.apache.jasper.servlet.JspServlet.serviceJspFile(JspServlet.java:386)
		at org.apache.jasper.servlet.JspServlet.service(JspServlet.java:330)
		at javax.servlet.http.HttpServlet.service(HttpServlet.java:741)
		at org.apache.catalina.core.ApplicationFilterChain.internalDoFilter(ApplicationFilterChain.java:231)
		at org.apache.catalina.core.ApplicationFilterChain.doFilter(ApplicationFilterChain.java:166)
		at org.apache.tomcat.websocket.server.WsFilter.doFilter(WsFilter.java:52)
		at org.apache.catalina.core.ApplicationFilterChain.internalDoFilter(ApplicationFilterChain.java:193)
		at org.apache.catalina.core.ApplicationFilterChain.doFilter(ApplicationFilterChain.java:166)
		at org.apache.catalina.core.StandardWrapperValve.invoke(StandardWrapperValve.java:199)
		at org.apache.catalina.core.StandardContextValve.invoke(StandardContextValve.java:96)
		at org.apache.catalina.authenticator.AuthenticatorBase.invoke(AuthenticatorBase.java:493)
		at org.apache.catalina.core.StandardHostValve.invoke(StandardHostValve.java:137)
		at org.apache.catalina.valves.ErrorReportValve.invoke(ErrorReportValve.java:81)
		at org.apache.catalina.valves.AbstractAccessLogValve.invoke(AbstractAccessLogValve.java:660)
		at org.apache.catalina.core.StandardEngineValve.invoke(StandardEngineValve.java:87)
		at org.apache.catalina.connector.CoyoteAdapter.service(CoyoteAdapter.java:343)
		at org.apache.coyote.http11.Http11Processor.service(Http11Processor.java:798)
		at org.apache.coyote.AbstractProcessorLight.process(AbstractProcessorLight.java:66)
		at org.apache.coyote.AbstractProtocol$ConnectionHandler.process(AbstractProtocol.java:808)
		at org.apache.tomcat.util.net.NioEndpoint$SocketProcessor.doRun(NioEndpoint.java:1498)
		at org.apache.tomcat.util.net.SocketProcessorBase.run(SocketProcessorBase.java:49)
		at java.util.concurrent.ThreadPoolExecutor.runWorker(ThreadPoolExecutor.java:1149)
		at java.util.concurrent.ThreadPoolExecutor$Worker.run(ThreadPoolExecutor.java:624)
		at org.apache.tomcat.util.threads.TaskThread$WrappingRunnable.run(TaskThread.java:61)
		at java.lang.Thread.run(Thread.java:748)
13-Jul-2019 18:49:08.288 SEVERE [http-nio-8080-exec-41] org.apache.catalina.core.StandardWrapperValve.invoke Servlet.service() for servlet [jsp] in context with path [/ServletPratice] threw exception [javax.servlet.ServletException: javax.servlet.jsp.JspException: Problem accessing the absolute URL "https://www.tutorialspoint.com/jsp/jstl_core_import_tag.htm". java.net.UnknownHostException: www.tutorialspoint.com] with root cause
	java.net.UnknownHostException: www.tutorialspoint.com
		at java.net.AbstractPlainSocketImpl.connect(AbstractPlainSocketImpl.java:184)
		at java.net.PlainSocketImpl.connect(PlainSocketImpl.java:172)
		at java.net.SocksSocketImpl.connect(SocksSocketImpl.java:392)
		at java.net.Socket.connect(Socket.java:589)
		at sun.security.ssl.SSLSocketImpl.connect(SSLSocketImpl.java:673)
		at sun.security.ssl.BaseSSLSocketImpl.connect(BaseSSLSocketImpl.java:173)
		at sun.net.NetworkClient.doConnect(NetworkClient.java:180)
		at sun.net.www.http.HttpClient.openServer(HttpClient.java:463)
		at sun.net.www.http.HttpClient.openServer(HttpClient.java:558)
		at sun.net.www.protocol.https.HttpsClient.<init>(HttpsClient.java:264)
		at sun.net.www.protocol.https.HttpsClient.New(HttpsClient.java:367)
		at sun.net.www.protocol.https.AbstractDelegateHttpsURLConnection.getNewHttpClient(AbstractDelegateHttpsURLConnection.java:191)
		at sun.net.www.protocol.http.HttpURLConnection.plainConnect0(HttpURLConnection.java:1156)
		at sun.net.www.protocol.http.HttpURLConnection.plainConnect(HttpURLConnection.java:1050)
		at sun.net.www.protocol.https.AbstractDelegateHttpsURLConnection.connect(AbstractDelegateHttpsURLConnection.java:177)
		at sun.net.www.protocol.http.HttpURLConnection.getInputStream0(HttpURLConnection.java:1564)
		at sun.net.www.protocol.http.HttpURLConnection.getInputStream(HttpURLConnection.java:1492)
		at sun.net.www.protocol.https.HttpsURLConnectionImpl.getInputStream(HttpsURLConnectionImpl.java:263)
		at org.apache.taglibs.standard.tag.common.core.ImportSupport.acquireReader(ImportSupport.java:349)
		at org.apache.taglibs.standard.tag.common.core.ImportSupport.acquireString(ImportSupport.java:251)
		at org.apache.taglibs.standard.tag.common.core.ImportSupport.doEndTag(ImportSupport.java:168)
		at org.apache.jsp.jstlTest_jsp._jspx_meth_c_005fimport_005f0(jstlTest_jsp.java:612)
		at org.apache.jsp.jstlTest_jsp._jspService(jstlTest_jsp.java:250)
		at org.apache.jasper.runtime.HttpJspBase.service(HttpJspBase.java:70)
		at javax.servlet.http.HttpServlet.service(HttpServlet.java:741)
		at org.apache.jasper.servlet.JspServletWrapper.service(JspServletWrapper.java:476)
		at org.apache.jasper.servlet.JspServlet.serviceJspFile(JspServlet.java:386)
		at org.apache.jasper.servlet.JspServlet.service(JspServlet.java:330)
		at javax.servlet.http.HttpServlet.service(HttpServlet.java:741)
		at org.apache.catalina.core.ApplicationFilterChain.internalDoFilter(ApplicationFilterChain.java:231)
		at org.apache.catalina.core.ApplicationFilterChain.doFilter(ApplicationFilterChain.java:166)
		at org.apache.tomcat.websocket.server.WsFilter.doFilter(WsFilter.java:52)
		at org.apache.catalina.core.ApplicationFilterChain.internalDoFilter(ApplicationFilterChain.java:193)
		at org.apache.catalina.core.ApplicationFilterChain.doFilter(ApplicationFilterChain.java:166)
		at org.apache.catalina.core.StandardWrapperValve.invoke(StandardWrapperValve.java:199)
		at org.apache.catalina.core.StandardContextValve.invoke(StandardContextValve.java:96)
		at org.apache.catalina.authenticator.AuthenticatorBase.invoke(AuthenticatorBase.java:493)
		at org.apache.catalina.core.StandardHostValve.invoke(StandardHostValve.java:137)
		at org.apache.catalina.valves.ErrorReportValve.invoke(ErrorReportValve.java:81)
		at org.apache.catalina.valves.AbstractAccessLogValve.invoke(AbstractAccessLogValve.java:660)
		at org.apache.catalina.core.StandardEngineValve.invoke(StandardEngineValve.java:87)
		at org.apache.catalina.connector.CoyoteAdapter.service(CoyoteAdapter.java:343)
		at org.apache.coyote.http11.Http11Processor.service(Http11Processor.java:798)
		at org.apache.coyote.AbstractProcessorLight.process(AbstractProcessorLight.java:66)
		at org.apache.coyote.AbstractProtocol$ConnectionHandler.process(AbstractProtocol.java:808)
		at org.apache.tomcat.util.net.NioEndpoint$SocketProcessor.doRun(NioEndpoint.java:1498)
		at org.apache.tomcat.util.net.SocketProcessorBase.run(SocketProcessorBase.java:49)
		at java.util.concurrent.ThreadPoolExecutor.runWorker(ThreadPoolExecutor.java:1149)
		at java.util.concurrent.ThreadPoolExecutor$Worker.run(ThreadPoolExecutor.java:624)
		at org.apache.tomcat.util.threads.TaskThread$WrappingRunnable.run(TaskThread.java:61)
		at java.lang.Thread.run(Thread.java:748)
13-Jul-2019 18:49:10.428 SEVERE [http-nio-8080-exec-40] org.apache.catalina.core.StandardWrapperValve.invoke Servlet.service() for servlet [jsp] in context with path [/ServletPratice] threw exception [javax.servlet.ServletException: javax.servlet.jsp.JspException: Problem accessing the absolute URL "https://www.tutorialspoint.com/jsp/jstl_core_import_tag.htm". java.net.UnknownHostException: www.tutorialspoint.com] with root cause
	java.net.UnknownHostException: www.tutorialspoint.com
		at java.net.AbstractPlainSocketImpl.connect(AbstractPlainSocketImpl.java:184)
		at java.net.PlainSocketImpl.connect(PlainSocketImpl.java:172)
		at java.net.SocksSocketImpl.connect(SocksSocketImpl.java:392)
		at java.net.Socket.connect(Socket.java:589)
		at sun.security.ssl.SSLSocketImpl.connect(SSLSocketImpl.java:673)
		at sun.security.ssl.BaseSSLSocketImpl.connect(BaseSSLSocketImpl.java:173)
		at sun.net.NetworkClient.doConnect(NetworkClient.java:180)
		at sun.net.www.http.HttpClient.openServer(HttpClient.java:463)
		at sun.net.www.http.HttpClient.openServer(HttpClient.java:558)
		at sun.net.www.protocol.https.HttpsClient.<init>(HttpsClient.java:264)
		at sun.net.www.protocol.https.HttpsClient.New(HttpsClient.java:367)
		at sun.net.www.protocol.https.AbstractDelegateHttpsURLConnection.getNewHttpClient(AbstractDelegateHttpsURLConnection.java:191)
		at sun.net.www.protocol.http.HttpURLConnection.plainConnect0(HttpURLConnection.java:1156)
		at sun.net.www.protocol.http.HttpURLConnection.plainConnect(HttpURLConnection.java:1050)
		at sun.net.www.protocol.https.AbstractDelegateHttpsURLConnection.connect(AbstractDelegateHttpsURLConnection.java:177)
		at sun.net.www.protocol.http.HttpURLConnection.getInputStream0(HttpURLConnection.java:1564)
		at sun.net.www.protocol.http.HttpURLConnection.getInputStream(HttpURLConnection.java:1492)
		at sun.net.www.protocol.https.HttpsURLConnectionImpl.getInputStream(HttpsURLConnectionImpl.java:263)
		at org.apache.taglibs.standard.tag.common.core.ImportSupport.acquireReader(ImportSupport.java:349)
		at org.apache.taglibs.standard.tag.common.core.ImportSupport.acquireString(ImportSupport.java:251)
		at org.apache.taglibs.standard.tag.common.core.ImportSupport.doEndTag(ImportSupport.java:168)
		at org.apache.jsp.jstlTest_jsp._jspx_meth_c_005fimport_005f0(jstlTest_jsp.java:612)
		at org.apache.jsp.jstlTest_jsp._jspService(jstlTest_jsp.java:250)
		at org.apache.jasper.runtime.HttpJspBase.service(HttpJspBase.java:70)
		at javax.servlet.http.HttpServlet.service(HttpServlet.java:741)
		at org.apache.jasper.servlet.JspServletWrapper.service(JspServletWrapper.java:476)
		at org.apache.jasper.servlet.JspServlet.serviceJspFile(JspServlet.java:386)
		at org.apache.jasper.servlet.JspServlet.service(JspServlet.java:330)
		at javax.servlet.http.HttpServlet.service(HttpServlet.java:741)
		at org.apache.catalina.core.ApplicationFilterChain.internalDoFilter(ApplicationFilterChain.java:231)
		at org.apache.catalina.core.ApplicationFilterChain.doFilter(ApplicationFilterChain.java:166)
		at org.apache.tomcat.websocket.server.WsFilter.doFilter(WsFilter.java:52)
		at org.apache.catalina.core.ApplicationFilterChain.internalDoFilter(ApplicationFilterChain.java:193)
		at org.apache.catalina.core.ApplicationFilterChain.doFilter(ApplicationFilterChain.java:166)
		at org.apache.catalina.core.StandardWrapperValve.invoke(StandardWrapperValve.java:199)
		at org.apache.catalina.core.StandardContextValve.invoke(StandardContextValve.java:96)
		at org.apache.catalina.authenticator.AuthenticatorBase.invoke(AuthenticatorBase.java:493)
		at org.apache.catalina.core.StandardHostValve.invoke(StandardHostValve.java:137)
		at org.apache.catalina.valves.ErrorReportValve.invoke(ErrorReportValve.java:81)
		at org.apache.catalina.valves.AbstractAccessLogValve.invoke(AbstractAccessLogValve.java:660)
		at org.apache.catalina.core.StandardEngineValve.invoke(StandardEngineValve.java:87)
		at org.apache.catalina.connector.CoyoteAdapter.service(CoyoteAdapter.java:343)
		at org.apache.coyote.http11.Http11Processor.service(Http11Processor.java:798)
		at org.apache.coyote.AbstractProcessorLight.process(AbstractProcessorLight.java:66)
		at org.apache.coyote.AbstractProtocol$ConnectionHandler.process(AbstractProtocol.java:808)
		at org.apache.tomcat.util.net.NioEndpoint$SocketProcessor.doRun(NioEndpoint.java:1498)
		at org.apache.tomcat.util.net.SocketProcessorBase.run(SocketProcessorBase.java:49)
		at java.util.concurrent.ThreadPoolExecutor.runWorker(ThreadPoolExecutor.java:1149)
		at java.util.concurrent.ThreadPoolExecutor$Worker.run(ThreadPoolExecutor.java:624)
		at org.apache.tomcat.util.threads.TaskThread$WrappingRunnable.run(TaskThread.java:61)
		at java.lang.Thread.run(Thread.java:748)
13-Jul-2019 18:49:10.631 SEVERE [http-nio-8080-exec-48] org.apache.catalina.core.StandardWrapperValve.invoke Servlet.service() for servlet [jsp] in context with path [/ServletPratice] threw exception [javax.servlet.ServletException: javax.servlet.jsp.JspException: Problem accessing the absolute URL "https://www.tutorialspoint.com/jsp/jstl_core_import_tag.htm". java.net.UnknownHostException: www.tutorialspoint.com] with root cause
	java.net.UnknownHostException: www.tutorialspoint.com
		at java.net.AbstractPlainSocketImpl.connect(AbstractPlainSocketImpl.java:184)
		at java.net.PlainSocketImpl.connect(PlainSocketImpl.java:172)
		at java.net.SocksSocketImpl.connect(SocksSocketImpl.java:392)
		at java.net.Socket.connect(Socket.java:589)
		at sun.security.ssl.SSLSocketImpl.connect(SSLSocketImpl.java:673)
		at sun.security.ssl.BaseSSLSocketImpl.connect(BaseSSLSocketImpl.java:173)
		at sun.net.NetworkClient.doConnect(NetworkClient.java:180)
		at sun.net.www.http.HttpClient.openServer(HttpClient.java:463)
		at sun.net.www.http.HttpClient.openServer(HttpClient.java:558)
		at sun.net.www.protocol.https.HttpsClient.<init>(HttpsClient.java:264)
		at sun.net.www.protocol.https.HttpsClient.New(HttpsClient.java:367)
		at sun.net.www.protocol.https.AbstractDelegateHttpsURLConnection.getNewHttpClient(AbstractDelegateHttpsURLConnection.java:191)
		at sun.net.www.protocol.http.HttpURLConnection.plainConnect0(HttpURLConnection.java:1156)
		at sun.net.www.protocol.http.HttpURLConnection.plainConnect(HttpURLConnection.java:1050)
		at sun.net.www.protocol.https.AbstractDelegateHttpsURLConnection.connect(AbstractDelegateHttpsURLConnection.java:177)
		at sun.net.www.protocol.http.HttpURLConnection.getInputStream0(HttpURLConnection.java:1564)
		at sun.net.www.protocol.http.HttpURLConnection.getInputStream(HttpURLConnection.java:1492)
		at sun.net.www.protocol.https.HttpsURLConnectionImpl.getInputStream(HttpsURLConnectionImpl.java:263)
		at org.apache.taglibs.standard.tag.common.core.ImportSupport.acquireReader(ImportSupport.java:349)
		at org.apache.taglibs.standard.tag.common.core.ImportSupport.acquireString(ImportSupport.java:251)
		at org.apache.taglibs.standard.tag.common.core.ImportSupport.doEndTag(ImportSupport.java:168)
		at org.apache.jsp.jstlTest_jsp._jspx_meth_c_005fimport_005f0(jstlTest_jsp.java:612)
		at org.apache.jsp.jstlTest_jsp._jspService(jstlTest_jsp.java:250)
		at org.apache.jasper.runtime.HttpJspBase.service(HttpJspBase.java:70)
		at javax.servlet.http.HttpServlet.service(HttpServlet.java:741)
		at org.apache.jasper.servlet.JspServletWrapper.service(JspServletWrapper.java:476)
		at org.apache.jasper.servlet.JspServlet.serviceJspFile(JspServlet.java:386)
		at org.apache.jasper.servlet.JspServlet.service(JspServlet.java:330)
		at javax.servlet.http.HttpServlet.service(HttpServlet.java:741)
		at org.apache.catalina.core.ApplicationFilterChain.internalDoFilter(ApplicationFilterChain.java:231)
		at org.apache.catalina.core.ApplicationFilterChain.doFilter(ApplicationFilterChain.java:166)
		at org.apache.tomcat.websocket.server.WsFilter.doFilter(WsFilter.java:52)
		at org.apache.catalina.core.ApplicationFilterChain.internalDoFilter(ApplicationFilterChain.java:193)
		at org.apache.catalina.core.ApplicationFilterChain.doFilter(ApplicationFilterChain.java:166)
		at org.apache.catalina.core.StandardWrapperValve.invoke(StandardWrapperValve.java:199)
		at org.apache.catalina.core.StandardContextValve.invoke(StandardContextValve.java:96)
		at org.apache.catalina.authenticator.AuthenticatorBase.invoke(AuthenticatorBase.java:493)
		at org.apache.catalina.core.StandardHostValve.invoke(StandardHostValve.java:137)
		at org.apache.catalina.valves.ErrorReportValve.invoke(ErrorReportValve.java:81)
		at org.apache.catalina.valves.AbstractAccessLogValve.invoke(AbstractAccessLogValve.java:660)
		at org.apache.catalina.core.StandardEngineValve.invoke(StandardEngineValve.java:87)
		at org.apache.catalina.connector.CoyoteAdapter.service(CoyoteAdapter.java:343)
		at org.apache.coyote.http11.Http11Processor.service(Http11Processor.java:798)
		at org.apache.coyote.AbstractProcessorLight.process(AbstractProcessorLight.java:66)
		at org.apache.coyote.AbstractProtocol$ConnectionHandler.process(AbstractProtocol.java:808)
		at org.apache.tomcat.util.net.NioEndpoint$SocketProcessor.doRun(NioEndpoint.java:1498)
		at org.apache.tomcat.util.net.SocketProcessorBase.run(SocketProcessorBase.java:49)
		at java.util.concurrent.ThreadPoolExecutor.runWorker(ThreadPoolExecutor.java:1149)
		at java.util.concurrent.ThreadPoolExecutor$Worker.run(ThreadPoolExecutor.java:624)
		at org.apache.tomcat.util.threads.TaskThread$WrappingRunnable.run(TaskThread.java:61)
		at java.lang.Thread.run(Thread.java:748)
13-Jul-2019 18:49:30.549 SEVERE [http-nio-8080-exec-42] org.apache.catalina.core.StandardWrapperValve.invoke Servlet.service() for servlet [jsp] in context with path [/ServletPratice] threw exception [javax.servlet.ServletException: javax.servlet.jsp.JspException: Problem accessing the absolute URL "https://www.tutorialspoint.com/jsp/jstl_core_import_tag.htm". java.net.UnknownHostException: www.tutorialspoint.com] with root cause
	java.net.UnknownHostException: www.tutorialspoint.com
		at java.net.AbstractPlainSocketImpl.connect(AbstractPlainSocketImpl.java:184)
		at java.net.PlainSocketImpl.connect(PlainSocketImpl.java:172)
		at java.net.SocksSocketImpl.connect(SocksSocketImpl.java:392)
		at java.net.Socket.connect(Socket.java:589)
		at sun.security.ssl.SSLSocketImpl.connect(SSLSocketImpl.java:673)
		at sun.security.ssl.BaseSSLSocketImpl.connect(BaseSSLSocketImpl.java:173)
		at sun.net.NetworkClient.doConnect(NetworkClient.java:180)
		at sun.net.www.http.HttpClient.openServer(HttpClient.java:463)
		at sun.net.www.http.HttpClient.openServer(HttpClient.java:558)
		at sun.net.www.protocol.https.HttpsClient.<init>(HttpsClient.java:264)
		at sun.net.www.protocol.https.HttpsClient.New(HttpsClient.java:367)
		at sun.net.www.protocol.https.AbstractDelegateHttpsURLConnection.getNewHttpClient(AbstractDelegateHttpsURLConnection.java:191)
		at sun.net.www.protocol.http.HttpURLConnection.plainConnect0(HttpURLConnection.java:1156)
		at sun.net.www.protocol.http.HttpURLConnection.plainConnect(HttpURLConnection.java:1050)
		at sun.net.www.protocol.https.AbstractDelegateHttpsURLConnection.connect(AbstractDelegateHttpsURLConnection.java:177)
		at sun.net.www.protocol.http.HttpURLConnection.getInputStream0(HttpURLConnection.java:1564)
		at sun.net.www.protocol.http.HttpURLConnection.getInputStream(HttpURLConnection.java:1492)
		at sun.net.www.protocol.https.HttpsURLConnectionImpl.getInputStream(HttpsURLConnectionImpl.java:263)
		at org.apache.taglibs.standard.tag.common.core.ImportSupport.acquireReader(ImportSupport.java:349)
		at org.apache.taglibs.standard.tag.common.core.ImportSupport.acquireString(ImportSupport.java:251)
		at org.apache.taglibs.standard.tag.common.core.ImportSupport.doEndTag(ImportSupport.java:168)
		at org.apache.jsp.jstlTest_jsp._jspx_meth_c_005fimport_005f0(jstlTest_jsp.java:612)
		at org.apache.jsp.jstlTest_jsp._jspService(jstlTest_jsp.java:250)
		at org.apache.jasper.runtime.HttpJspBase.service(HttpJspBase.java:70)
		at javax.servlet.http.HttpServlet.service(HttpServlet.java:741)
		at org.apache.jasper.servlet.JspServletWrapper.service(JspServletWrapper.java:476)
		at org.apache.jasper.servlet.JspServlet.serviceJspFile(JspServlet.java:386)
		at org.apache.jasper.servlet.JspServlet.service(JspServlet.java:330)
		at javax.servlet.http.HttpServlet.service(HttpServlet.java:741)
		at org.apache.catalina.core.ApplicationFilterChain.internalDoFilter(ApplicationFilterChain.java:231)
		at org.apache.catalina.core.ApplicationFilterChain.doFilter(ApplicationFilterChain.java:166)
		at org.apache.tomcat.websocket.server.WsFilter.doFilter(WsFilter.java:52)
		at org.apache.catalina.core.ApplicationFilterChain.internalDoFilter(ApplicationFilterChain.java:193)
		at org.apache.catalina.core.ApplicationFilterChain.doFilter(ApplicationFilterChain.java:166)
		at org.apache.catalina.core.StandardWrapperValve.invoke(StandardWrapperValve.java:199)
		at org.apache.catalina.core.StandardContextValve.invoke(StandardContextValve.java:96)
		at org.apache.catalina.authenticator.AuthenticatorBase.invoke(AuthenticatorBase.java:493)
		at org.apache.catalina.core.StandardHostValve.invoke(StandardHostValve.java:137)
		at org.apache.catalina.valves.ErrorReportValve.invoke(ErrorReportValve.java:81)
		at org.apache.catalina.valves.AbstractAccessLogValve.invoke(AbstractAccessLogValve.java:660)
		at org.apache.catalina.core.StandardEngineValve.invoke(StandardEngineValve.java:87)
		at org.apache.catalina.connector.CoyoteAdapter.service(CoyoteAdapter.java:343)
		at org.apache.coyote.http11.Http11Processor.service(Http11Processor.java:798)
		at org.apache.coyote.AbstractProcessorLight.process(AbstractProcessorLight.java:66)
		at org.apache.coyote.AbstractProtocol$ConnectionHandler.process(AbstractProtocol.java:808)
		at org.apache.tomcat.util.net.NioEndpoint$SocketProcessor.doRun(NioEndpoint.java:1498)
		at org.apache.tomcat.util.net.SocketProcessorBase.run(SocketProcessorBase.java:49)
		at java.util.concurrent.ThreadPoolExecutor.runWorker(ThreadPoolExecutor.java:1149)
		at java.util.concurrent.ThreadPoolExecutor$Worker.run(ThreadPoolExecutor.java:624)
		at org.apache.tomcat.util.threads.TaskThread$WrappingRunnable.run(TaskThread.java:61)
		at java.lang.Thread.run(Thread.java:748)
13-Jul-2019 19:29:41.437 INFO [localhost-startStop-2] org.apache.catalina.core.ApplicationContext.log SessionListener: contextDestroyed()
13-Jul-2019 19:29:41.437 INFO [localhost-startStop-2] org.apache.catalina.core.ApplicationContext.log ContextListener: contextDestroyed()
