03-Aug-2019 14:33:16.745 INFO [http-nio-8080-exec-7] org.apache.catalina.core.ApplicationContext.log Manager: init: Associated with Deployer 'Catalina:type=Deployer,host=localhost'
03-Aug-2019 14:33:16.745 INFO [http-nio-8080-exec-7] org.apache.catalina.core.ApplicationContext.log Manager: init: Global resources are available
03-Aug-2019 14:44:29.226 INFO [http-nio-8080-exec-2] org.apache.catalina.core.ApplicationContext.log Manager: list: Listing contexts for virtual host 'localhost'
03-Aug-2019 14:44:29.273 INFO [http-nio-8080-exec-4] org.apache.catalina.core.ApplicationContext.log Manager: list: Listing contexts for virtual host 'localhost'
03-Aug-2019 14:44:29.288 INFO [http-nio-8080-exec-5] org.apache.catalina.core.ApplicationContext.log Manager: install: Installing context configuration at 'file:/C:/Users/ADMIN~1/AppData/Local/Temp/context4095450197582522745.xml'
03-Aug-2019 14:44:30.007 INFO [http-nio-8080-exec-10] org.apache.catalina.core.ApplicationContext.log Manager: start: Starting web application '/Project1'
03-Aug-2019 14:46:15.448 INFO [http-nio-8080-exec-4] org.apache.catalina.core.ApplicationContext.log Manager: list: Listing contexts for virtual host 'localhost'
03-Aug-2019 14:46:15.448 INFO [http-nio-8080-exec-10] org.apache.catalina.core.ApplicationContext.log Manager: restart: Reloading web application '/Project1'
03-Aug-2019 14:50:45.864 INFO [http-nio-8080-exec-19] org.apache.catalina.core.ApplicationContext.log Manager: list: Listing contexts for virtual host 'localhost'
03-Aug-2019 14:50:45.864 INFO [http-nio-8080-exec-11] org.apache.catalina.core.ApplicationContext.log Manager: restart: Reloading web application '/Project1'
03-Aug-2019 14:50:48.299 INFO [http-nio-8080-exec-12] org.apache.catalina.core.ApplicationContext.log Manager: list: Listing contexts for virtual host 'localhost'
03-Aug-2019 14:50:48.299 INFO [http-nio-8080-exec-14] org.apache.catalina.core.ApplicationContext.log Manager: list: Listing contexts for virtual host 'localhost'
03-Aug-2019 14:50:48.315 INFO [http-nio-8080-exec-15] org.apache.catalina.core.ApplicationContext.log Manager: restart: Reloading web application '/Project1'
03-Aug-2019 14:54:40.591 INFO [http-nio-8080-exec-24] org.apache.catalina.core.ApplicationContext.log Manager: list: Listing contexts for virtual host 'localhost'
03-Aug-2019 14:54:40.606 INFO [http-nio-8080-exec-25] org.apache.catalina.core.ApplicationContext.log Manager: list: Listing contexts for virtual host 'localhost'
03-Aug-2019 14:54:40.606 INFO [http-nio-8080-exec-22] org.apache.catalina.core.ApplicationContext.log Manager: install: Installing context configuration at 'file:/C:/Users/ADMIN~1/AppData/Local/Temp/context2322353182357448019.xml'
03-Aug-2019 14:54:41.153 INFO [http-nio-8080-exec-27] org.apache.catalina.core.ApplicationContext.log Manager: start: Starting web application '/Fromjsf'
03-Aug-2019 14:56:42.606 INFO [http-nio-8080-exec-25] org.apache.catalina.core.ApplicationContext.log Manager: list: Listing contexts for virtual host 'localhost'
03-Aug-2019 14:56:42.621 INFO [http-nio-8080-exec-22] org.apache.catalina.core.ApplicationContext.log Manager: restart: Reloading web application '/Project1'
03-Aug-2019 14:57:32.429 INFO [http-nio-8080-exec-30] org.apache.catalina.core.ApplicationContext.log Manager: list: Listing contexts for virtual host 'localhost'
03-Aug-2019 14:57:32.444 INFO [http-nio-8080-exec-24] org.apache.catalina.core.ApplicationContext.log Manager: restart: Reloading web application '/Project1'
03-Aug-2019 15:02:48.288 INFO [http-nio-8080-exec-36] org.apache.catalina.core.ApplicationContext.log Manager: list: Listing contexts for virtual host 'localhost'
03-Aug-2019 15:02:51.521 INFO [http-nio-8080-exec-40] org.apache.catalina.core.ApplicationContext.log Manager: list: Listing contexts for virtual host 'localhost'
03-Aug-2019 15:02:51.537 INFO [http-nio-8080-exec-28] org.apache.catalina.core.ApplicationContext.log Manager: list: Listing contexts for virtual host 'localhost'
03-Aug-2019 15:02:51.537 INFO [http-nio-8080-exec-34] org.apache.catalina.core.ApplicationContext.log Manager: restart: Reloading web application '/Project1'
03-Aug-2019 15:03:37.441 INFO [http-nio-8080-exec-40] org.apache.catalina.core.ApplicationContext.log Manager: list: Listing contexts for virtual host 'localhost'
03-Aug-2019 15:03:39.153 INFO [http-nio-8080-exec-46] org.apache.catalina.core.ApplicationContext.log Manager: list: Listing contexts for virtual host 'localhost'
03-Aug-2019 15:03:39.153 INFO [http-nio-8080-exec-45] org.apache.catalina.core.ApplicationContext.log Manager: list: Listing contexts for virtual host 'localhost'
03-Aug-2019 15:05:32.270 INFO [http-nio-8080-exec-47] org.apache.catalina.core.ApplicationContext.log Manager: list: Listing contexts for virtual host 'localhost'
03-Aug-2019 15:07:35.680 INFO [http-nio-8080-exec-50] org.apache.catalina.core.ApplicationContext.log Manager: list: Listing contexts for virtual host 'localhost'
03-Aug-2019 15:07:35.695 INFO [http-nio-8080-exec-44] org.apache.catalina.core.ApplicationContext.log Manager: list: Listing contexts for virtual host 'localhost'
03-Aug-2019 15:15:41.423 INFO [http-nio-8080-exec-48] org.apache.catalina.core.ApplicationContext.log Manager: list: Listing contexts for virtual host 'localhost'
03-Aug-2019 15:15:44.989 INFO [http-nio-8080-exec-43] org.apache.catalina.core.ApplicationContext.log Manager: list: Listing contexts for virtual host 'localhost'
03-Aug-2019 15:15:44.989 INFO [http-nio-8080-exec-48] org.apache.catalina.core.ApplicationContext.log Manager: list: Listing contexts for virtual host 'localhost'
03-Aug-2019 15:27:07.246 INFO [http-nio-8080-exec-46] org.apache.catalina.core.ApplicationContext.log Manager: list: Listing contexts for virtual host 'localhost'
03-Aug-2019 15:27:10.239 INFO [http-nio-8080-exec-47] org.apache.catalina.core.ApplicationContext.log Manager: list: Listing contexts for virtual host 'localhost'
03-Aug-2019 15:27:10.239 INFO [http-nio-8080-exec-43] org.apache.catalina.core.ApplicationContext.log Manager: list: Listing contexts for virtual host 'localhost'
03-Aug-2019 15:27:39.759 INFO [http-nio-8080-exec-47] org.apache.catalina.core.ApplicationContext.log Manager: list: Listing contexts for virtual host 'localhost'
03-Aug-2019 15:27:39.774 INFO [http-nio-8080-exec-41] org.apache.catalina.core.ApplicationContext.log Manager: stop: Stopping web application '/Project1'
03-Aug-2019 15:27:39.774 INFO [http-nio-8080-exec-45] org.apache.catalina.core.ApplicationContext.log Manager: start: Starting web application '/Project1'
03-Aug-2019 15:27:40.947 INFO [http-nio-8080-exec-49] org.apache.catalina.core.ApplicationContext.log Manager: list: Listing contexts for virtual host 'localhost'
03-Aug-2019 15:27:40.947 INFO [http-nio-8080-exec-51] org.apache.catalina.core.ApplicationContext.log Manager: list: Listing contexts for virtual host 'localhost'
03-Aug-2019 15:27:40.963 INFO [http-nio-8080-exec-45] org.apache.catalina.core.ApplicationContext.log Manager: stop: Stopping web application '/Project1'
03-Aug-2019 15:27:40.979 INFO [http-nio-8080-exec-51] org.apache.catalina.core.ApplicationContext.log Manager: start: Starting web application '/Project1'
03-Aug-2019 15:28:35.956 INFO [http-nio-8080-exec-56] org.apache.catalina.core.ApplicationContext.log Manager: list: Listing contexts for virtual host 'localhost'
03-Aug-2019 15:28:44.589 INFO [http-nio-8080-exec-48] org.apache.catalina.core.ApplicationContext.log Manager: list: Listing contexts for virtual host 'localhost'
03-Aug-2019 15:28:44.604 INFO [http-nio-8080-exec-44] org.apache.catalina.core.ApplicationContext.log Manager: restart: Reloading web application '/Project1'
03-Aug-2019 15:29:04.741 INFO [http-nio-8080-exec-59] org.apache.catalina.core.ApplicationContext.log Manager: list: Listing contexts for virtual host 'localhost'
03-Aug-2019 15:29:05.788 INFO [http-nio-8080-exec-56] org.apache.catalina.core.ApplicationContext.log Manager: list: Listing contexts for virtual host 'localhost'
03-Aug-2019 15:29:05.803 INFO [http-nio-8080-exec-58] org.apache.catalina.core.ApplicationContext.log Manager: list: Listing contexts for virtual host 'localhost'
03-Aug-2019 15:29:05.803 INFO [http-nio-8080-exec-59] org.apache.catalina.core.ApplicationContext.log Manager: restart: Reloading web application '/Project1'
03-Aug-2019 15:34:45.022 INFO [http-nio-8080-exec-63] org.apache.catalina.core.ApplicationContext.log Manager: list: Listing contexts for virtual host 'localhost'
03-Aug-2019 15:34:45.038 INFO [http-nio-8080-exec-64] org.apache.catalina.core.ApplicationContext.log Manager: restart: Reloading web application '/Project1'
03-Aug-2019 15:34:46.553 INFO [http-nio-8080-exec-64] org.apache.catalina.core.ApplicationContext.log Manager: list: Listing contexts for virtual host 'localhost'
03-Aug-2019 15:34:46.553 INFO [http-nio-8080-exec-61] org.apache.catalina.core.ApplicationContext.log Manager: list: Listing contexts for virtual host 'localhost'
03-Aug-2019 15:34:46.584 INFO [http-nio-8080-exec-69] org.apache.catalina.core.ApplicationContext.log Manager: restart: Reloading web application '/Project1'
03-Aug-2019 15:51:20.129 INFO [http-nio-8080-exec-74] org.apache.catalina.core.ApplicationContext.log Manager: list: Listing contexts for virtual host 'localhost'
03-Aug-2019 15:51:20.145 INFO [http-nio-8080-exec-75] org.apache.catalina.core.ApplicationContext.log Manager: restart: Reloading web application '/Project1'
03-Aug-2019 16:45:37.909 INFO [http-nio-8080-exec-81] org.apache.catalina.core.ApplicationContext.log Manager: list: Listing contexts for virtual host 'localhost'
03-Aug-2019 16:45:37.924 INFO [http-nio-8080-exec-82] org.apache.catalina.core.ApplicationContext.log Manager: stop: Stopping web application '/Project1'
03-Aug-2019 16:45:37.924 INFO [http-nio-8080-exec-89] org.apache.catalina.core.ApplicationContext.log Manager: start: Starting web application '/Project1'
03-Aug-2019 16:45:40.256 INFO [http-nio-8080-exec-83] org.apache.catalina.core.ApplicationContext.log Manager: list: Listing contexts for virtual host 'localhost'
03-Aug-2019 16:45:40.256 INFO [http-nio-8080-exec-90] org.apache.catalina.core.ApplicationContext.log Manager: list: Listing contexts for virtual host 'localhost'
03-Aug-2019 16:45:40.271 INFO [http-nio-8080-exec-91] org.apache.catalina.core.ApplicationContext.log Manager: stop: Stopping web application '/Project1'
03-Aug-2019 16:45:40.271 INFO [http-nio-8080-exec-89] org.apache.catalina.core.ApplicationContext.log Manager: start: Starting web application '/Project1'
03-Aug-2019 16:45:47.444 INFO [http-nio-8080-exec-84] org.apache.catalina.core.ApplicationContext.log Manager: list: Listing contexts for virtual host 'localhost'
03-Aug-2019 16:45:47.444 INFO [http-nio-8080-exec-92] org.apache.catalina.core.ApplicationContext.log Manager: list: Listing contexts for virtual host 'localhost'
03-Aug-2019 16:46:25.354 INFO [http-nio-8080-exec-98] org.apache.catalina.core.ApplicationContext.log Manager: list: Listing contexts for virtual host 'localhost'
03-Aug-2019 16:46:28.597 INFO [http-nio-8080-exec-94] org.apache.catalina.core.ApplicationContext.log Manager: list: Listing contexts for virtual host 'localhost'
03-Aug-2019 16:46:28.597 INFO [http-nio-8080-exec-97] org.apache.catalina.core.ApplicationContext.log Manager: list: Listing contexts for virtual host 'localhost'
03-Aug-2019 16:46:53.169 INFO [http-nio-8080-exec-95] org.apache.catalina.core.ApplicationContext.log Manager: list: Listing contexts for virtual host 'localhost'
03-Aug-2019 16:48:35.042 INFO [http-nio-8080-exec-100] org.apache.catalina.core.ApplicationContext.log Manager: list: Listing contexts for virtual host 'localhost'
03-Aug-2019 16:48:35.048 INFO [http-nio-8080-exec-102] org.apache.catalina.core.ApplicationContext.log Manager: list: Listing contexts for virtual host 'localhost'
03-Aug-2019 16:48:35.058 INFO [http-nio-8080-exec-95] org.apache.catalina.core.ApplicationContext.log Manager: restart: Reloading web application '/Project1'
03-Aug-2019 16:52:54.350 INFO [http-nio-8080-exec-107] org.apache.catalina.core.ApplicationContext.log Manager: list: Listing contexts for virtual host 'localhost'
03-Aug-2019 16:52:54.365 INFO [http-nio-8080-exec-108] org.apache.catalina.core.ApplicationContext.log Manager: restart: Reloading web application '/Project1'
03-Aug-2019 16:53:05.873 INFO [http-nio-8080-exec-113] org.apache.catalina.core.ApplicationContext.log Manager: list: Listing contexts for virtual host 'localhost'
03-Aug-2019 16:53:05.889 INFO [http-nio-8080-exec-105] org.apache.catalina.core.ApplicationContext.log Manager: restart: Reloading web application '/Project1'
03-Aug-2019 16:53:09.111 INFO [http-nio-8080-exec-113] org.apache.catalina.core.ApplicationContext.log Manager: list: Listing contexts for virtual host 'localhost'
03-Aug-2019 16:53:09.126 INFO [http-nio-8080-exec-105] org.apache.catalina.core.ApplicationContext.log Manager: list: Listing contexts for virtual host 'localhost'
03-Aug-2019 16:53:09.126 INFO [http-nio-8080-exec-107] org.apache.catalina.core.ApplicationContext.log Manager: restart: Reloading web application '/Project1'
03-Aug-2019 17:16:37.583 INFO [http-nio-8080-exec-119] org.apache.catalina.core.ApplicationContext.log Manager: list: Listing contexts for virtual host 'localhost'
03-Aug-2019 17:16:55.234 INFO [http-nio-8080-exec-124] org.apache.catalina.core.ApplicationContext.log Manager: list: Listing contexts for virtual host 'localhost'
03-Aug-2019 17:16:55.250 INFO [http-nio-8080-exec-123] org.apache.catalina.core.ApplicationContext.log Manager: stop: Stopping web application '/Project1'
03-Aug-2019 17:16:55.250 INFO [http-nio-8080-exec-124] org.apache.catalina.core.ApplicationContext.log Manager: start: Starting web application '/Project1'
03-Aug-2019 17:17:59.565 INFO [http-nio-8080-exec-126] org.apache.catalina.core.ApplicationContext.log Manager: list: Listing contexts for virtual host 'localhost'
03-Aug-2019 17:17:59.581 INFO [http-nio-8080-exec-119] org.apache.catalina.core.ApplicationContext.log Manager: restart: Reloading web application '/Project1'
03-Aug-2019 17:18:17.962 INFO [http-nio-8080-exec-130] org.apache.catalina.core.ApplicationContext.log Manager: list: Listing contexts for virtual host 'localhost'
03-Aug-2019 17:18:17.977 INFO [http-nio-8080-exec-121] org.apache.catalina.core.ApplicationContext.log Manager: restart: Reloading web application '/Project1'
03-Aug-2019 17:18:24.657 INFO [http-nio-8080-exec-128] org.apache.catalina.core.ApplicationContext.log Manager: list: Listing contexts for virtual host 'localhost'
03-Aug-2019 17:18:24.672 INFO [http-nio-8080-exec-119] org.apache.catalina.core.ApplicationContext.log Manager: restart: Reloading web application '/Project1'
03-Aug-2019 17:19:25.763 INFO [http-nio-8080-exec-126] org.apache.catalina.core.ApplicationContext.log Manager: list: Listing contexts for virtual host 'localhost'
03-Aug-2019 17:19:46.936 INFO [http-nio-8080-exec-131] org.apache.catalina.core.ApplicationContext.log Manager: list: Listing contexts for virtual host 'localhost'
03-Aug-2019 17:19:46.951 INFO [http-nio-8080-exec-127] org.apache.catalina.core.ApplicationContext.log Manager: restart: Reloading web application '/Project1'
03-Aug-2019 17:19:48.591 INFO [http-nio-8080-exec-119] org.apache.catalina.core.ApplicationContext.log Manager: list: Listing contexts for virtual host 'localhost'
03-Aug-2019 17:19:48.591 INFO [http-nio-8080-exec-126] org.apache.catalina.core.ApplicationContext.log Manager: list: Listing contexts for virtual host 'localhost'
03-Aug-2019 17:19:48.591 INFO [http-nio-8080-exec-129] org.apache.catalina.core.ApplicationContext.log Manager: stop: Stopping web application '/Project1'
03-Aug-2019 17:19:48.607 INFO [http-nio-8080-exec-133] org.apache.catalina.core.ApplicationContext.log Manager: start: Starting web application '/Project1'
03-Aug-2019 17:20:53.092 INFO [http-nio-8080-exec-138] org.apache.catalina.core.ApplicationContext.log Manager: list: Listing contexts for virtual host 'localhost'
03-Aug-2019 17:20:55.646 INFO [http-nio-8080-exec-133] org.apache.catalina.core.ApplicationContext.log Manager: list: Listing contexts for virtual host 'localhost'
03-Aug-2019 17:20:55.646 INFO [http-nio-8080-exec-140] org.apache.catalina.core.ApplicationContext.log Manager: list: Listing contexts for virtual host 'localhost'
03-Aug-2019 17:21:47.331 INFO [http-nio-8080-exec-135] org.apache.catalina.core.ApplicationContext.log Manager: list: Listing contexts for virtual host 'localhost'
03-Aug-2019 17:21:49.493 INFO [http-nio-8080-exec-142] org.apache.catalina.core.ApplicationContext.log Manager: list: Listing contexts for virtual host 'localhost'
03-Aug-2019 17:21:49.493 INFO [http-nio-8080-exec-144] org.apache.catalina.core.ApplicationContext.log Manager: list: Listing contexts for virtual host 'localhost'
03-Aug-2019 17:22:31.883 INFO [http-nio-8080-exec-137] org.apache.catalina.core.ApplicationContext.log Manager: list: Listing contexts for virtual host 'localhost'
03-Aug-2019 17:22:31.899 INFO [http-nio-8080-exec-145] org.apache.catalina.core.ApplicationContext.log Manager: stop: Stopping web application '/Project1'
03-Aug-2019 17:22:31.899 INFO [http-nio-8080-exec-137] org.apache.catalina.core.ApplicationContext.log Manager: start: Starting web application '/Project1'
03-Aug-2019 17:22:32.883 INFO [http-nio-8080-exec-139] org.apache.catalina.core.ApplicationContext.log Manager: list: Listing contexts for virtual host 'localhost'
03-Aug-2019 17:22:32.883 INFO [http-nio-8080-exec-143] org.apache.catalina.core.ApplicationContext.log Manager: list: Listing contexts for virtual host 'localhost'
03-Aug-2019 17:22:32.883 INFO [http-nio-8080-exec-137] org.apache.catalina.core.ApplicationContext.log Manager: stop: Stopping web application '/Project1'
03-Aug-2019 17:22:32.898 INFO [http-nio-8080-exec-138] org.apache.catalina.core.ApplicationContext.log Manager: start: Starting web application '/Project1'
03-Aug-2019 17:32:25.905 INFO [http-nio-8080-exec-153] org.apache.catalina.core.ApplicationContext.log Manager: list: Listing contexts for virtual host 'localhost'
03-Aug-2019 17:32:25.905 INFO [http-nio-8080-exec-152] org.apache.catalina.core.ApplicationContext.log Manager: list: Listing contexts for virtual host 'localhost'
03-Aug-2019 17:59:01.508 INFO [http-nio-8080-exec-149] org.apache.catalina.core.ApplicationContext.log Manager: list: Listing contexts for virtual host 'localhost'
03-Aug-2019 18:40:18.641 INFO [http-nio-8080-exec-155] org.apache.catalina.core.ApplicationContext.log Manager: list: Listing contexts for virtual host 'localhost'
03-Aug-2019 18:40:18.641 INFO [http-nio-8080-exec-148] org.apache.catalina.core.ApplicationContext.log Manager: restart: Reloading web application '/Project1'
03-Aug-2019 18:45:54.586 INFO [http-nio-8080-exec-158] org.apache.catalina.core.ApplicationContext.log Manager: list: Listing contexts for virtual host 'localhost'
03-Aug-2019 18:46:04.052 INFO [http-nio-8080-exec-156] org.apache.catalina.core.ApplicationContext.log Manager: list: Listing contexts for virtual host 'localhost'
03-Aug-2019 18:46:04.052 INFO [http-nio-8080-exec-158] org.apache.catalina.core.ApplicationContext.log Manager: list: Listing contexts for virtual host 'localhost'
03-Aug-2019 18:46:04.068 INFO [http-nio-8080-exec-159] org.apache.catalina.core.ApplicationContext.log Manager: restart: Reloading web application '/Project1'
03-Aug-2019 18:48:08.024 INFO [http-nio-8080-exec-168] org.apache.catalina.core.ApplicationContext.log Manager: list: Listing contexts for virtual host 'localhost'
03-Aug-2019 18:48:08.039 INFO [http-nio-8080-exec-169] org.apache.catalina.core.ApplicationContext.log Manager: stop: Stopping web application '/Project1'
03-Aug-2019 18:48:08.055 INFO [http-nio-8080-exec-168] org.apache.catalina.core.ApplicationContext.log Manager: start: Starting web application '/Project1'
03-Aug-2019 18:49:57.441 INFO [http-nio-8080-exec-166] org.apache.catalina.core.ApplicationContext.log Manager: list: Listing contexts for virtual host 'localhost'
03-Aug-2019 18:49:57.456 INFO [http-nio-8080-exec-173] org.apache.catalina.core.ApplicationContext.log Manager: stop: Stopping web application '/Project1'
03-Aug-2019 18:49:57.456 INFO [http-nio-8080-exec-168] org.apache.catalina.core.ApplicationContext.log Manager: start: Starting web application '/Project1'
03-Aug-2019 18:51:13.077 INFO [http-nio-8080-exec-159] org.apache.catalina.core.ApplicationContext.log Manager: list: Listing contexts for virtual host 'localhost'
03-Aug-2019 18:51:13.093 INFO [http-nio-8080-exec-172] org.apache.catalina.core.ApplicationContext.log Manager: stop: Stopping web application '/Project1'
03-Aug-2019 18:51:13.093 INFO [http-nio-8080-exec-161] org.apache.catalina.core.ApplicationContext.log Manager: start: Starting web application '/Project1'
03-Aug-2019 18:51:26.806 INFO [http-nio-8080-exec-159] org.apache.catalina.core.ApplicationContext.log Manager: list: Listing contexts for virtual host 'localhost'
03-Aug-2019 18:51:30.266 INFO [http-nio-8080-exec-159] org.apache.catalina.core.ApplicationContext.log Manager: list: Listing contexts for virtual host 'localhost'
03-Aug-2019 18:51:30.281 INFO [http-nio-8080-exec-174] org.apache.catalina.core.ApplicationContext.log Manager: list: Listing contexts for virtual host 'localhost'
03-Aug-2019 18:51:30.281 INFO [http-nio-8080-exec-172] org.apache.catalina.core.ApplicationContext.log Manager: stop: Stopping web application '/Project1'
03-Aug-2019 18:51:30.297 INFO [http-nio-8080-exec-172] org.apache.catalina.core.ApplicationContext.log Manager: start: Starting web application '/Project1'
03-Aug-2019 18:57:42.853 INFO [http-nio-8080-exec-181] org.apache.catalina.core.ApplicationContext.log Manager: list: Listing contexts for virtual host 'localhost'
03-Aug-2019 18:57:42.869 INFO [http-nio-8080-exec-180] org.apache.catalina.core.ApplicationContext.log Manager: restart: Reloading web application '/Project1'
03-Aug-2019 19:02:01.729 INFO [http-nio-8080-exec-190] org.apache.catalina.core.ApplicationContext.log Manager: list: Listing contexts for virtual host 'localhost'
03-Aug-2019 19:02:01.744 INFO [http-nio-8080-exec-191] org.apache.catalina.core.ApplicationContext.log Manager: restart: Reloading web application '/Project1'
03-Aug-2019 19:02:05.178 INFO [http-nio-8080-exec-191] org.apache.catalina.core.ApplicationContext.log Manager: list: Listing contexts for virtual host 'localhost'
03-Aug-2019 19:02:05.178 INFO [http-nio-8080-exec-192] org.apache.catalina.core.ApplicationContext.log Manager: list: Listing contexts for virtual host 'localhost'
03-Aug-2019 19:02:05.178 INFO [http-nio-8080-exec-188] org.apache.catalina.core.ApplicationContext.log Manager: restart: Reloading web application '/Project1'
03-Aug-2019 19:03:42.878 INFO [http-nio-8080-exec-191] org.apache.catalina.core.ApplicationContext.log Manager: list: Listing contexts for virtual host 'localhost'
03-Aug-2019 19:03:42.878 INFO [http-nio-8080-exec-199] org.apache.catalina.core.ApplicationContext.log Manager: restart: Reloading web application '/Project1'
03-Aug-2019 19:03:45.878 INFO [http-nio-8080-exec-196] org.apache.catalina.core.ApplicationContext.log Manager: list: Listing contexts for virtual host 'localhost'
03-Aug-2019 19:03:45.878 INFO [http-nio-8080-exec-197] org.apache.catalina.core.ApplicationContext.log Manager: list: Listing contexts for virtual host 'localhost'
03-Aug-2019 19:03:45.893 INFO [http-nio-8080-exec-188] org.apache.catalina.core.ApplicationContext.log Manager: restart: Reloading web application '/Project1'
03-Aug-2019 19:04:11.767 INFO [http-nio-8080-exec-191] org.apache.catalina.core.ApplicationContext.log Manager: list: Listing contexts for virtual host 'localhost'
03-Aug-2019 19:04:11.767 INFO [http-nio-8080-exec-188] org.apache.catalina.core.ApplicationContext.log Manager: list: Listing contexts for virtual host 'localhost'
03-Aug-2019 19:04:19.608 INFO [http-nio-8080-exec-197] org.apache.catalina.core.ApplicationContext.log Manager: list: Listing contexts for virtual host 'localhost'
03-Aug-2019 19:04:19.608 INFO [http-nio-8080-exec-201] org.apache.catalina.core.ApplicationContext.log Manager: list: Listing contexts for virtual host 'localhost'
03-Aug-2019 19:07:18.174 INFO [http-nio-8080-exec-203] org.apache.catalina.core.ApplicationContext.log Manager: list: Listing contexts for virtual host 'localhost'
03-Aug-2019 19:07:18.190 INFO [http-nio-8080-exec-204] org.apache.catalina.core.ApplicationContext.log Manager: restart: Reloading web application '/Project1'
03-Aug-2019 19:16:52.560 INFO [http-nio-8080-exec-215] org.apache.catalina.core.ApplicationContext.log Manager: list: Listing contexts for virtual host 'localhost'
03-Aug-2019 19:16:52.560 INFO [http-nio-8080-exec-216] org.apache.catalina.core.ApplicationContext.log Manager: list: Listing contexts for virtual host 'localhost'
03-Aug-2019 19:16:52.576 INFO [http-nio-8080-exec-218] org.apache.catalina.core.ApplicationContext.log Manager: restart: Reloading web application '/Project1'
