23-Aug-2019 14:25:51.540 INFO [http-nio-8080-exec-8] org.apache.catalina.core.ApplicationContext.log Manager: init: Associated with Deployer 'Catalina:type=Deployer,host=localhost'
23-Aug-2019 14:25:51.540 INFO [http-nio-8080-exec-8] org.apache.catalina.core.ApplicationContext.log Manager: init: Global resources are available
23-Aug-2019 14:33:40.233 INFO [http-nio-8080-exec-11] org.apache.catalina.core.ApplicationContext.log Manager: list: Listing contexts for virtual host 'localhost'
23-Aug-2019 14:33:40.420 INFO [http-nio-8080-exec-7] org.apache.catalina.core.ApplicationContext.log Manager: list: Listing contexts for virtual host 'localhost'
23-Aug-2019 14:33:40.467 INFO [http-nio-8080-exec-14] org.apache.catalina.core.ApplicationContext.log Manager: install: Installing context configuration at 'file:/C:/Users/ADMIN~1/AppData/Local/Temp/context3295995191964324514.xml'
23-Aug-2019 14:33:41.623 INFO [http-nio-8080-exec-5] org.apache.catalina.core.ApplicationContext.log Manager: start: Starting web application '/Hibernet'
23-Aug-2019 14:49:05.745 INFO [http-nio-8080-exec-3] org.apache.catalina.core.ApplicationContext.log Manager: list: Listing contexts for virtual host 'localhost'
23-Aug-2019 14:49:05.745 INFO [http-nio-8080-exec-5] org.apache.catalina.core.ApplicationContext.log Manager: list: Listing contexts for virtual host 'localhost'
23-Aug-2019 15:02:25.680 INFO [http-nio-8080-exec-7] org.apache.catalina.core.ApplicationContext.log Manager: list: Listing contexts for virtual host 'localhost'
23-Aug-2019 15:02:25.680 INFO [http-nio-8080-exec-5] org.apache.catalina.core.ApplicationContext.log Manager: list: Listing contexts for virtual host 'localhost'
23-Aug-2019 15:07:52.760 INFO [http-nio-8080-exec-2] org.apache.catalina.core.ApplicationContext.log Manager: list: Listing contexts for virtual host 'localhost'
23-Aug-2019 15:07:52.775 INFO [http-nio-8080-exec-8] org.apache.catalina.core.ApplicationContext.log Manager: list: Listing contexts for virtual host 'localhost'
23-Aug-2019 15:07:52.791 INFO [http-nio-8080-exec-7] org.apache.catalina.core.ApplicationContext.log Manager: restart: Reloading web application '/Hibernet'
23-Aug-2019 15:12:12.382 INFO [http-nio-8080-exec-17] org.apache.catalina.core.ApplicationContext.log Manager: list: Listing contexts for virtual host 'localhost'
23-Aug-2019 15:12:12.382 INFO [http-nio-8080-exec-18] org.apache.catalina.core.ApplicationContext.log Manager: restart: Reloading web application '/Hibernet'
23-Aug-2019 15:12:20.889 INFO [http-nio-8080-exec-19] org.apache.catalina.core.ApplicationContext.log Manager: list: Listing contexts for virtual host 'localhost'
23-Aug-2019 15:12:20.905 INFO [http-nio-8080-exec-25] org.apache.catalina.core.ApplicationContext.log Manager: list: Listing contexts for virtual host 'localhost'
23-Aug-2019 15:12:20.921 INFO [http-nio-8080-exec-21] org.apache.catalina.core.ApplicationContext.log Manager: restart: Reloading web application '/Hibernet'
23-Aug-2019 15:17:32.195 INFO [http-nio-8080-exec-31] org.apache.catalina.core.ApplicationContext.log Manager: list: Listing contexts for virtual host 'localhost'
23-Aug-2019 15:17:32.195 INFO [http-nio-8080-exec-33] org.apache.catalina.core.ApplicationContext.log Manager: list: Listing contexts for virtual host 'localhost'
23-Aug-2019 15:17:48.651 INFO [http-nio-8080-exec-29] org.apache.catalina.core.ApplicationContext.log Manager: list: Listing contexts for virtual host 'localhost'
23-Aug-2019 15:17:48.667 INFO [http-nio-8080-exec-31] org.apache.catalina.core.ApplicationContext.log Manager: list: Listing contexts for virtual host 'localhost'
23-Aug-2019 15:18:18.157 INFO [http-nio-8080-exec-34] org.apache.catalina.core.ApplicationContext.log Manager: list: Listing contexts for virtual host 'localhost'
23-Aug-2019 15:18:18.173 INFO [http-nio-8080-exec-27] org.apache.catalina.core.ApplicationContext.log Manager: restart: Reloading web application '/Hibernet'
23-Aug-2019 15:21:27.180 INFO [http-nio-8080-exec-43] org.apache.catalina.core.ApplicationContext.log Manager: list: Listing contexts for virtual host 'localhost'
23-Aug-2019 15:21:27.227 INFO [http-nio-8080-exec-37] org.apache.catalina.core.ApplicationContext.log Manager: restart: Reloading web application '/Hibernet'
23-Aug-2019 15:21:28.586 INFO [http-nio-8080-exec-28] org.apache.catalina.core.ApplicationContext.log Manager: list: Listing contexts for virtual host 'localhost'
23-Aug-2019 15:21:28.586 INFO [http-nio-8080-exec-40] org.apache.catalina.core.ApplicationContext.log Manager: restart: Reloading web application '/Hibernet'
23-Aug-2019 15:21:30.601 INFO [http-nio-8080-exec-46] org.apache.catalina.core.ApplicationContext.log Manager: list: Listing contexts for virtual host 'localhost'
23-Aug-2019 15:21:30.617 INFO [http-nio-8080-exec-38] org.apache.catalina.core.ApplicationContext.log Manager: restart: Reloading web application '/Hibernet'
23-Aug-2019 15:21:33.578 INFO [http-nio-8080-exec-45] org.apache.catalina.core.ApplicationContext.log Manager: list: Listing contexts for virtual host 'localhost'
23-Aug-2019 15:21:33.578 INFO [http-nio-8080-exec-46] org.apache.catalina.core.ApplicationContext.log Manager: list: Listing contexts for virtual host 'localhost'
23-Aug-2019 15:21:33.594 INFO [http-nio-8080-exec-41] org.apache.catalina.core.ApplicationContext.log Manager: restart: Reloading web application '/Hibernet'
23-Aug-2019 15:29:09.079 INFO [http-nio-8080-exec-53] org.apache.catalina.core.ApplicationContext.log Manager: list: Listing contexts for virtual host 'localhost'
23-Aug-2019 15:29:09.095 INFO [http-nio-8080-exec-54] org.apache.catalina.core.ApplicationContext.log Manager: restart: Reloading web application '/Hibernet'
23-Aug-2019 15:29:11.641 INFO [http-nio-8080-exec-52] org.apache.catalina.core.ApplicationContext.log Manager: list: Listing contexts for virtual host 'localhost'
23-Aug-2019 15:29:11.657 INFO [http-nio-8080-exec-59] org.apache.catalina.core.ApplicationContext.log Manager: list: Listing contexts for virtual host 'localhost'
23-Aug-2019 15:29:11.672 INFO [http-nio-8080-exec-50] org.apache.catalina.core.ApplicationContext.log Manager: restart: Reloading web application '/Hibernet'
23-Aug-2019 15:31:54.549 INFO [http-nio-8080-exec-63] org.apache.catalina.core.ApplicationContext.log Manager: list: Listing contexts for virtual host 'localhost'
23-Aug-2019 15:31:54.549 INFO [http-nio-8080-exec-64] org.apache.catalina.core.ApplicationContext.log Manager: restart: Reloading web application '/Hibernet'
23-Aug-2019 15:31:56.755 INFO [http-nio-8080-exec-63] org.apache.catalina.core.ApplicationContext.log Manager: list: Listing contexts for virtual host 'localhost'
23-Aug-2019 15:31:56.755 INFO [http-nio-8080-exec-68] org.apache.catalina.core.ApplicationContext.log Manager: list: Listing contexts for virtual host 'localhost'
23-Aug-2019 15:31:56.771 INFO [http-nio-8080-exec-61] org.apache.catalina.core.ApplicationContext.log Manager: restart: Reloading web application '/Hibernet'
23-Aug-2019 15:32:17.441 INFO [http-nio-8080-exec-68] org.apache.catalina.core.ApplicationContext.log Manager: list: Listing contexts for virtual host 'localhost'
23-Aug-2019 15:32:17.456 INFO [http-nio-8080-exec-55] org.apache.catalina.core.ApplicationContext.log Manager: restart: Reloading web application '/Hibernet'
23-Aug-2019 15:32:20.462 INFO [http-nio-8080-exec-65] org.apache.catalina.core.ApplicationContext.log Manager: list: Listing contexts for virtual host 'localhost'
23-Aug-2019 15:32:20.462 INFO [http-nio-8080-exec-68] org.apache.catalina.core.ApplicationContext.log Manager: list: Listing contexts for virtual host 'localhost'
23-Aug-2019 15:32:20.477 INFO [http-nio-8080-exec-74] org.apache.catalina.core.ApplicationContext.log Manager: restart: Reloading web application '/Hibernet'
23-Aug-2019 15:34:47.963 INFO [http-nio-8080-exec-71] org.apache.catalina.core.ApplicationContext.log Manager: list: Listing contexts for virtual host 'localhost'
23-Aug-2019 15:34:47.963 INFO [http-nio-8080-exec-79] org.apache.catalina.core.ApplicationContext.log Manager: restart: Reloading web application '/Hibernet'
23-Aug-2019 15:34:49.589 INFO [http-nio-8080-exec-66] org.apache.catalina.core.ApplicationContext.log Manager: list: Listing contexts for virtual host 'localhost'
23-Aug-2019 15:34:49.589 INFO [http-nio-8080-exec-83] org.apache.catalina.core.ApplicationContext.log Manager: restart: Reloading web application '/Hibernet'
23-Aug-2019 15:34:59.324 INFO [http-nio-8080-exec-80] org.apache.catalina.core.ApplicationContext.log Manager: list: Listing contexts for virtual host 'localhost'
23-Aug-2019 15:34:59.327 INFO [http-nio-8080-exec-86] org.apache.catalina.core.ApplicationContext.log Manager: list: Listing contexts for virtual host 'localhost'
23-Aug-2019 15:34:59.344 INFO [http-nio-8080-exec-88] org.apache.catalina.core.ApplicationContext.log Manager: restart: Reloading web application '/Hibernet'
23-Aug-2019 15:36:03.896 INFO [http-nio-8080-exec-93] org.apache.catalina.core.ApplicationContext.log Manager: list: Listing contexts for virtual host 'localhost'
23-Aug-2019 15:36:03.911 INFO [http-nio-8080-exec-92] org.apache.catalina.core.ApplicationContext.log Manager: restart: Reloading web application '/Hibernet'
23-Aug-2019 15:36:06.975 INFO [http-nio-8080-exec-84] org.apache.catalina.core.ApplicationContext.log Manager: list: Listing contexts for virtual host 'localhost'
23-Aug-2019 15:36:06.975 INFO [http-nio-8080-exec-80] org.apache.catalina.core.ApplicationContext.log Manager: list: Listing contexts for virtual host 'localhost'
23-Aug-2019 15:36:06.991 INFO [http-nio-8080-exec-95] org.apache.catalina.core.ApplicationContext.log Manager: restart: Reloading web application '/Hibernet'
23-Aug-2019 17:19:04.189 INFO [http-nio-8080-exec-100] org.apache.catalina.core.ApplicationContext.log Manager: list: Listing contexts for virtual host 'localhost'
23-Aug-2019 17:23:27.532 INFO [http-nio-8080-exec-106] org.apache.catalina.core.ApplicationContext.log Manager: list: Listing contexts for virtual host 'localhost'
23-Aug-2019 17:45:12.803 INFO [http-nio-8080-exec-103] org.apache.catalina.core.ApplicationContext.log Manager: list: Listing contexts for virtual host 'localhost'
23-Aug-2019 17:59:13.159 INFO [http-nio-8080-exec-102] org.apache.catalina.core.ApplicationContext.log Manager: list: Listing contexts for virtual host 'localhost'
23-Aug-2019 17:59:13.164 INFO [http-nio-8080-exec-99] org.apache.catalina.core.ApplicationContext.log Manager: restart: Reloading web application '/Hibernet'
23-Aug-2019 17:59:47.213 INFO [http-nio-8080-exec-101] org.apache.catalina.core.ApplicationContext.log Manager: list: Listing contexts for virtual host 'localhost'
23-Aug-2019 17:59:47.219 INFO [http-nio-8080-exec-105] org.apache.catalina.core.ApplicationContext.log Manager: restart: Reloading web application '/Hibernet'
23-Aug-2019 18:00:08.028 INFO [http-nio-8080-exec-101] org.apache.catalina.core.ApplicationContext.log Manager: list: Listing contexts for virtual host 'localhost'
23-Aug-2019 18:00:08.033 INFO [http-nio-8080-exec-108] org.apache.catalina.core.ApplicationContext.log Manager: restart: Reloading web application '/Hibernet'
23-Aug-2019 18:01:41.097 INFO [http-nio-8080-exec-106] org.apache.catalina.core.ApplicationContext.log Manager: list: Listing contexts for virtual host 'localhost'
23-Aug-2019 18:01:41.103 INFO [http-nio-8080-exec-116] org.apache.catalina.core.ApplicationContext.log Manager: restart: Reloading web application '/Hibernet'
23-Aug-2019 18:02:55.077 INFO [http-nio-8080-exec-113] org.apache.catalina.core.ApplicationContext.log Manager: list: Listing contexts for virtual host 'localhost'
23-Aug-2019 18:02:55.082 INFO [http-nio-8080-exec-106] org.apache.catalina.core.ApplicationContext.log Manager: restart: Reloading web application '/Hibernet'
23-Aug-2019 18:02:58.290 INFO [http-nio-8080-exec-119] org.apache.catalina.core.ApplicationContext.log Manager: list: Listing contexts for virtual host 'localhost'
23-Aug-2019 18:02:58.293 INFO [http-nio-8080-exec-120] org.apache.catalina.core.ApplicationContext.log Manager: list: Listing contexts for virtual host 'localhost'
23-Aug-2019 18:02:58.313 INFO [http-nio-8080-exec-121] org.apache.catalina.core.ApplicationContext.log Manager: restart: Reloading web application '/Hibernet'
23-Aug-2019 18:03:12.726 INFO [http-nio-8080-exec-122] org.apache.catalina.core.ApplicationContext.log Manager: list: Listing contexts for virtual host 'localhost'
23-Aug-2019 18:03:13.920 INFO [http-nio-8080-exec-124] org.apache.catalina.core.ApplicationContext.log Manager: list: Listing contexts for virtual host 'localhost'
23-Aug-2019 18:03:13.922 INFO [http-nio-8080-exec-125] org.apache.catalina.core.ApplicationContext.log Manager: list: Listing contexts for virtual host 'localhost'
23-Aug-2019 18:05:50.640 INFO [http-nio-8080-exec-123] org.apache.catalina.core.ApplicationContext.log Manager: list: Listing contexts for virtual host 'localhost'
23-Aug-2019 18:06:30.359 INFO [http-nio-8080-exec-115] org.apache.catalina.core.ApplicationContext.log Manager: list: Listing contexts for virtual host 'localhost'
23-Aug-2019 18:06:30.361 INFO [http-nio-8080-exec-127] org.apache.catalina.core.ApplicationContext.log Manager: list: Listing contexts for virtual host 'localhost'
23-Aug-2019 18:06:39.189 INFO [http-nio-8080-exec-128] org.apache.catalina.core.ApplicationContext.log Manager: list: Listing contexts for virtual host 'localhost'
23-Aug-2019 18:06:40.766 INFO [http-nio-8080-exec-129] org.apache.catalina.core.ApplicationContext.log Manager: list: Listing contexts for virtual host 'localhost'
23-Aug-2019 18:06:40.768 INFO [http-nio-8080-exec-126] org.apache.catalina.core.ApplicationContext.log Manager: list: Listing contexts for virtual host 'localhost'
23-Aug-2019 18:07:30.732 INFO [http-nio-8080-exec-123] org.apache.catalina.core.ApplicationContext.log Manager: list: Listing contexts for virtual host 'localhost'
23-Aug-2019 18:07:30.734 INFO [http-nio-8080-exec-125] org.apache.catalina.core.ApplicationContext.log Manager: list: Listing contexts for virtual host 'localhost'
23-Aug-2019 18:11:20.509 INFO [http-nio-8080-exec-130] org.apache.catalina.core.ApplicationContext.log Manager: list: Listing contexts for virtual host 'localhost'
23-Aug-2019 18:11:20.514 INFO [http-nio-8080-exec-127] org.apache.catalina.core.ApplicationContext.log Manager: restart: Reloading web application '/Hibernet'
23-Aug-2019 18:11:21.544 INFO [http-nio-8080-exec-130] org.apache.catalina.core.ApplicationContext.log Manager: list: Listing contexts for virtual host 'localhost'
23-Aug-2019 18:11:21.547 INFO [http-nio-8080-exec-125] org.apache.catalina.core.ApplicationContext.log Manager: list: Listing contexts for virtual host 'localhost'
23-Aug-2019 18:11:21.949 INFO [http-nio-8080-exec-124] org.apache.catalina.core.ApplicationContext.log Manager: restart: Reloading web application '/Hibernet'
23-Aug-2019 18:36:23.703 INFO [http-nio-8080-exec-136] org.apache.catalina.core.ApplicationContext.log Manager: list: Listing contexts for virtual host 'localhost'
23-Aug-2019 18:39:30.588 INFO [http-nio-8080-exec-140] org.apache.catalina.core.ApplicationContext.log Manager: list: Listing contexts for virtual host 'localhost'
23-Aug-2019 18:39:31.277 INFO [http-nio-8080-exec-143] org.apache.catalina.core.ApplicationContext.log Manager: list: Listing contexts for virtual host 'localhost'
23-Aug-2019 18:39:31.282 INFO [http-nio-8080-exec-142] org.apache.catalina.core.ApplicationContext.log Manager: restart: Reloading web application '/Hibernet'
23-Aug-2019 18:53:08.123 INFO [http-nio-8080-exec-146] org.apache.catalina.core.ApplicationContext.log Manager: list: Listing contexts for virtual host 'localhost'
23-Aug-2019 18:53:08.129 INFO [http-nio-8080-exec-147] org.apache.catalina.core.ApplicationContext.log Manager: restart: Reloading web application '/Hibernet'
23-Aug-2019 18:54:08.384 INFO [http-nio-8080-exec-146] org.apache.catalina.core.ApplicationContext.log Manager: list: Listing contexts for virtual host 'localhost'
23-Aug-2019 18:54:08.830 INFO [http-nio-8080-exec-145] org.apache.catalina.core.ApplicationContext.log Manager: list: Listing contexts for virtual host 'localhost'
23-Aug-2019 18:54:08.834 INFO [http-nio-8080-exec-152] org.apache.catalina.core.ApplicationContext.log Manager: restart: Reloading web application '/Hibernet'
23-Aug-2019 18:54:55.065 INFO [http-nio-8080-exec-158] org.apache.catalina.core.ApplicationContext.log Manager: list: Listing contexts for virtual host 'localhost'
23-Aug-2019 18:54:55.071 INFO [http-nio-8080-exec-144] org.apache.catalina.core.ApplicationContext.log Manager: restart: Reloading web application '/Hibernet'
23-Aug-2019 18:55:48.651 INFO [http-nio-8080-exec-158] org.apache.catalina.core.ApplicationContext.log Manager: list: Listing contexts for virtual host 'localhost'
23-Aug-2019 18:55:54.507 INFO [http-nio-8080-exec-160] org.apache.catalina.core.ApplicationContext.log Manager: list: Listing contexts for virtual host 'localhost'
23-Aug-2019 18:55:54.509 INFO [http-nio-8080-exec-158] org.apache.catalina.core.ApplicationContext.log Manager: list: Listing contexts for virtual host 'localhost'
23-Aug-2019 18:55:54.527 INFO [http-nio-8080-exec-157] org.apache.catalina.core.ApplicationContext.log Manager: restart: Reloading web application '/Hibernet'
23-Aug-2019 18:56:19.371 INFO [http-nio-8080-exec-164] org.apache.catalina.core.ApplicationContext.log Manager: list: Listing contexts for virtual host 'localhost'
23-Aug-2019 18:56:21.164 INFO [http-nio-8080-exec-168] org.apache.catalina.core.ApplicationContext.log Manager: list: Listing contexts for virtual host 'localhost'
23-Aug-2019 18:56:21.166 INFO [http-nio-8080-exec-164] org.apache.catalina.core.ApplicationContext.log Manager: list: Listing contexts for virtual host 'localhost'
23-Aug-2019 18:57:08.704 INFO [http-nio-8080-exec-167] org.apache.catalina.core.ApplicationContext.log Manager: list: Listing contexts for virtual host 'localhost'
23-Aug-2019 18:57:08.709 INFO [http-nio-8080-exec-171] org.apache.catalina.core.ApplicationContext.log Manager: restart: Reloading web application '/Hibernet'
23-Aug-2019 18:57:11.992 INFO [http-nio-8080-exec-163] org.apache.catalina.core.ApplicationContext.log Manager: list: Listing contexts for virtual host 'localhost'
23-Aug-2019 18:57:11.994 INFO [http-nio-8080-exec-170] org.apache.catalina.core.ApplicationContext.log Manager: list: Listing contexts for virtual host 'localhost'
23-Aug-2019 18:57:12.009 INFO [http-nio-8080-exec-172] org.apache.catalina.core.ApplicationContext.log Manager: restart: Reloading web application '/Hibernet'
23-Aug-2019 19:03:25.396 INFO [http-nio-8080-exec-182] org.apache.catalina.core.ApplicationContext.log Manager: list: Listing contexts for virtual host 'localhost'
23-Aug-2019 19:03:25.399 INFO [http-nio-8080-exec-178] org.apache.catalina.core.ApplicationContext.log Manager: list: Listing contexts for virtual host 'localhost'
